T1E78 8432:550 SEGGER J-Link V4.98e Log File (0001ms, 44468ms total)
T1E78 8432:550 DLL Compiled: May  5 2015 11:00:52 (0001ms, 44468ms total)
T1E78 8432:550 Logging started @ 2016-08-24 18:08 (0001ms, 44468ms total)
T1E78 8432:560 JLINK_ExecCommand("Device = AT91SAM4SD32C", ...)Device "ATSAM4SD32C" selected.  returns 0x00 (0001ms, 44469ms total)
T1E78 8432:574 JLINK_ExecCommand("ProjectFile = T:\12.03287-5\entregas\20-UART\20-UART\jlink.config", ...)  returns 0x00 (0001ms, 44470ms total)
T1E78 8432:583 JLINK_ExecCommand("Device = AT91SAM4SD32C", ...)Device "ATSAM4SD32C" selected.  returns 0x00 (0000ms, 44470ms total)
T1E78 8432:583 JLINK_TIF_Select(JLINKARM_TIF_JTAG)  returns 0x00 (0007ms, 44477ms total)
T1E78 8432:590 JLINK_GetIdData(...) >0x2F8 JTAG>TotalIRLen = 4, IRPrint = 0x01 >0x30 JTAG> >0x210 JTAG> >0x70 JTAG> >0x40 JTAG> >0x40 JTAG> >0x40 JTAG> >0x48 JTAG> >0x78 JTAG> >0x40 JTAG> >0x30 JTAG> >0x40 JTAG> >0x40 JTAG> >0x30 JTAG> >0x40 JTAG> >0x48 JTAG>Found Cortex-M4 r0p1, Little endian. -- CPU_WriteMem(4 bytes @ 0xE0002000) -- CPU_ReadMem(4 bytes @ 0xE000EDF0) -- CPU_ReadMem(4 bytes @ 0xE0002000)FPUnit: 6 code (BP) slots and 2 literal slots -- CPU_ReadMem(4 bytes @ 0xE000EDFC)
 -- CPU_ReadMem(4 bytes @ 0xE0001000) -- CPU_WriteMem(4 bytes @ 0xE0001000) -- CPU_ReadMem(4 bytes @ 0xE000ED88) -- CPU_WriteMem(4 bytes @ 0xE000ED88) -- CPU_ReadMem(4 bytes @ 0xE000ED88) -- CPU_WriteMem(4 bytes @ 0xE000ED88)CoreSight components:ROMTbl 0 @ E00FF000 -- CPU_ReadMem(16 bytes @ 0xE00FF000) -- CPU_ReadMem(16 bytes @ 0xE000EFF0) -- CPU_ReadMem(16 bytes @ 0xE000EFE0)ROMTbl 0 [0]: FFF0F000, CID: B105E00D, PID: 000BB000 SCS -- CPU_ReadMem(16 bytes @ 0xE0001FF0)
 -- CPU_ReadMem(16 bytes @ 0xE0001FE0)ROMTbl 0 [1]: FFF02000, CID: B105E00D, PID: 003BB002 DWT -- CPU_ReadMem(16 bytes @ 0xE0002FF0) -- CPU_ReadMem(16 bytes @ 0xE0002FE0)ROMTbl 0 [2]: FFF03000, CID: B105E00D, PID: 002BB003 FPB -- CPU_ReadMem(16 bytes @ 0xE0000FF0) -- CPU_ReadMem(16 bytes @ 0xE0000FE0)ROMTbl 0 [3]: FFF01000, CID: B105E00D, PID: 003BB001 ITM -- CPU_ReadMem(16 bytes @ 0xE00FF010) -- CPU_ReadMem(16 bytes @ 0xE0040FF0) -- CPU_ReadMem(16 bytes @ 0xE0040FE0)
ROMTbl 0 [4]: FFF41000, CID: B105900D, PID: 000BB9A1 TPIU ScanLen=4 NumDevices=1 aId[0]=0x4BA00477 aIrRead[0]=0 aScanLen[0]=0 aScanRead[0]=0 (0045ms, 44522ms total)
T1E78 8432:635 JLINK_ConfigJTAG(IRPre = 0, DRPre = 0) (0000ms, 44522ms total)
T1E78 8432:635 JLINK_SetSpeed(1000) (0001ms, 44523ms total)
T1E78 8432:636 JLINK_ResetPullsRESET(OFF) (0000ms, 44523ms total)
T1E78 8432:636 JLINK_Connect() >0x2F8 JTAG>TotalIRLen = 4, IRPrint = 0x01 >0x30 JTAG> >0x210 JTAG> >0x70 JTAG> >0x40 JTAG> >0x40 JTAG> >0x40 JTAG> >0x48 JTAG> >0x78 JTAG> >0x40 JTAG> >0x30 JTAG> >0x40 JTAG> >0x40 JTAG> >0x30 JTAG> >0x40 JTAG> >0x48 JTAG>Found Cortex-M4 r0p1, Little endian. -- CPU_WriteMem(4 bytes @ 0xE0002000) -- CPU_ReadMem(4 bytes @ 0xE000EDF0) -- CPU_ReadMem(4 bytes @ 0xE0002000)FPUnit: 6 code (BP) slots and 2 literal slots -- CPU_ReadMem(4 bytes @ 0xE000EDFC)
 -- CPU_ReadMem(4 bytes @ 0xE0001000) -- CPU_WriteMem(4 bytes @ 0xE0001000) -- CPU_ReadMem(4 bytes @ 0xE000ED88) -- CPU_WriteMem(4 bytes @ 0xE000ED88) -- CPU_ReadMem(4 bytes @ 0xE000ED88) -- CPU_WriteMem(4 bytes @ 0xE000ED88)CoreSight components:ROMTbl 0 @ E00FF000 -- CPU_ReadMem(16 bytes @ 0xE00FF000) -- CPU_ReadMem(16 bytes @ 0xE000EFF0) -- CPU_ReadMem(16 bytes @ 0xE000EFE0)ROMTbl 0 [0]: FFF0F000, CID: B105E00D, PID: 000BB000 SCS -- CPU_ReadMem(16 bytes @ 0xE0001FF0)
 -- CPU_ReadMem(16 bytes @ 0xE0001FE0)ROMTbl 0 [1]: FFF02000, CID: B105E00D, PID: 003BB002 DWT -- CPU_ReadMem(16 bytes @ 0xE0002FF0) -- CPU_ReadMem(16 bytes @ 0xE0002FE0)ROMTbl 0 [2]: FFF03000, CID: B105E00D, PID: 002BB003 FPB -- CPU_ReadMem(16 bytes @ 0xE0000FF0) -- CPU_ReadMem(16 bytes @ 0xE0000FE0)ROMTbl 0 [3]: FFF01000, CID: B105E00D, PID: 003BB001 ITM -- CPU_ReadMem(16 bytes @ 0xE00FF010) -- CPU_ReadMem(16 bytes @ 0xE0040FF0) -- CPU_ReadMem(16 bytes @ 0xE0040FE0)
ROMTbl 0 [4]: FFF41000, CID: B105900D, PID: 000BB9A1 TPIU  returns 0x00 (0045ms, 44568ms total)
T1E78 8432:681 JLINK_GetDebugInfo(0x100) -- Value=0xE00FF003  returns 0x00 (0001ms, 44569ms total)
T1E78 8432:682 JLINK_ReadMem (0xE00FFFF0, 0x0010 Bytes, ...) -- CPU is running -- CPU_ReadMem(16 bytes @ 0xE00FFFF0) - Data: 0D 00 00 00 10 00 00 00 05 00 00 00 B1 00 00 00  returns 0x00 (0002ms, 44571ms total)
T1E78 8432:684 JLINK_ReadMem (0xE00FFFD0, 0x0020 Bytes, ...) -- CPU is running -- CPU_ReadMem(32 bytes @ 0xE00FFFD0) - Data: 04 00 00 00 00 00 00 00 00 00 00 00 00 00 00 00 ...  returns 0x00 (0002ms, 44573ms total)
T1E78 8432:686 JLINK_ReadMemU32(0xE00FF000, 0x0001 Items, ...) -- CPU is running -- CPU_ReadMem(4 bytes @ 0xE00FF000) - Data: 03 F0 F0 FF  returns 0x01 (0001ms, 44574ms total)
T1E78 8432:687 JLINK_ReadMem (0xE000EFF0, 0x0010 Bytes, ...) -- CPU is running -- CPU_ReadMem(16 bytes @ 0xE000EFF0) - Data: 0D 00 00 00 E0 00 00 00 05 00 00 00 B1 00 00 00  returns 0x00 (0001ms, 44575ms total)
T1E78 8432:688 JLINK_ReadMem (0xE000EFD0, 0x0020 Bytes, ...) -- CPU is running -- CPU_ReadMem(32 bytes @ 0xE000EFD0) - Data: 04 00 00 00 00 00 00 00 00 00 00 00 00 00 00 00 ...  returns 0x00 (0002ms, 44577ms total)
T1E78 8432:690 JLINK_ReadMemU32(0xE00FF004, 0x0001 Items, ...) -- CPU is running -- CPU_ReadMem(4 bytes @ 0xE00FF004) - Data: 03 20 F0 FF  returns 0x01 (0001ms, 44578ms total)
T1E78 8432:691 JLINK_ReadMem (0xE0001FF0, 0x0010 Bytes, ...) -- CPU is running -- CPU_ReadMem(16 bytes @ 0xE0001FF0) - Data: 0D 00 00 00 E0 00 00 00 05 00 00 00 B1 00 00 00  returns 0x00 (0001ms, 44579ms total)
T1E78 8432:692 JLINK_ReadMem (0xE0001FD0, 0x0020 Bytes, ...) -- CPU is running -- CPU_ReadMem(32 bytes @ 0xE0001FD0) - Data: 04 00 00 00 00 00 00 00 00 00 00 00 00 00 00 00 ...  returns 0x00 (0002ms, 44581ms total)
T1E78 8432:694 JLINK_ReadMemU32(0xE00FF008, 0x0001 Items, ...) -- CPU is running -- CPU_ReadMem(4 bytes @ 0xE00FF008) - Data: 03 30 F0 FF  returns 0x01 (0001ms, 44582ms total)
T1E78 8432:695 JLINK_ReadMem (0xE0002FF0, 0x0010 Bytes, ...) -- CPU is running -- CPU_ReadMem(16 bytes @ 0xE0002FF0) - Data: 0D 00 00 00 E0 00 00 00 05 00 00 00 B1 00 00 00  returns 0x00 (0002ms, 44584ms total)
T1E78 8432:697 JLINK_ReadMem (0xE0002FD0, 0x0020 Bytes, ...) -- CPU is running -- CPU_ReadMem(32 bytes @ 0xE0002FD0) - Data: 04 00 00 00 00 00 00 00 00 00 00 00 00 00 00 00 ...  returns 0x00 (0002ms, 44586ms total)
T1E78 8432:699 JLINK_ReadMemU32(0xE00FF00C, 0x0001 Items, ...) -- CPU is running -- CPU_ReadMem(4 bytes @ 0xE00FF00C) - Data: 03 10 F0 FF  returns 0x01 (0001ms, 44587ms total)
T1E78 8432:700 JLINK_ReadMem (0xE0000FF0, 0x0010 Bytes, ...) -- CPU is running -- CPU_ReadMem(16 bytes @ 0xE0000FF0) - Data: 0D 00 00 00 E0 00 00 00 05 00 00 00 B1 00 00 00  returns 0x00 (0001ms, 44588ms total)
T1E78 8432:701 JLINK_ReadMem (0xE0000FD0, 0x0020 Bytes, ...) -- CPU is running -- CPU_ReadMem(32 bytes @ 0xE0000FD0) - Data: 04 00 00 00 00 00 00 00 00 00 00 00 00 00 00 00 ...  returns 0x00 (0002ms, 44590ms total)
T1E78 8432:703 JLINK_ReadMemU32(0xE00FF010, 0x0001 Items, ...) -- CPU is running -- CPU_ReadMem(4 bytes @ 0xE00FF010) - Data: 03 10 F4 FF  returns 0x01 (0001ms, 44591ms total)
T1E78 8432:704 JLINK_ReadMem (0xE0040FF0, 0x0010 Bytes, ...) -- CPU is running -- CPU_ReadMem(16 bytes @ 0xE0040FF0) - Data: 0D 00 00 00 90 00 00 00 05 00 00 00 B1 00 00 00  returns 0x00 (0001ms, 44592ms total)
T1E78 8432:705 JLINK_ReadMem (0xE0040FD0, 0x0020 Bytes, ...) -- CPU is running -- CPU_ReadMem(32 bytes @ 0xE0040FD0) - Data: 04 00 00 00 00 00 00 00 00 00 00 00 00 00 00 00 ...  returns 0x00 (0002ms, 44594ms total)
T1E78 8432:707 JLINK_ReadMemU32(0xE00FF014, 0x0001 Items, ...) -- CPU is running -- CPU_ReadMem(4 bytes @ 0xE00FF014) - Data: 02 20 F4 FF  returns 0x01 (0001ms, 44595ms total)
T1E78 8432:708 JLINK_ReadMemU32(0xE00FF018, 0x0001 Items, ...) -- CPU is running -- CPU_ReadMem(4 bytes @ 0xE00FF018) - Data: 00 00 00 00  returns 0x01 (0001ms, 44596ms total)
T1E78 8432:709 JLINK_ReadMem (0xE0001000, 0x0004 Bytes, ...) -- CPU is running -- CPU_ReadMem(4 bytes @ 0xE0001000) - Data: 01 00 00 40  returns 0x00 (0001ms, 44597ms total)
T1E78 8432:710 JLINK_ReadMem (0xE0001000, 0x0004 Bytes, ...) -- CPU is running -- CPU_ReadMem(4 bytes @ 0xE0001000) - Data: 01 00 00 40  returns 0x00 (0001ms, 44598ms total)
T1E78 8432:711 JLINK_ReadMem (0xE0001028, 0x0004 Bytes, ...) -- CPU is running -- CPU_ReadMem(4 bytes @ 0xE0001028) - Data: 00 00 00 00  returns 0x00 (0001ms, 44599ms total)
T1E78 8432:712 JLINK_WriteMem(0xE0001028, 0x0004 Bytes, ...) - Data: 00 01 00 00 -- CPU is running -- CPU_WriteMem(4 bytes @ 0xE0001028)  returns 0x04 (0001ms, 44600ms total)
T1E78 8432:713 JLINK_ReadMem (0xE0001028, 0x0004 Bytes, ...) -- CPU is running -- CPU_ReadMem(4 bytes @ 0xE0001028) - Data: 00 00 00 00  returns 0x00 (0001ms, 44601ms total)
T1E78 8432:714 JLINK_ReadMem (0xE0001038, 0x0004 Bytes, ...) -- CPU is running -- CPU_ReadMem(4 bytes @ 0xE0001038) - Data: 00 02 00 00  returns 0x00 (0001ms, 44602ms total)
T1E78 8432:715 JLINK_WriteMem(0xE0001038, 0x0004 Bytes, ...) - Data: 00 03 00 00 -- CPU is running -- CPU_WriteMem(4 bytes @ 0xE0001038)  returns 0x04 (0001ms, 44603ms total)
T1E78 8432:716 JLINK_ReadMem (0xE0001038, 0x0004 Bytes, ...) -- CPU is running -- CPU_ReadMem(4 bytes @ 0xE0001038) - Data: 00 03 00 00  returns 0x00 (0001ms, 44604ms total)
T1E78 8432:717 JLINK_ReadMem (0xE0001048, 0x0004 Bytes, ...) -- CPU is running -- CPU_ReadMem(4 bytes @ 0xE0001048) - Data: 00 00 00 00  returns 0x00 (0001ms, 44605ms total)
T1E78 8432:718 JLINK_WriteMem(0xE0001048, 0x0004 Bytes, ...) - Data: 00 01 00 00 -- CPU is running -- CPU_WriteMem(4 bytes @ 0xE0001048)  returns 0x04 (0001ms, 44606ms total)
T1E78 8432:719 JLINK_ReadMem (0xE0001048, 0x0004 Bytes, ...) -- CPU is running -- CPU_ReadMem(4 bytes @ 0xE0001048) - Data: 00 00 00 00  returns 0x00 (0001ms, 44607ms total)
T1E78 8432:720 JLINK_ReadMem (0xE0001058, 0x0004 Bytes, ...) -- CPU is running -- CPU_ReadMem(4 bytes @ 0xE0001058) - Data: 00 00 00 00  returns 0x00 (0001ms, 44608ms total)
T1E78 8432:721 JLINK_WriteMem(0xE0001058, 0x0004 Bytes, ...) - Data: 00 01 00 00 -- CPU is running -- CPU_WriteMem(4 bytes @ 0xE0001058)  returns 0x04 (0001ms, 44609ms total)
T1E78 8432:722 JLINK_ReadMem (0xE0001058, 0x0004 Bytes, ...) -- CPU is running -- CPU_ReadMem(4 bytes @ 0xE0001058) - Data: 00 00 00 00  returns 0x00 (0001ms, 44610ms total)
T1E78 8432:723 JLINK_ReadMem (0xE0001024, 0x0004 Bytes, ...) -- CPU is running -- CPU_ReadMem(4 bytes @ 0xE0001024) - Data: 00 00 00 00  returns 0x00 (0001ms, 44611ms total)
T1E78 8432:724 JLINK_WriteMem(0xE0001024, 0x0004 Bytes, ...) - Data: 1F 00 00 00 -- CPU is running -- CPU_WriteMem(4 bytes @ 0xE0001024)  returns 0x04 (0001ms, 44612ms total)
T1E78 8432:725 JLINK_ReadMem (0xE0001024, 0x0004 Bytes, ...) -- CPU is running -- CPU_ReadMem(4 bytes @ 0xE0001024) - Data: 0F 00 00 00  returns 0x00 (0001ms, 44613ms total)
T1E78 8432:726 JLINK_ReadMem (0xE0001034, 0x0004 Bytes, ...) -- CPU is running -- CPU_ReadMem(4 bytes @ 0xE0001034) - Data: 00 00 00 00  returns 0x00 (0001ms, 44614ms total)
T1E78 8432:727 JLINK_WriteMem(0xE0001034, 0x0004 Bytes, ...) - Data: 1F 00 00 00 -- CPU is running -- CPU_WriteMem(4 bytes @ 0xE0001034)  returns 0x04 (0001ms, 44615ms total)
T1E78 8432:728 JLINK_ReadMem (0xE0001034, 0x0004 Bytes, ...) -- CPU is running -- CPU_ReadMem(4 bytes @ 0xE0001034) - Data: 0F 00 00 00  returns 0x00 (0001ms, 44616ms total)
T1E78 8432:729 JLINK_ReadMem (0xE0001044, 0x0004 Bytes, ...) -- CPU is running -- CPU_ReadMem(4 bytes @ 0xE0001044) - Data: 00 00 00 00  returns 0x00 (0001ms, 44617ms total)
T1E78 8432:730 JLINK_WriteMem(0xE0001044, 0x0004 Bytes, ...) - Data: 1F 00 00 00 -- CPU is running -- CPU_WriteMem(4 bytes @ 0xE0001044)  returns 0x04 (0001ms, 44618ms total)
T1E78 8432:731 JLINK_ReadMem (0xE0001044, 0x0004 Bytes, ...) -- CPU is running -- CPU_ReadMem(4 bytes @ 0xE0001044) - Data: 0F 00 00 00  returns 0x00 (0001ms, 44619ms total)
T1E78 8432:732 JLINK_ReadMem (0xE0001054, 0x0004 Bytes, ...) -- CPU is running -- CPU_ReadMem(4 bytes @ 0xE0001054) - Data: 00 00 00 00  returns 0x00 (0001ms, 44620ms total)
T1E78 8432:733 JLINK_WriteMem(0xE0001054, 0x0004 Bytes, ...) - Data: 1F 00 00 00 -- CPU is running -- CPU_WriteMem(4 bytes @ 0xE0001054)  returns 0x04 (0001ms, 44621ms total)
T1E78 8432:734 JLINK_ReadMem (0xE0001054, 0x0004 Bytes, ...) -- CPU is running -- CPU_ReadMem(4 bytes @ 0xE0001054) - Data: 0F 00 00 00  returns 0x00 (0001ms, 44622ms total)
T1E78 8432:735 JLINK_ReadMem (0xE0001028, 0x0004 Bytes, ...) -- CPU is running -- CPU_ReadMem(4 bytes @ 0xE0001028) - Data: 00 00 00 00  returns 0x00 (0001ms, 44623ms total)
T1E78 8432:736 JLINK_ReadMem (0xE0001038, 0x0004 Bytes, ...) -- CPU is running -- CPU_ReadMem(4 bytes @ 0xE0001038) - Data: 00 03 00 00  returns 0x00 (0001ms, 44624ms total)
T1E78 8432:737 JLINK_ReadMem (0xE0001048, 0x0004 Bytes, ...) -- CPU is running -- CPU_ReadMem(4 bytes @ 0xE0001048) - Data: 00 00 00 00  returns 0x00 (0001ms, 44625ms total)
T1E78 8432:738 JLINK_ReadMem (0xE0001058, 0x0004 Bytes, ...) -- CPU is running -- CPU_ReadMem(4 bytes @ 0xE0001058) - Data: 00 00 00 00  returns 0x00 (0001ms, 44626ms total)
T1E78 8432:739 JLINK_WriteMem(0xE0001020, 0x0004 Bytes, ...) - Data: 00 00 00 00 -- CPU is running -- CPU_WriteMem(4 bytes @ 0xE0001020)  returns 0x04 (0001ms, 44627ms total)
T1E78 8432:740 JLINK_WriteMem(0xE0001024, 0x0004 Bytes, ...) - Data: 00 00 00 00 -- CPU is running -- CPU_WriteMem(4 bytes @ 0xE0001024)  returns 0x04 (0001ms, 44628ms total)
T1E78 8432:741 JLINK_WriteMem(0xE0001028, 0x0004 Bytes, ...) - Data: 00 00 00 00 -- CPU is running -- CPU_WriteMem(4 bytes @ 0xE0001028)  returns 0x04 (0001ms, 44629ms total)
T1E78 8432:742 JLINK_WriteMem(0xE0001030, 0x0004 Bytes, ...) - Data: 00 00 00 00 -- CPU is running -- CPU_WriteMem(4 bytes @ 0xE0001030)  returns 0x04 (0001ms, 44630ms total)
T1E78 8432:743 JLINK_WriteMem(0xE0001034, 0x0004 Bytes, ...) - Data: 00 00 00 00 -- CPU is running -- CPU_WriteMem(4 bytes @ 0xE0001034)  returns 0x04 (0001ms, 44631ms total)
T1E78 8432:744 JLINK_WriteMem(0xE0001038, 0x0004 Bytes, ...) - Data: 00 00 00 00 -- CPU is running -- CPU_WriteMem(4 bytes @ 0xE0001038)  returns 0x04 (0001ms, 44632ms total)
T1E78 8432:745 JLINK_WriteMem(0xE0001040, 0x0004 Bytes, ...) - Data: 00 00 00 00 -- CPU is running -- CPU_WriteMem(4 bytes @ 0xE0001040)  returns 0x04 (0001ms, 44633ms total)
T1E78 8432:746 JLINK_WriteMem(0xE0001044, 0x0004 Bytes, ...) - Data: 00 00 00 00 -- CPU is running -- CPU_WriteMem(4 bytes @ 0xE0001044)  returns 0x04 (0001ms, 44634ms total)
T1E78 8432:747 JLINK_WriteMem(0xE0001048, 0x0004 Bytes, ...) - Data: 00 00 00 00 -- CPU is running -- CPU_WriteMem(4 bytes @ 0xE0001048)  returns 0x04 (0001ms, 44635ms total)
T1E78 8432:748 JLINK_WriteMem(0xE0001050, 0x0004 Bytes, ...) - Data: 00 00 00 00 -- CPU is running -- CPU_WriteMem(4 bytes @ 0xE0001050)  returns 0x04 (0001ms, 44636ms total)
T1E78 8432:749 JLINK_WriteMem(0xE0001054, 0x0004 Bytes, ...) - Data: 00 00 00 00 -- CPU is running -- CPU_WriteMem(4 bytes @ 0xE0001054)  returns 0x04 (0001ms, 44637ms total)
T1E78 8432:750 JLINK_WriteMem(0xE0001058, 0x0004 Bytes, ...) - Data: 00 00 00 00 -- CPU is running -- CPU_WriteMem(4 bytes @ 0xE0001058)  returns 0x04 (0001ms, 44638ms total)
T1E78 8432:751 JLINK_Halt()  returns 0x00 (0008ms, 44646ms total)
T1E78 8432:759 JLINK_WriteMem(0x400E0A04, 0x0004 Bytes, ...) - Data: 0B 01 00 5A -- CPU_WriteMem(4 bytes @ 0x400E0A04)  returns 0x04 (0001ms, 44647ms total)
T1E78 8432:760 JLINK_ReadMem (0x400E0A08, 0x0004 Bytes, ...) -- CPU_ReadMem(4 bytes @ 0x400E0A08) - Data: 01 00 00 00  returns 0x00 (0001ms, 44648ms total)
T1E78 8432:761 JLINK_WriteMem(0x400E0A04, 0x0004 Bytes, ...) - Data: 0C 02 00 5A -- CPU_WriteMem(4 bytes @ 0x400E0A04)  returns 0x04 (0001ms, 44649ms total)
T1E78 8432:762 JLINK_ReadMem (0x400E0A08, 0x0004 Bytes, ...) -- CPU_ReadMem(4 bytes @ 0x400E0A08) - Data: 01 00 00 00  returns 0x00 (0001ms, 44650ms total)
T1E78 8432:763 JLINK_Reset() -- CPU_ReadMem(16 bytes @ 0x20000000) -- CPU_WriteMem(16 bytes @ 0x20000000) -- CPU_ReadMem(4 bytes @ 0xE000EDFC) -- CPU_WriteMem(4 bytes @ 0xE000EDFC) -- CPU_ReadMem(4 bytes @ 0xE0001000) -- CPU_WriteMem(4 bytes @ 0xE000EDFC) -- CPU_WriteMem(16 bytes @ 0x20000000) -- CPU_WriteMem(4 bytes @ 0xE0002000) -- CPU_ReadMem(4 bytes @ 0xE000EDFC) -- CPU_ReadMem(4 bytes @ 0xE0001000) (0040ms, 44690ms total)
T1E78 8432:804 JLINK_JTAG_GetDeviceID(DeviceIndex = 0)  returns 0x4BA00477 (0000ms, 44690ms total)
T1E78 8432:804 JLINK_ReadMemU32(0x400E0740, 0x0001 Items, ...) -- CPU_ReadMem(4 bytes @ 0x400E0740) - Data: E0 0E A7 29  returns 0x01 (0001ms, 44691ms total)
T1E78 8432:805 JLINK_ReadMemU32(0x400E0744, 0x0001 Items, ...) -- CPU_ReadMem(4 bytes @ 0x400E0744) - Data: 00 00 00 00  returns 0x01 (0001ms, 44692ms total)
T1E78 8432:806 JLINK_WriteMem(0x400E0A04, 0x0004 Bytes, ...) - Data: 05 00 00 5A -- CPU_WriteMem(4 bytes @ 0x400E0A04)  returns 0x04 (0001ms, 44693ms total)
T1E78 8432:807 JLINK_WriteMem(0x400E0C04, 0x0004 Bytes, ...) - Data: 05 00 00 5A -- CPU_WriteMem(4 bytes @ 0x400E0C04)  returns 0x04 (0001ms, 44694ms total)
T1E78 8432:808 JLINK_ReadMem (0x400E0A08, 0x0004 Bytes, ...) -- CPU_ReadMem(4 bytes @ 0x400E0A08) - Data: 00 00 00 00  returns 0x00 (0001ms, 44695ms total)
T1E78 8432:810 JLINK_ReadMem (0x400E0A08, 0x0004 Bytes, ...) -- CPU_ReadMem(4 bytes @ 0x400E0A08) - Data: 00 00 00 00  returns 0x00 (0001ms, 44696ms total)
T1A64 8432:814 JLINK_IsHalted()  returns TRUE (0000ms, 44696ms total)
T1A64 8432:814 JLINK_GetMOEs(...) -- CPU_ReadMem(4 bytes @ 0xE000ED30) -- CPU_WriteMem(4 bytes @ 0xE000ED30)  returns 0x01 (0002ms, 44698ms total)
T1E78 8432:816 JLINK_ReadMem (0x400E0A08, 0x0004 Bytes, ...) -- CPU_ReadMem(4 bytes @ 0x400E0A08) - Data: 00 00 00 00  returns 0x00 (0001ms, 44699ms total)
T1A64 8432:817 JLINK_ReadReg(R15 (PC))  returns 0x0040082C (0000ms, 44699ms total)
T1E78 8432:833 JLINK_ReadMem (0x400E0A08, 0x0004 Bytes, ...) -- CPU_ReadMem(4 bytes @ 0x400E0A08) - Data: 00 00 00 00  returns 0x00 (0001ms, 44700ms total)
T1E78 8432:898 JLINK_ReadMem (0x400E0A08, 0x0004 Bytes, ...) -- CPU_ReadMem(4 bytes @ 0x400E0A08) - Data: 00 00 00 00  returns 0x00 (0001ms, 44701ms total)
T1A64 8433:017 JLINK_IsHalted()  returns TRUE (0000ms, 44701ms total)
T1E78 8433:155 JLINK_ReadMem (0x400E0A08, 0x0004 Bytes, ...) -- CPU_ReadMem(4 bytes @ 0x400E0A08) - Data: 00 00 00 00  returns 0x00 (0001ms, 44702ms total)
T1A64 8433:217 JLINK_IsHalted()  returns TRUE (0000ms, 44702ms total)
T1A64 8433:417 JLINK_IsHalted()  returns TRUE (0001ms, 44703ms total)
T1A64 8433:618 JLINK_IsHalted()  returns TRUE (0000ms, 44702ms total)
T1A64 8433:818 JLINK_IsHalted()  returns TRUE (0001ms, 44703ms total)
T1A64 8434:019 JLINK_IsHalted()  returns TRUE (0001ms, 44703ms total)
T1E78 8434:156 JLINK_ReadMem (0x400E0A08, 0x0004 Bytes, ...) -- CPU_ReadMem(4 bytes @ 0x400E0A08) - Data: 00 00 00 00  returns 0x00 (0001ms, 44703ms total)
T1E78 8434:157 JLINK_ReadMem (0x400E0C08, 0x0004 Bytes, ...) -- CPU_ReadMem(4 bytes @ 0x400E0C08) - Data: 00 00 00 00  returns 0x00 (0002ms, 44705ms total)
T1E78 8434:160 JLINK_ReadMem (0x400E0C08, 0x0004 Bytes, ...) -- CPU_ReadMem(4 bytes @ 0x400E0C08) - Data: 00 00 00 00  returns 0x00 (0001ms, 44706ms total)
T1E78 8434:165 JLINK_ReadMem (0x400E0C08, 0x0004 Bytes, ...) -- CPU_ReadMem(4 bytes @ 0x400E0C08) - Data: 00 00 00 00  returns 0x00 (0001ms, 44707ms total)
T1E78 8434:182 JLINK_ReadMem (0x400E0C08, 0x0004 Bytes, ...) -- CPU_ReadMem(4 bytes @ 0x400E0C08) - Data: 00 00 00 00  returns 0x00 (0001ms, 44708ms total)
T1A64 8434:220 JLINK_IsHalted()  returns TRUE (0000ms, 44708ms total)
T1E78 8434:247 JLINK_ReadMem (0x400E0C08, 0x0004 Bytes, ...) -- CPU_ReadMem(4 bytes @ 0x400E0C08) - Data: 00 00 00 00  returns 0x00 (0001ms, 44709ms total)
T1A64 8434:420 JLINK_IsHalted()  returns TRUE (0000ms, 44709ms total)
T1E78 8434:504 JLINK_ReadMem (0x400E0C08, 0x0004 Bytes, ...) -- CPU_ReadMem(4 bytes @ 0x400E0C08) - Data: 00 00 00 00  returns 0x00 (0001ms, 44710ms total)
T1A64 8434:620 JLINK_IsHalted()  returns TRUE (0001ms, 44711ms total)
T1A64 8434:821 JLINK_IsHalted()  returns TRUE (0001ms, 44711ms total)
T1A64 8435:022 JLINK_IsHalted()  returns TRUE (0000ms, 44710ms total)
T1A64 8435:222 JLINK_IsHalted()  returns TRUE (0001ms, 44711ms total)
T1A64 8435:423 JLINK_IsHalted()  returns TRUE (0000ms, 44710ms total)
T1E78 8435:505 JLINK_ReadMem (0x400E0C08, 0x0004 Bytes, ...) -- CPU_ReadMem(4 bytes @ 0x400E0C08) - Data: 00 00 00 00  returns 0x00 (0001ms, 44711ms total)
T1E78 8435:506 JLINK_ReadMem (0x400E0A08, 0x0004 Bytes, ...) -- CPU_ReadMem(4 bytes @ 0x400E0A08) - Data: 00 00 00 00  returns 0x00 (0001ms, 44712ms total)
T1E78 8435:508 JLINK_ReadMem (0x400E0A08, 0x0004 Bytes, ...) -- CPU_ReadMem(4 bytes @ 0x400E0A08) - Data: 00 00 00 00  returns 0x00 (0001ms, 44713ms total)
T1E78 8435:513 JLINK_ReadMem (0x400E0A08, 0x0004 Bytes, ...) -- CPU_ReadMem(4 bytes @ 0x400E0A08) - Data: 00 00 00 00  returns 0x00 (0001ms, 44714ms total)
T1E78 8435:530 JLINK_ReadMem (0x400E0A08, 0x0004 Bytes, ...) -- CPU_ReadMem(4 bytes @ 0x400E0A08) - Data: 00 00 00 00  returns 0x00 (0001ms, 44715ms total)
T1E78 8435:595 JLINK_ReadMem (0x400E0A08, 0x0004 Bytes, ...) -- CPU_ReadMem(4 bytes @ 0x400E0A08) - Data: 00 00 00 00  returns 0x00 (0001ms, 44716ms total)
T1A64 8435:623 JLINK_IsHalted()  returns TRUE (0000ms, 44716ms total)
T1A64 8435:823 JLINK_IsHalted()  returns TRUE (0002ms, 44718ms total)
T1E78 8435:852 JLINK_ReadMem (0x400E0A08, 0x0004 Bytes, ...) -- CPU_ReadMem(4 bytes @ 0x400E0A08) - Data: 00 00 00 00  returns 0x00 (0001ms, 44717ms total)
T1A64 8436:025 JLINK_IsHalted()  returns TRUE (0000ms, 44717ms total)
T1A64 8436:225 JLINK_IsHalted()  returns TRUE (0000ms, 44717ms total)
T1A64 8436:425 JLINK_IsHalted()  returns TRUE (0001ms, 44718ms total)
T1A64 8436:626 JLINK_IsHalted()  returns TRUE (0000ms, 44717ms total)
T1A64 8436:826 JLINK_IsHalted()  returns TRUE (0001ms, 44718ms total)
T1E78 8436:853 JLINK_ReadMem (0x400E0A08, 0x0004 Bytes, ...) -- CPU_ReadMem(4 bytes @ 0x400E0A08) - Data: 00 00 00 00  returns 0x00 (0001ms, 44718ms total)
T1E78 8436:854 JLINK_ReadMem (0x400E0C08, 0x0004 Bytes, ...) -- CPU_ReadMem(4 bytes @ 0x400E0C08) - Data: 01 00 00 00  returns 0x00 (0001ms, 44719ms total)
T1E78 8436:855 JLINK_ReadMem (0x400E0A08, 0x0004 Bytes, ...) -- CPU_ReadMem(4 bytes @ 0x400E0A08) - Data: 00 00 00 00  returns 0x00 (0001ms, 44720ms total)
T1E78 8436:857 JLINK_ReadMem (0x400E0A08, 0x0004 Bytes, ...) -- CPU_ReadMem(4 bytes @ 0x400E0A08) - Data: 00 00 00 00  returns 0x00 (0001ms, 44721ms total)
T1E78 8436:862 JLINK_ReadMem (0x400E0A08, 0x0004 Bytes, ...) -- CPU_ReadMem(4 bytes @ 0x400E0A08) - Data: 00 00 00 00  returns 0x00 (0001ms, 44722ms total)
T1E78 8436:879 JLINK_ReadMem (0x400E0A08, 0x0004 Bytes, ...) -- CPU_ReadMem(4 bytes @ 0x400E0A08) - Data: 00 00 00 00  returns 0x00 (0001ms, 44723ms total)
T1E78 8436:944 JLINK_ReadMem (0x400E0A08, 0x0004 Bytes, ...) -- CPU_ReadMem(4 bytes @ 0x400E0A08) - Data: 00 00 00 00  returns 0x00 (0001ms, 44724ms total)
T1A64 8437:027 JLINK_IsHalted()  returns TRUE (0001ms, 44725ms total)
T1E78 8437:201 JLINK_ReadMem (0x400E0A08, 0x0004 Bytes, ...) -- CPU_ReadMem(4 bytes @ 0x400E0A08) - Data: 01 00 00 00  returns 0x00 (0001ms, 44725ms total)
T1A64 8437:228 JLINK_IsHalted()  returns TRUE (0000ms, 44725ms total)
T1E78 8437:228 JLINK_ResetPullsRESET(ON) (0000ms, 44725ms total)
T1E78 8437:228 JLINK_ResetNoHalt() >0x2F8 JTAG>TotalIRLen = 4, IRPrint = 0x01 >0x30 JTAG> >0x210 JTAG> >0x70 JTAG> >0x40 JTAG> >0x40 JTAG> >0x40 JTAG> >0x48 JTAG> >0x78 JTAG> >0x40 JTAG> >0x30 JTAG> >0x40 JTAG> >0x40 JTAG> >0x30 JTAG> >0x40 JTAG> >0x48 JTAG>Found Cortex-M4 r0p1, Little endian. -- CPU_WriteMem(4 bytes @ 0xE0002000) -- CPU_ReadMem(4 bytes @ 0xE000EDF0) -- CPU_ReadMem(4 bytes @ 0xE0002000)FPUnit: 6 code (BP) slots and 2 literal slots -- CPU_ReadMem(4 bytes @ 0xE000EDFC)
 -- CPU_ReadMem(4 bytes @ 0xE0001000) -- CPU_ReadMem(4 bytes @ 0xE000ED88) -- CPU_WriteMem(4 bytes @ 0xE000ED88) -- CPU_ReadMem(4 bytes @ 0xE000ED88) -- CPU_WriteMem(4 bytes @ 0xE000ED88)CoreSight components:ROMTbl 0 @ E00FF000 -- CPU_ReadMem(16 bytes @ 0xE00FF000) -- CPU_ReadMem(16 bytes @ 0xE000EFF0) -- CPU_ReadMem(16 bytes @ 0xE000EFE0)ROMTbl 0 [0]: FFF0F000, CID: B105E00D, PID: 000BB000 SCS -- CPU_WriteMem(4 bytes @ 0xE0001000) -- CPU_ReadMem(16 bytes @ 0xE0001FF0)
 -- CPU_ReadMem(16 bytes @ 0xE0001FE0)ROMTbl 0 [1]: FFF02000, CID: B105E00D, PID: 003BB002 DWT -- CPU_ReadMem(16 bytes @ 0xE0002FF0) -- CPU_ReadMem(16 bytes @ 0xE0002FE0)ROMTbl 0 [2]: FFF03000, CID: B105E00D, PID: 002BB003 FPB -- CPU_ReadMem(16 bytes @ 0xE0000FF0) -- CPU_ReadMem(16 bytes @ 0xE0000FE0)ROMTbl 0 [3]: FFF01000, CID: B105E00D, PID: 003BB001 ITM -- CPU_ReadMem(16 bytes @ 0xE00FF010) -- CPU_ReadMem(16 bytes @ 0xE0040FF0) -- CPU_ReadMem(16 bytes @ 0xE0040FE0)
ROMTbl 0 [4]: FFF41000, CID: B105900D, PID: 000BB9A1 TPIU
                JLINK_Reset() -- CPU_ReadMem(16 bytes @ 0x20000000) -- CPU_WriteMem(16 bytes @ 0x20000000) -- CPU_ReadMem(4 bytes @ 0xE000EDFC) -- CPU_WriteMem(4 bytes @ 0xE000EDFC) -- CPU_ReadMem(4 bytes @ 0xE0001000) -- CPU_WriteMem(4 bytes @ 0xE0001004) -- CPU_WriteMem(4 bytes @ 0xE000EDFC) -- CPU_WriteMem(16 bytes @ 0x20000000) -- CPU_WriteMem(4 bytes @ 0xE0002000) -- CPU_ReadMem(4 bytes @ 0xE000EDFC) -- CPU_ReadMem(4 bytes @ 0xE0001000) (0039ms, 0039ms total)
                JLINK_Go() -- CPU_ReadMem(4 bytes @ 0xE0001000) -- CPU_WriteMem(4 bytes @ 0xE0001004) (0003ms, 0042ms total)
               (0088ms, 44813ms total)
T1E78 8437:316 JLINK_ExecCommand("ProjectFile = T:\12.03287-5\entregas\20-UART\20-UART\jlink.config", ...)  returns 0x00 (0000ms, 44813ms total)
T1E78 8437:324 JLINK_ExecCommand("Device = AT91SAM4SD32C", ...)Device "ATSAM4SD32C" selected.  returns 0x00 (0000ms, 44813ms total)
T1E78 8437:324 JLINK_TIF_Select(JLINKARM_TIF_JTAG)  returns 0x00 (0000ms, 44813ms total)
T1E78 8437:324 JLINK_GetIdData(...) ScanLen=4 NumDevices=1 aId[0]=0x4BA00477 aIrRead[0]=0 aScanLen[0]=0 aScanRead[0]=0 (0000ms, 44813ms total)
T1E78 8437:324 JLINK_ConfigJTAG(IRPre = 0, DRPre = 0) (0000ms, 44813ms total)
T1E78 8437:324 JLINK_SetSpeed(4000) (0001ms, 44814ms total)
T1E78 8437:325 JLINK_ResetPullsRESET(OFF) (0000ms, 44814ms total)
T1E78 8437:325 JLINK_Connect() >0x2F8 JTAG>TotalIRLen = 4, IRPrint = 0x01 >0x30 JTAG> >0x210 JTAG> >0x70 JTAG> >0x40 JTAG> >0x40 JTAG> >0x40 JTAG> >0x48 JTAG> >0x78 JTAG> >0x40 JTAG> >0x30 JTAG> >0x40 JTAG> >0x40 JTAG> >0x30 JTAG> >0x40 JTAG> >0x48 JTAG>Found Cortex-M4 r0p1, Little endian. -- CPU_WriteMem(4 bytes @ 0xE0002000) -- CPU_ReadMem(4 bytes @ 0xE000EDF0) -- CPU_ReadMem(4 bytes @ 0xE0002000)FPUnit: 6 code (BP) slots and 2 literal slots -- CPU_ReadMem(4 bytes @ 0xE000EDFC)
 -- CPU_ReadMem(4 bytes @ 0xE0001000) -- CPU_WriteMem(4 bytes @ 0xE0001000) -- CPU_ReadMem(4 bytes @ 0xE000ED88) -- CPU_WriteMem(4 bytes @ 0xE000ED88) -- CPU_ReadMem(4 bytes @ 0xE000ED88) -- CPU_WriteMem(4 bytes @ 0xE000ED88)CoreSight components:ROMTbl 0 @ E00FF000 -- CPU_ReadMem(16 bytes @ 0xE00FF000) -- CPU_ReadMem(16 bytes @ 0xE000EFF0) -- CPU_ReadMem(16 bytes @ 0xE000EFE0)ROMTbl 0 [0]: FFF0F000, CID: B105E00D, PID: 000BB000 SCS -- CPU_ReadMem(16 bytes @ 0xE0001FF0)
 -- CPU_ReadMem(16 bytes @ 0xE0001FE0)ROMTbl 0 [1]: FFF02000, CID: B105E00D, PID: 003BB002 DWT -- CPU_ReadMem(16 bytes @ 0xE0002FF0) -- CPU_ReadMem(16 bytes @ 0xE0002FE0)ROMTbl 0 [2]: FFF03000, CID: B105E00D, PID: 002BB003 FPB -- CPU_ReadMem(16 bytes @ 0xE0000FF0) -- CPU_ReadMem(16 bytes @ 0xE0000FE0)ROMTbl 0 [3]: FFF01000, CID: B105E00D, PID: 003BB001 ITM -- CPU_ReadMem(16 bytes @ 0xE00FF010) -- CPU_ReadMem(16 bytes @ 0xE0040FF0) -- CPU_ReadMem(16 bytes @ 0xE0040FE0)
ROMTbl 0 [4]: FFF41000, CID: B105900D, PID: 000BB9A1 TPIU  returns 0x00 (0041ms, 44855ms total)
T1E78 8437:366 JLINK_WriteMem(0xE0001020, 0x0004 Bytes, ...) - Data: 00 00 00 00 -- CPU is running -- CPU_WriteMem(4 bytes @ 0xE0001020)  returns 0x04 (0002ms, 44857ms total)
T1E78 8437:368 JLINK_WriteMem(0xE0001024, 0x0004 Bytes, ...) - Data: 00 00 00 00 -- CPU is running -- CPU_WriteMem(4 bytes @ 0xE0001024)  returns 0x04 (0001ms, 44858ms total)
T1E78 8437:369 JLINK_WriteMem(0xE0001028, 0x0004 Bytes, ...) - Data: 00 00 00 00 -- CPU is running -- CPU_WriteMem(4 bytes @ 0xE0001028)  returns 0x04 (0001ms, 44859ms total)
T1E78 8437:370 JLINK_WriteMem(0xE0001030, 0x0004 Bytes, ...) - Data: 00 00 00 00 -- CPU is running -- CPU_WriteMem(4 bytes @ 0xE0001030)  returns 0x04 (0001ms, 44860ms total)
T1E78 8437:371 JLINK_WriteMem(0xE0001034, 0x0004 Bytes, ...) - Data: 00 00 00 00 -- CPU is running -- CPU_WriteMem(4 bytes @ 0xE0001034)  returns 0x04 (0001ms, 44861ms total)
T1E78 8437:372 JLINK_WriteMem(0xE0001038, 0x0004 Bytes, ...) - Data: 00 00 00 00 -- CPU is running -- CPU_WriteMem(4 bytes @ 0xE0001038)  returns 0x04 (0001ms, 44862ms total)
T1E78 8437:373 JLINK_WriteMem(0xE0001040, 0x0004 Bytes, ...) - Data: 00 00 00 00 -- CPU is running -- CPU_WriteMem(4 bytes @ 0xE0001040)  returns 0x04 (0001ms, 44863ms total)
T1E78 8437:374 JLINK_WriteMem(0xE0001044, 0x0004 Bytes, ...) - Data: 00 00 00 00 -- CPU is running -- CPU_WriteMem(4 bytes @ 0xE0001044)  returns 0x04 (0001ms, 44864ms total)
T1E78 8437:375 JLINK_WriteMem(0xE0001048, 0x0004 Bytes, ...) - Data: 00 00 00 00 -- CPU is running -- CPU_WriteMem(4 bytes @ 0xE0001048)  returns 0x04 (0001ms, 44865ms total)
T1E78 8437:376 JLINK_WriteMem(0xE0001050, 0x0004 Bytes, ...) - Data: 00 00 00 00 -- CPU is running -- CPU_WriteMem(4 bytes @ 0xE0001050)  returns 0x04 (0001ms, 44866ms total)
T1E78 8437:377 JLINK_WriteMem(0xE0001054, 0x0004 Bytes, ...) - Data: 00 00 00 00 -- CPU is running -- CPU_WriteMem(4 bytes @ 0xE0001054)  returns 0x04 (0001ms, 44867ms total)
T1E78 8437:378 JLINK_WriteMem(0xE0001058, 0x0004 Bytes, ...) - Data: 00 00 00 00 -- CPU is running -- CPU_WriteMem(4 bytes @ 0xE0001058)  returns 0x04 (0001ms, 44868ms total)
T1E78 8437:379 JLINK_Halt()  returns 0x00 (0003ms, 44871ms total)
T1E78 8437:382 JLINK_WriteMem(0x400E0A04, 0x0004 Bytes, ...) - Data: 0B 01 00 5A -- CPU_WriteMem(4 bytes @ 0x400E0A04)  returns 0x04 (0001ms, 44872ms total)
T1E78 8437:383 JLINK_ReadMem (0x400E0A08, 0x0004 Bytes, ...) -- CPU_ReadMem(4 bytes @ 0x400E0A08) - Data: 01 00 00 00  returns 0x00 (0001ms, 44873ms total)
T1E78 8437:384 JLINK_WriteMem(0x400E0A04, 0x0004 Bytes, ...) - Data: 0C 02 00 5A -- CPU_WriteMem(4 bytes @ 0x400E0A04)  returns 0x04 (0001ms, 44874ms total)
T1E78 8437:385 JLINK_ReadMem (0x400E0A08, 0x0004 Bytes, ...) -- CPU_ReadMem(4 bytes @ 0x400E0A08) - Data: 01 00 00 00  returns 0x00 (0001ms, 44875ms total)
T1E78 8437:386 JLINK_Reset() -- CPU_ReadMem(16 bytes @ 0x20000000) -- CPU_WriteMem(16 bytes @ 0x20000000) -- CPU_ReadMem(4 bytes @ 0xE000EDFC) -- CPU_WriteMem(4 bytes @ 0xE000EDFC) -- CPU_ReadMem(4 bytes @ 0xE0001000) -- CPU_WriteMem(4 bytes @ 0xE000EDFC) -- CPU_WriteMem(16 bytes @ 0x20000000) -- CPU_WriteMem(4 bytes @ 0xE0002000) -- CPU_ReadMem(4 bytes @ 0xE000EDFC) -- CPU_ReadMem(4 bytes @ 0xE0001000) (0029ms, 44904ms total)
T1E78 8437:416 JLINK_JTAG_GetDeviceID(DeviceIndex = 0)  returns 0x4BA00477 (0000ms, 44904ms total)
T1E78 8437:416 JLINK_ReadMemU32(0x400E0740, 0x0001 Items, ...) -- CPU_ReadMem(4 bytes @ 0x400E0740) - Data: E0 0E A7 29  returns 0x01 (0001ms, 44905ms total)
T1E78 8437:417 JLINK_ReadMemU32(0x400E0744, 0x0001 Items, ...) -- CPU_ReadMem(4 bytes @ 0x400E0744) - Data: 00 00 00 00  returns 0x01 (0001ms, 44906ms total)
T1E78 8437:421 JLINK_BeginDownload(Flags = 0x00) (0000ms, 44906ms total)
T1E78 8437:421 JLINK_WriteMem(0x00400000, 0x4000 Bytes, ...) - Data: 50 39 00 20 2D 08 40 00 29 08 40 00 29 08 40 00 ...  returns 0x4000 (0000ms, 44906ms total)
T1E78 8437:421 JLINK_WriteMem(0x00404000, 0x0174 Bytes, ...) - Data: 3A 20 44 65 73 6C 69 67 61 20 6F 20 4C 45 44 20 ...  returns 0x174 (0000ms, 44906ms total)
T1E78 8437:421 JLINK_WriteMem(0x00404174, 0x0008 Bytes, ...) - Data: 98 F8 FF 7F 01 00 00 00  returns 0x08 (0000ms, 44906ms total)
T1E78 8437:422 JLINK_WriteMem(0x0040417C, 0x086C Bytes, ...) - Data: 00 09 3D 00 00 00 00 00 00 00 00 00 F4 02 00 20 ...  returns 0x86C (0000ms, 44906ms total)
T1D7C 8437:426 JLINK_IsHalted()  returns TRUE (0000ms, 44906ms total)
T1D7C 8437:426 JLINK_GetMOEs(...) -- CPU_ReadMem(4 bytes @ 0xE000ED30) -- CPU_WriteMem(4 bytes @ 0xE000ED30)  returns 0x01 (0002ms, 44908ms total)
T1D7C 8437:428 JLINK_ReadReg(R15 (PC)) -- -------------------------------------- -- Start of determining dirty areas in flash cache -- End of determining dirty areas -- Start of preparing flash programming -- Calculating RAM usage -- RAM usage = 3908 Bytes -- Preserving registers -- Preparing memory -- Determining CPU clock frequency -- CPU clock frequency: 4022 kHz -- CPU frequency = 4022 kHz -- Preparing target -- Downloading RAMCode -- Using alternate TurboMode RAMCode -- Checking target RAM
 -- Preparing RAMCode -- End of preparing flash programmingCPU is running at low speed (4022 kHz). -- CPU is running at 4022 kHz. -- Start of comparing flash -- Read back was estimated as fastest method -- Comparing range 0x400000 - 0x403FFF (32 Sectors, 16 KB), using multi-block CRC calculation -- CPU is running -- CPU_ReadMem(512 bytes @ 0x00400000) -- CPU is running -- CPU_ReadMem(512 bytes @ 0x00400200) -- CPU is running -- CPU_ReadMem(512 bytes @ 0x00400400) -- CPU is running
 -- CPU_ReadMem(512 bytes @ 0x00400600) -- CPU is running -- CPU_ReadMem(512 bytes @ 0x00400800) -- CPU is running -- CPU_ReadMem(512 bytes @ 0x00400A00) -- CPU is running -- CPU_ReadMem(512 bytes @ 0x00400C00) -- CPU is running -- CPU_ReadMem(512 bytes @ 0x00400E00) -- CPU is running -- CPU_ReadMem(512 bytes @ 0x00401000) -- CPU is running -- CPU_ReadMem(512 bytes @ 0x00401200) -- CPU is running -- CPU_ReadMem(512 bytes @ 0x00401400) -- CPU is running -- CPU_ReadMem(512 bytes @ 0x00401600)
 -- CPU is running -- CPU_ReadMem(512 bytes @ 0x00401800) -- CPU is running -- CPU_ReadMem(512 bytes @ 0x00401A00) -- CPU is running -- CPU_ReadMem(512 bytes @ 0x00401C00) -- CPU is running -- CPU_ReadMem(512 bytes @ 0x00401E00) -- CPU is running -- CPU_ReadMem(512 bytes @ 0x00402000) -- CPU is running -- CPU_ReadMem(512 bytes @ 0x00402200) -- CPU is running -- CPU_ReadMem(512 bytes @ 0x00402400) -- CPU is running -- CPU_ReadMem(512 bytes @ 0x00402600) -- CPU is running
 -- CPU_ReadMem(512 bytes @ 0x00402800) -- CPU is running -- CPU_ReadMem(512 bytes @ 0x00402A00) -- CPU is running -- CPU_ReadMem(512 bytes @ 0x00402C00) -- CPU is running -- CPU_ReadMem(512 bytes @ 0x00402E00) -- CPU is running -- CPU_ReadMem(512 bytes @ 0x00403000) -- CPU is running -- CPU_ReadMem(512 bytes @ 0x00403200) -- CPU is running -- CPU_ReadMem(512 bytes @ 0x00403400) -- CPU is running -- CPU_ReadMem(512 bytes @ 0x00403600) -- CPU is running -- CPU_ReadMem(512 bytes @ 0x00403800)
 -- CPU is running -- CPU_ReadMem(512 bytes @ 0x00403A00) -- CPU is running -- CPU_ReadMem(512 bytes @ 0x00403C00) -- CPU is running -- CPU_ReadMem(512 bytes @ 0x00403E00) -- CRC does not match for sectors 0-31 -- Comparing range 0x404000 - 0x404FFF (1 Sector, 4 KB), using multi-block CRC calculation -- CPU is running -- CPU_ReadMem(4096 bytes @ 0x00404000) -- CRC does not match for sector 0 -- End of comparing flash -- Start of erasing sectors -- End of erasing sectors -- Start of flash programming
 -- Programming range 0x00400000 - 0x00403FFF (032 Sectors, 16 KB) -- Programming range 0x00404000 - 0x00404FFF (001 Sector, 4 KB) -- End of flash programming -- Flash programming performed for 2 ranges (20480 bytes) -- 0x400000 - 0x403FFF (032 Sectors, 16 KB) -- 0x404000 - 0x404FFF (001 Sector, 4 KB) -- Start of verifying flash -- Checksum calculation was estimated as fastest method -- Checksum calculation was estimated as fastest method -- End of verifying flash -- Start of restoring -- Restore RAMCode
 -- Restore content of target memory -- Restore target -- Restore memory -- Restore content of registers -- End of restoring -- Total time needed: 0.492s (Prepare: 0.093s, Compare: 0.162s, Erase: 0.000s, Program: 0.216s, Verify: 0.013s, Restore: 0.006s)  returns 0xFFFFFFFE (0495ms, 45403ms total)
T16CC 8437:977 JLINK_Halt()  returns 0x00 (0002ms, 45405ms total)
T16CC 8437:979 JLINK_ReadReg(R15 (PC))  returns 0xFFFFFFFE (0000ms, 45405ms total)
T16CC 8437:979 JLINK_ReadReg(R13 (SP))  returns 0xFFFFFFFC (0000ms, 45405ms total)
T16CC 8438:087 JLINK_ReadReg(R0)  returns 0x400E1400 (0000ms, 45405ms total)
T16CC 8438:087 JLINK_ReadReg(R1)  returns 0x40C00000 (0000ms, 45405ms total)
T16CC 8438:087 JLINK_ReadReg(R2)  returns 0xA5000005 (0000ms, 45405ms total)
T16CC 8438:087 JLINK_ReadReg(R3)  returns 0x40001A1A (0000ms, 45405ms total)
T16CC 8438:087 JLINK_ReadReg(R4)  returns 0x400E0600 (0000ms, 45405ms total)
T16CC 8438:087 JLINK_ReadReg(R5)  returns 0x004007E9 (0000ms, 45405ms total)
T16CC 8438:087 JLINK_ReadReg(R6)  returns 0x400E0E00 (0000ms, 45405ms total)
T16CC 8438:087 JLINK_ReadReg(R7)  returns 0x00400129 (0000ms, 45405ms total)
T16CC 8438:087 JLINK_ReadReg(R8)  returns 0x00400349 (0000ms, 45405ms total)
T16CC 8438:087 JLINK_ReadReg(R9)  returns 0x00401055 (0000ms, 45405ms total)
T16CC 8438:087 JLINK_ReadReg(R10)  returns 0x8273533E (0000ms, 45405ms total)
T16CC 8438:087 JLINK_ReadReg(R11)  returns 0xA871157C (0000ms, 45405ms total)
T16CC 8438:087 JLINK_ReadReg(R12)  returns 0x01010101 (0000ms, 45405ms total)
T16CC 8438:087 JLINK_ReadReg(R13 (SP))  returns 0xFFFFFFFC (0000ms, 45405ms total)
T16CC 8438:087 JLINK_ReadReg(R14)  returns 0xFFFFFFFF (0000ms, 45405ms total)
T16CC 8438:087 JLINK_ReadReg(R15 (PC))  returns 0xFFFFFFFE (0000ms, 45405ms total)
T16CC 8438:087 JLINK_ReadReg(XPSR)  returns 0x01000000 (0000ms, 45405ms total)
T16CC 8438:087 JLINK_ReadReg(MSP)  returns 0xFFFFFFFC (0000ms, 45405ms total)
T16CC 8438:087 JLINK_ReadReg(PSP)  returns 0x612000E0 (0000ms, 45405ms total)
T16CC 8438:087 JLINK_ReadReg(PRIMASK)  returns 0x00000000 (0000ms, 45405ms total)
T16CC 8438:087 JLINK_ReadReg(BASEPRI)  returns 0x00000000 (0000ms, 45405ms total)
T16CC 8438:087 JLINK_ReadReg(FAULTMASK)  returns 0x00000000 (0000ms, 45405ms total)
T16CC 8438:087 JLINK_ReadReg(CONTROL)  returns 0x00000000 (0000ms, 45405ms total)
T16CC 8438:098 JLINK_EndDownload()  returns 0x00 (0000ms, 45405ms total)
T16CC 8438:098 JLINK_Reset() -- CPU_ReadMem(16 bytes @ 0x20000000) -- CPU_WriteMem(16 bytes @ 0x20000000) -- CPU_ReadMem(4 bytes @ 0xE000EDFC) -- CPU_WriteMem(4 bytes @ 0xE000EDFC) -- CPU_ReadMem(4 bytes @ 0xE0001000) -- CPU_WriteMem(4 bytes @ 0xE000EDFC) -- CPU_WriteMem(16 bytes @ 0x20000000) -- CPU_WriteMem(4 bytes @ 0xE0002000) -- CPU_ReadMem(4 bytes @ 0xE000EDFC) -- CPU_ReadMem(4 bytes @ 0xE0001000) (0030ms, 45435ms total)
T1D7C 8438:128 JLINK_IsHalted()  returns TRUE (0000ms, 45435ms total)
T1D7C 8438:128 JLINK_GetMOEs(...) -- CPU_ReadMem(4 bytes @ 0xE000ED30) -- CPU_WriteMem(4 bytes @ 0xE000ED30)  returns 0x01 (0002ms, 45437ms total)
T1D7C 8438:130 JLINK_ReadReg(R15 (PC))  returns 0x0040082C (0000ms, 45437ms total)
T16CC 8438:138 JLINK_ReadReg(R15 (PC))  returns 0x0040082C (0000ms, 45437ms total)
T16CC 8438:138 JLINK_ReadReg(R13 (SP))  returns 0x20003950 (0000ms, 45437ms total)
T16CC 8438:195 JLINK_ReadMemHW(0x0040082C, 0x0004 Bytes, ...) -- CPU_ReadMem(4 bytes @ 0x0040082C) - Data: 08 B5 20 4B  returns 0x00 (0001ms, 45438ms total)
T16CC 8438:218 JLINK_ReadMemHW(0x00400D22, 0x0002 Bytes, ...) -- CPU_ReadMem(2 bytes @ 0x00400D22) - Data: 54 4F  returns 0x00 (0001ms, 45439ms total)
T16CC 8438:220 JLINK_ReadMemHW(0x00400D24, 0x0002 Bytes, ...) -- CPU_ReadMem(2 bytes @ 0x00400D24) - Data: B8 47  returns 0x00 (0000ms, 45439ms total)
T16CC 8438:222 JLINK_ReadMemHW(0x00400E4A, 0x0002 Bytes, ...) -- CPU_ReadMem(2 bytes @ 0x00400E4A) - Data: 13 4F  returns 0x00 (0002ms, 45441ms total)
T1E78 8438:224 JLINK_GetNumBPUnits(Type = 0xFFFFFF02)  returns 0x06 (0000ms, 45441ms total)
T1E78 8438:224 JLINK_SetBPEx(Addr = 0x00400E4A, Type = 0xFFFFFFF2)  returns 0x00000001 (0000ms, 45441ms total)
T1E78 8438:224 JLINK_GetBPInfo(BPHandle = 1)  returns 0x00 (0000ms, 45441ms total)
T1D7C 8438:331 JLINK_IsHalted()  returns TRUE (0000ms, 45441ms total)
T16CC 8438:354 JLINK_ReadMemHW(0x00400D1C, 0x0001 Bytes, ...) -- CPU_ReadMem(1 bytes @ 0x00400D1C) - Data: 2D  returns 0x00 (0001ms, 45442ms total)
T16CC 8438:386 JLINK_ReadReg(R15 (PC))  returns 0x0040082C (0000ms, 45442ms total)
T16CC 8438:386 JLINK_SetBPEx(Addr = 0x00400D1C, Type = 0xFFFFFF02)  returns 0x00000002 (0000ms, 45442ms total)
T16CC 8438:386 JLINK_GetBPInfo(BPHandle = 2)  returns 0x00 (0000ms, 45442ms total)
T16CC 8438:386 JLINK_Go() -- CPU_ReadMem(4 bytes @ 0xE0001000) -- CPU_WriteMem(4 bytes @ 0xE0002008) -- CPU_WriteMem(4 bytes @ 0xE000200C) -- CPU_WriteMem(4 bytes @ 0xE0002010) -- CPU_WriteMem(4 bytes @ 0xE0002014) -- CPU_WriteMem(4 bytes @ 0xE0002018) -- CPU_WriteMem(4 bytes @ 0xE000201C) -- CPU_WriteMem(4 bytes @ 0xE0001004) (0009ms, 45451ms total)
T1D7C 8438:395 JLINK_IsHalted()  returns FALSE (0001ms, 45452ms total)
T1D7C 8438:416 JLINK_IsHalted()  returns TRUE (0004ms, 45455ms total)
T1D7C 8438:420 JLINK_GetMOEs(...) -- CPU_ReadMem(4 bytes @ 0xE000ED30) -- CPU_WriteMem(4 bytes @ 0xE000ED30)  returns 0x01 (0002ms, 45453ms total)
T1D7C 8438:422 JLINK_ReadReg(R15 (PC))  returns 0x00400D1C (0000ms, 45453ms total)
T1D7C 8438:422 JLINK_GetBPInfo(BPHandle = 2)  returns 0x00 (0000ms, 45453ms total)
T1D7C 8438:422 JLINK_ClrBPEx(BPHandle = 0x00000002)  returns 0x00 (0000ms, 45453ms total)
T16CC 8438:425 JLINK_ReadReg(R15 (PC))  returns 0x00400D1C (0000ms, 45453ms total)
T16CC 8438:425 JLINK_ReadReg(R13 (SP))  returns 0x20003948 (0000ms, 45453ms total)
T16CC 8438:425 JLINK_ReadMemHW(0x00400D1C, 0x0004 Bytes, ...) -- CPU_ReadMem(4 bytes @ 0x00400D1C) - Data: 2D E9 F0 43  returns 0x00 (0002ms, 45455ms total)
T16CC 8438:437 JLINK_ReadReg(R15 (PC))  returns 0x00400D1C (0000ms, 45455ms total)
T16CC 8438:437 JLINK_Go() -- CPU_ReadMem(4 bytes @ 0xE0001000) -- CPU_WriteMem(4 bytes @ 0xE000200C) (0003ms, 45458ms total)
T1D7C 8438:440 JLINK_IsHalted()  returns FALSE (0001ms, 45459ms total)
T1D7C 8438:481 JLINK_IsHalted()  returns FALSE (0001ms, 45459ms total)
T1D7C 8438:642 JLINK_IsHalted()  returns FALSE (0001ms, 45459ms total)
T1D7C 8439:284 JLINK_IsHalted()  returns FALSE (0002ms, 45460ms total)
T1D7C 8439:926 JLINK_IsHalted()  returns FALSE (0001ms, 45459ms total)
T1D7C 8440:567 JLINK_IsHalted()  returns FALSE (0002ms, 45460ms total)
T1D7C 8441:209 JLINK_IsHalted()  returns FALSE (0001ms, 45459ms total)
T1D7C 8441:850 JLINK_IsHalted()  returns FALSE (0002ms, 45460ms total)
T1D7C 8442:492 JLINK_IsHalted()  returns FALSE (0001ms, 45459ms total)
T1D7C 8443:133 JLINK_IsHalted()  returns FALSE (0002ms, 45460ms total)
T1D7C 8443:775 JLINK_IsHalted()  returns FALSE (0001ms, 45459ms total)
T1D7C 8444:416 JLINK_IsHalted()  returns FALSE (0002ms, 45460ms total)
T1D7C 8445:058 JLINK_IsHalted()  returns FALSE (0001ms, 45459ms total)
T1D7C 8445:699 JLINK_IsHalted()  returns FALSE (0002ms, 45460ms total)
T1D7C 8446:341 JLINK_IsHalted()  returns FALSE (0001ms, 45459ms total)
T1D7C 8446:982 JLINK_IsHalted()  returns FALSE (0002ms, 45460ms total)
T1D7C 8447:624 JLINK_IsHalted()  returns FALSE (0001ms, 45459ms total)
T1D7C 8448:265 JLINK_IsHalted()  returns FALSE (0002ms, 45460ms total)
T1D7C 8448:907 JLINK_IsHalted()  returns FALSE (0001ms, 45459ms total)
T1D7C 8449:548 JLINK_IsHalted()  returns FALSE (0002ms, 45460ms total)
T1D7C 8450:190 JLINK_IsHalted()  returns FALSE (0001ms, 45459ms total)
T1D7C 8450:831 JLINK_IsHalted()  returns FALSE (0002ms, 45460ms total)
T1D7C 8451:473 JLINK_IsHalted()  returns FALSE (0001ms, 45459ms total)
T1D7C 8452:114 JLINK_IsHalted()  returns FALSE (0002ms, 45460ms total)
T1D7C 8452:756 JLINK_IsHalted()  returns FALSE (0001ms, 45459ms total)
T1D7C 8453:397 JLINK_IsHalted()  returns FALSE (0002ms, 45460ms total)
T1D7C 8454:039 JLINK_IsHalted()  returns FALSE (0001ms, 45459ms total)
T1D7C 8454:680 JLINK_IsHalted()  returns FALSE (0002ms, 45460ms total)
T1D7C 8455:322 JLINK_IsHalted()  returns FALSE (0001ms, 45459ms total)
T1D7C 8455:963 JLINK_IsHalted()  returns FALSE (0002ms, 45460ms total)
T1D7C 8456:606 JLINK_IsHalted()  returns FALSE (0001ms, 45459ms total)
T1D7C 8457:247 JLINK_IsHalted()  returns FALSE (0002ms, 45460ms total)
T1D7C 8457:889 JLINK_IsHalted()  returns FALSE (0001ms, 45459ms total)
T1D7C 8458:530 JLINK_IsHalted()  returns FALSE (0002ms, 45460ms total)
T1D7C 8459:172 JLINK_IsHalted()  returns FALSE (0001ms, 45459ms total)
T1D7C 8459:813 JLINK_IsHalted()  returns FALSE (0002ms, 45460ms total)
T1D7C 8460:455 JLINK_IsHalted()  returns FALSE (0001ms, 45459ms total)
T1D7C 8461:096 JLINK_IsHalted()  returns FALSE (0002ms, 45460ms total)
T1D7C 8461:738 JLINK_IsHalted()  returns FALSE (0001ms, 45459ms total)
T1D7C 8462:379 JLINK_IsHalted()  returns FALSE (0002ms, 45460ms total)
T1D7C 8463:021 JLINK_IsHalted()  returns FALSE (0001ms, 45459ms total)
T1D7C 8463:662 JLINK_IsHalted()  returns FALSE (0002ms, 45460ms total)
T1D7C 8464:304 JLINK_IsHalted()  returns FALSE (0001ms, 45459ms total)
T1D7C 8464:945 JLINK_IsHalted()  returns FALSE (0002ms, 45460ms total)
T1D7C 8465:587 JLINK_IsHalted()  returns FALSE (0001ms, 45459ms total)
T1D7C 8466:228 JLINK_IsHalted()  returns FALSE (0002ms, 45460ms total)
T1D7C 8466:870 JLINK_IsHalted()  returns FALSE (0001ms, 45459ms total)
T1D7C 8467:511 JLINK_IsHalted()  returns FALSE (0002ms, 45460ms total)
T1D7C 8468:153 JLINK_IsHalted()  returns FALSE (0001ms, 45459ms total)
T1D7C 8468:794 JLINK_IsHalted()  returns FALSE (0002ms, 45460ms total)
T1D7C 8469:436 JLINK_IsHalted()  returns FALSE (0001ms, 45459ms total)
T1D7C 8470:077 JLINK_IsHalted()  returns FALSE (0002ms, 45460ms total)
T1D7C 8470:719 JLINK_IsHalted()  returns FALSE (0001ms, 45459ms total)
T1D7C 8471:360 JLINK_IsHalted()  returns FALSE (0002ms, 45460ms total)
T1D7C 8472:002 JLINK_IsHalted()  returns FALSE (0001ms, 45459ms total)
T1D7C 8472:643 JLINK_IsHalted()  returns FALSE (0002ms, 45460ms total)
T1D7C 8473:285 JLINK_IsHalted()  returns FALSE (0001ms, 45459ms total)
T1D7C 8473:927 JLINK_IsHalted()  returns FALSE (0002ms, 45460ms total)
T1D7C 8474:569 JLINK_IsHalted()  returns FALSE (0001ms, 45459ms total)
T1D7C 8475:210 JLINK_IsHalted()  returns FALSE (0002ms, 45460ms total)
T1D7C 8475:852 JLINK_IsHalted()  returns FALSE (0001ms, 45459ms total)
T1D7C 8476:493 JLINK_IsHalted()  returns FALSE (0002ms, 45460ms total)
T1D7C 8477:135 JLINK_IsHalted()  returns FALSE (0001ms, 45459ms total)
T1D7C 8477:776 JLINK_IsHalted()  returns FALSE (0002ms, 45460ms total)
T1D7C 8478:418 JLINK_IsHalted()  returns FALSE (0001ms, 45459ms total)
T1D7C 8479:059 JLINK_IsHalted()  returns FALSE (0002ms, 45460ms total)
T1D7C 8479:701 JLINK_IsHalted()  returns FALSE (0001ms, 45459ms total)
T1D7C 8480:342 JLINK_IsHalted()  returns FALSE (0002ms, 45460ms total)
T1D7C 8480:984 JLINK_IsHalted()  returns FALSE (0001ms, 45459ms total)
T1D7C 8481:625 JLINK_IsHalted()  returns FALSE (0002ms, 45460ms total)
T1D7C 8482:267 JLINK_IsHalted()  returns FALSE (0001ms, 45459ms total)
T1D7C 8482:908 JLINK_IsHalted()  returns FALSE (0002ms, 45460ms total)
T1D7C 8483:550 JLINK_IsHalted()  returns FALSE (0001ms, 45459ms total)
T1D7C 8484:191 JLINK_IsHalted()  returns FALSE (0002ms, 45460ms total)
T1D7C 8484:833 JLINK_IsHalted()  returns FALSE (0001ms, 45459ms total)
T1D7C 8485:474 JLINK_IsHalted()  returns FALSE (0002ms, 45460ms total)
T1D7C 8486:116 JLINK_IsHalted()  returns FALSE (0001ms, 45459ms total)
T1D7C 8486:757 JLINK_IsHalted()  returns FALSE (0002ms, 45460ms total)
T1D7C 8487:399 JLINK_IsHalted()  returns FALSE (0001ms, 45459ms total)
T1D7C 8488:040 JLINK_IsHalted()  returns FALSE (0002ms, 45460ms total)
T1D7C 8488:682 JLINK_IsHalted()  returns FALSE (0001ms, 45459ms total)
T1D7C 8489:323 JLINK_IsHalted()  returns FALSE (0089ms, 45547ms total)
T1D7C 8490:052 JLINK_IsHalted()  returns FALSE (0001ms, 45459ms total)
T1D7C 8490:693 JLINK_IsHalted()  returns FALSE (0002ms, 45460ms total)
T1D7C 8491:336 JLINK_IsHalted()  returns FALSE (0001ms, 45459ms total)
T1D7C 8491:977 JLINK_IsHalted()  returns FALSE (0002ms, 45460ms total)
T1D7C 8492:619 JLINK_IsHalted()  returns FALSE (0001ms, 45459ms total)
T1D7C 8493:260 JLINK_IsHalted()  returns FALSE (0002ms, 45460ms total)
T1D7C 8493:902 JLINK_IsHalted()  returns FALSE (0001ms, 45459ms total)
T1D7C 8494:543 JLINK_IsHalted()  returns FALSE (0002ms, 45460ms total)
T1D7C 8495:185 JLINK_IsHalted()  returns FALSE (0001ms, 45459ms total)
T1D7C 8495:826 JLINK_IsHalted()  returns FALSE (0002ms, 45460ms total)
T1D7C 8496:468 JLINK_IsHalted()  returns FALSE (0001ms, 45459ms total)
T1D7C 8497:109 JLINK_IsHalted()  returns FALSE (0002ms, 45460ms total)
T1D7C 8497:751 JLINK_IsHalted()  returns FALSE (0001ms, 45459ms total)
T1D7C 8498:392 JLINK_IsHalted()  returns FALSE (0002ms, 45460ms total)
T1D7C 8499:034 JLINK_IsHalted()  returns FALSE (0001ms, 45459ms total)
T1D7C 8499:675 JLINK_IsHalted()  returns FALSE (0002ms, 45460ms total)
T1D7C 8500:317 JLINK_IsHalted()  returns FALSE (0001ms, 45459ms total)
T1D7C 8500:958 JLINK_IsHalted()  returns FALSE (0002ms, 45460ms total)
T1D7C 8501:600 JLINK_IsHalted()  returns FALSE (0001ms, 45459ms total)
T1D7C 8502:241 JLINK_IsHalted()  returns FALSE (0002ms, 45460ms total)
T1D7C 8502:883 JLINK_IsHalted()  returns FALSE (0001ms, 45459ms total)
T1D7C 8503:524 JLINK_IsHalted()  returns FALSE (0002ms, 45460ms total)
T1D7C 8504:166 JLINK_IsHalted()  returns FALSE (0001ms, 45459ms total)
T1D7C 8504:807 JLINK_IsHalted()  returns FALSE (0002ms, 45460ms total)
T1D7C 8505:449 JLINK_IsHalted()  returns FALSE (0001ms, 45459ms total)
T1D7C 8506:090 JLINK_IsHalted()  returns FALSE (0002ms, 45460ms total)
T1D7C 8506:732 JLINK_IsHalted()  returns FALSE (0001ms, 45459ms total)
T1D7C 8507:373 JLINK_IsHalted()  returns FALSE (0002ms, 45460ms total)
T1D7C 8508:015 JLINK_IsHalted()  returns FALSE (0001ms, 45459ms total)
T1D7C 8508:656 JLINK_IsHalted()  returns FALSE (0002ms, 45460ms total)
T1D7C 8509:299 JLINK_IsHalted()  returns FALSE (0001ms, 45459ms total)
T1D7C 8509:940 JLINK_IsHalted()  returns FALSE (0002ms, 45460ms total)
T1D7C 8510:582 JLINK_IsHalted()  returns FALSE (0001ms, 45459ms total)
T1D7C 8511:223 JLINK_IsHalted()  returns FALSE (0002ms, 45460ms total)
T1D7C 8511:865 JLINK_IsHalted()  returns FALSE (0001ms, 45459ms total)
T1D7C 8512:506 JLINK_IsHalted()  returns FALSE (0002ms, 45460ms total)
T1D7C 8513:148 JLINK_IsHalted()  returns FALSE (0001ms, 45459ms total)
T1D7C 8513:789 JLINK_IsHalted()  returns FALSE (0002ms, 45460ms total)
T1D7C 8514:431 JLINK_IsHalted()  returns FALSE (0001ms, 45459ms total)
T1D7C 8515:072 JLINK_IsHalted()  returns FALSE (0002ms, 45460ms total)
T1D7C 8515:714 JLINK_IsHalted()  returns FALSE (0001ms, 45459ms total)
T1D7C 8516:355 JLINK_IsHalted()  returns FALSE (0002ms, 45460ms total)
T1D7C 8516:997 JLINK_IsHalted()  returns FALSE (0001ms, 45459ms total)
T1D7C 8517:638 JLINK_IsHalted()  returns FALSE (0002ms, 45460ms total)
T1D7C 8518:280 JLINK_IsHalted()  returns FALSE (0001ms, 45459ms total)
T1D7C 8518:921 JLINK_IsHalted()  returns FALSE (0002ms, 45460ms total)
T1D7C 8519:563 JLINK_IsHalted()  returns FALSE (0001ms, 45459ms total)
T1D7C 8520:204 JLINK_IsHalted()  returns FALSE (0002ms, 45460ms total)
T1D7C 8520:846 JLINK_IsHalted()  returns FALSE (0001ms, 45459ms total)
T1D7C 8521:487 JLINK_IsHalted()  returns FALSE (0002ms, 45460ms total)
T1D7C 8522:129 JLINK_IsHalted()  returns FALSE (0001ms, 45459ms total)
T1D7C 8522:770 JLINK_IsHalted()  returns FALSE (0002ms, 45460ms total)
T1D7C 8523:412 JLINK_IsHalted()  returns FALSE (0001ms, 45459ms total)
T1D7C 8524:053 JLINK_IsHalted()  returns FALSE (0002ms, 45460ms total)
T1D7C 8524:695 JLINK_IsHalted()  returns FALSE (0001ms, 45459ms total)
T1D7C 8525:336 JLINK_IsHalted()  returns FALSE (0002ms, 45460ms total)
T1D7C 8525:978 JLINK_IsHalted()  returns FALSE (0001ms, 45459ms total)
T1D7C 8526:620 JLINK_IsHalted()  returns FALSE (0002ms, 45460ms total)
T1D7C 8527:262 JLINK_IsHalted()  returns FALSE (0001ms, 45459ms total)
T1D7C 8527:903 JLINK_IsHalted()  returns FALSE (0002ms, 45460ms total)
T1D7C 8528:545 JLINK_IsHalted()  returns FALSE (0001ms, 45459ms total)
T1D7C 8529:186 JLINK_IsHalted()  returns FALSE (0002ms, 45460ms total)
T1D7C 8529:828 JLINK_IsHalted()  returns FALSE (0001ms, 45459ms total)
T1D7C 8530:469 JLINK_IsHalted()  returns FALSE (0002ms, 45460ms total)
T1D7C 8531:111 JLINK_IsHalted()  returns FALSE (0001ms, 45459ms total)
T1D7C 8531:752 JLINK_IsHalted()  returns FALSE (0002ms, 45460ms total)
T1D7C 8532:394 JLINK_IsHalted()  returns FALSE (0001ms, 45459ms total)
T1D7C 8533:035 JLINK_IsHalted()  returns FALSE (0002ms, 45460ms total)
T1D7C 8533:677 JLINK_IsHalted()  returns FALSE (0001ms, 45459ms total)
T1D7C 8534:318 JLINK_IsHalted()  returns FALSE (0002ms, 45460ms total)
T1D7C 8534:960 JLINK_IsHalted()  returns FALSE (0001ms, 45459ms total)
T1D7C 8535:601 JLINK_IsHalted()  returns FALSE (0002ms, 45460ms total)
T1D7C 8536:243 JLINK_IsHalted()  returns FALSE (0001ms, 45459ms total)
T1D7C 8536:884 JLINK_IsHalted()  returns FALSE (0002ms, 45460ms total)
T1D7C 8537:526 JLINK_IsHalted()  returns FALSE (0001ms, 45459ms total)
T1D7C 8538:167 JLINK_IsHalted()  returns FALSE (0002ms, 45460ms total)
T1D7C 8538:809 JLINK_IsHalted()  returns FALSE (0001ms, 45459ms total)
T1D7C 8539:450 JLINK_IsHalted()  returns FALSE (0002ms, 45460ms total)
T1D7C 8540:092 JLINK_IsHalted()  returns FALSE (0001ms, 45459ms total)
T1D7C 8540:733 JLINK_IsHalted()  returns FALSE (0002ms, 45460ms total)
T1D7C 8541:375 JLINK_IsHalted()  returns FALSE (0001ms, 45459ms total)
T1D7C 8542:016 JLINK_IsHalted()  returns FALSE (0002ms, 45460ms total)
T1D7C 8542:658 JLINK_IsHalted()  returns FALSE (0001ms, 45459ms total)
T1D7C 8543:299 JLINK_IsHalted()  returns FALSE (0002ms, 45460ms total)
T1D7C 8543:942 JLINK_IsHalted()  returns FALSE (0001ms, 45459ms total)
T1D7C 8544:583 JLINK_IsHalted()  returns FALSE (0002ms, 45460ms total)
T1D7C 8545:225 JLINK_IsHalted()  returns FALSE (0001ms, 45459ms total)
T1D7C 8545:866 JLINK_IsHalted()  returns FALSE (0002ms, 45460ms total)
T1D7C 8546:508 JLINK_IsHalted()  returns FALSE (0001ms, 45459ms total)
T1D7C 8547:149 JLINK_IsHalted()  returns FALSE (0002ms, 45460ms total)
T1D7C 8547:791 JLINK_IsHalted()  returns FALSE (0001ms, 45459ms total)
T1D7C 8548:432 JLINK_IsHalted()  returns FALSE (0002ms, 45460ms total)
T1D7C 8549:074 JLINK_IsHalted()  returns FALSE (0001ms, 45459ms total)
T1D7C 8549:715 JLINK_IsHalted()  returns FALSE (0002ms, 45460ms total)
T1D7C 8550:357 JLINK_IsHalted()  returns FALSE (0001ms, 45459ms total)
T1D7C 8550:998 JLINK_IsHalted()  returns FALSE (0002ms, 45460ms total)
T1D7C 8551:640 JLINK_IsHalted()  returns FALSE (0001ms, 45459ms total)
T1D7C 8552:281 JLINK_IsHalted()  returns FALSE (0002ms, 45460ms total)
T1D7C 8552:923 JLINK_IsHalted()  returns FALSE (0001ms, 45459ms total)
T1D7C 8553:564 JLINK_IsHalted()  returns FALSE (0002ms, 45460ms total)
T1D7C 8554:206 JLINK_IsHalted()  returns FALSE (0001ms, 45459ms total)
T1D7C 8554:847 JLINK_IsHalted()  returns FALSE (0002ms, 45460ms total)
T1D7C 8555:489 JLINK_IsHalted()  returns FALSE (0001ms, 45459ms total)
T1D7C 8556:130 JLINK_IsHalted()  returns FALSE (0002ms, 45460ms total)
T1D7C 8556:772 JLINK_IsHalted()  returns FALSE (0001ms, 45459ms total)
T1D7C 8557:413 JLINK_IsHalted()  returns FALSE (0002ms, 45460ms total)
T1D7C 8558:055 JLINK_IsHalted()  returns FALSE (0001ms, 45459ms total)
T1D7C 8558:696 JLINK_IsHalted()  returns FALSE (0002ms, 45460ms total)
T1D7C 8559:338 JLINK_IsHalted()  returns FALSE (0001ms, 45459ms total)
T1D7C 8559:979 JLINK_IsHalted()  returns FALSE (0002ms, 45460ms total)
T1D7C 8560:621 JLINK_IsHalted()  returns FALSE (0001ms, 45459ms total)
T1D7C 8561:263 JLINK_IsHalted()  returns FALSE (0002ms, 45460ms total)
T1D7C 8561:905 JLINK_IsHalted()  returns FALSE (0001ms, 45459ms total)
T1D7C 8562:546 JLINK_IsHalted()  returns FALSE (0002ms, 45460ms total)
T1D7C 8563:188 JLINK_IsHalted()  returns FALSE (0001ms, 45459ms total)
T1D7C 8563:829 JLINK_IsHalted()  returns FALSE (0002ms, 45460ms total)
T1D7C 8564:471 JLINK_IsHalted()  returns FALSE (0001ms, 45459ms total)
T1D7C 8565:112 JLINK_IsHalted()  returns FALSE (0002ms, 45460ms total)
T1D7C 8565:754 JLINK_IsHalted()  returns FALSE (0001ms, 45459ms total)
T1D7C 8566:395 JLINK_IsHalted()  returns FALSE (0002ms, 45460ms total)
T1D7C 8567:037 JLINK_IsHalted()  returns FALSE (0001ms, 45459ms total)
T1D7C 8567:678 JLINK_IsHalted()  returns FALSE (0002ms, 45460ms total)
T1D7C 8568:320 JLINK_IsHalted()  returns FALSE (0001ms, 45459ms total)
T1D7C 8568:961 JLINK_IsHalted()  returns FALSE (0002ms, 45460ms total)
T1D7C 8569:603 JLINK_IsHalted()  returns FALSE (0001ms, 45459ms total)
T1D7C 8570:244 JLINK_IsHalted()  returns FALSE (0002ms, 45460ms total)
T1D7C 8570:886 JLINK_IsHalted()  returns FALSE (0001ms, 45459ms total)
T1D7C 8571:527 JLINK_IsHalted()  returns FALSE (0002ms, 45460ms total)
T1D7C 8572:169 JLINK_IsHalted()  returns FALSE (0001ms, 45459ms total)
T1D7C 8572:810 JLINK_IsHalted()  returns FALSE (0002ms, 45460ms total)
T1D7C 8573:452 JLINK_IsHalted()  returns FALSE (0001ms, 45459ms total)
T1D7C 8574:093 JLINK_IsHalted()  returns FALSE (0002ms, 45460ms total)
T1D7C 8574:735 JLINK_IsHalted()  returns FALSE (0001ms, 45459ms total)
T1D7C 8575:376 JLINK_IsHalted()  returns FALSE (0002ms, 45460ms total)
T1D7C 8576:018 JLINK_IsHalted()  returns FALSE (0001ms, 45459ms total)
T1D7C 8576:659 JLINK_IsHalted()  returns FALSE (0002ms, 45460ms total)
T1D7C 8577:301 JLINK_IsHalted()  returns FALSE (0001ms, 45459ms total)
T1D7C 8577:942 JLINK_IsHalted()  returns FALSE (0002ms, 45460ms total)
T1D7C 8578:584 JLINK_IsHalted()  returns FALSE (0001ms, 45459ms total)
T1D7C 8579:226 JLINK_IsHalted()  returns FALSE (0002ms, 45460ms total)
T1D7C 8579:868 JLINK_IsHalted()  returns FALSE (0001ms, 45459ms total)
T1D7C 8580:509 JLINK_IsHalted()  returns FALSE (0002ms, 45460ms total)
T1D7C 8581:151 JLINK_IsHalted()  returns FALSE (0001ms, 45459ms total)
T1D7C 8581:792 JLINK_IsHalted()  returns FALSE (0002ms, 45460ms total)
T1D7C 8582:434 JLINK_IsHalted()  returns FALSE (0001ms, 45459ms total)
T1D7C 8583:075 JLINK_IsHalted()  returns FALSE (0002ms, 45460ms total)
T1D7C 8583:717 JLINK_IsHalted()  returns FALSE (0001ms, 45459ms total)
T1D7C 8584:358 JLINK_IsHalted()  returns FALSE (0002ms, 45460ms total)
