T1AD0 2271:009 SEGGER J-Link V4.98e Log File (0000ms, 57557ms total)
T1AD0 2271:009 DLL Compiled: May  5 2015 11:00:52 (0000ms, 57557ms total)
T1AD0 2271:009 Logging started @ 2016-05-11 18:14 (0000ms, 57557ms total)
T1AD0 2271:016 JLINK_ExecCommand("Device = AT91SAM4SD32C", ...)Device "ATSAM4SD32C" selected.  returns 0x00 (0001ms, 57558ms total)
T1AD0 2271:096 JLINK_ExecCommand("ProjectFile = T:\pasta2\entregas\13 - LCD\ILI93XX_EXAMPLE2\jlink.config", ...)  returns 0x00 (0000ms, 57558ms total)
T1AD0 2271:104 JLINK_ExecCommand("Device = AT91SAM4SD32C", ...)Device "ATSAM4SD32C" selected.  returns 0x00 (0000ms, 57558ms total)
T1AD0 2271:104 JLINK_TIF_Select(JLINKARM_TIF_JTAG)  returns 0x00 (0006ms, 57564ms total)
T1AD0 2271:110 JLINK_GetIdData(...) >0x2F8 JTAG>TotalIRLen = 4, IRPrint = 0x01 >0x30 JTAG> >0x210 JTAG> >0x70 JTAG> >0x40 JTAG> >0x40 JTAG> >0x40 JTAG> >0x48 JTAG> >0x78 JTAG> >0x40 JTAG> >0x30 JTAG> >0x40 JTAG> >0x40 JTAG> >0x30 JTAG> >0x40 JTAG> >0x48 JTAG>Found Cortex-M4 r0p1, Little endian. -- CPU_WriteMem(4 bytes @ 0xE0002000) -- CPU_ReadMem(4 bytes @ 0xE000EDF0) -- CPU_ReadMem(4 bytes @ 0xE0002000)FPUnit: 6 code (BP) slots and 2 literal slots -- CPU_ReadMem(4 bytes @ 0xE000EDFC)
 -- CPU_ReadMem(4 bytes @ 0xE0001000) -- CPU_WriteMem(4 bytes @ 0xE0001000) -- CPU_ReadMem(4 bytes @ 0xE000ED88) -- CPU_WriteMem(4 bytes @ 0xE000ED88) -- CPU_ReadMem(4 bytes @ 0xE000ED88) -- CPU_WriteMem(4 bytes @ 0xE000ED88)CoreSight components:ROMTbl 0 @ E00FF000 -- CPU_ReadMem(16 bytes @ 0xE00FF000) -- CPU_ReadMem(16 bytes @ 0xE000EFF0) -- CPU_ReadMem(16 bytes @ 0xE000EFE0)ROMTbl 0 [0]: FFF0F000, CID: B105E00D, PID: 000BB000 SCS -- CPU_ReadMem(16 bytes @ 0xE0001FF0)
 -- CPU_ReadMem(16 bytes @ 0xE0001FE0)ROMTbl 0 [1]: FFF02000, CID: B105E00D, PID: 003BB002 DWT -- CPU_ReadMem(16 bytes @ 0xE0002FF0) -- CPU_ReadMem(16 bytes @ 0xE0002FE0)ROMTbl 0 [2]: FFF03000, CID: B105E00D, PID: 002BB003 FPB -- CPU_ReadMem(16 bytes @ 0xE0000FF0) -- CPU_ReadMem(16 bytes @ 0xE0000FE0)ROMTbl 0 [3]: FFF01000, CID: B105E00D, PID: 003BB001 ITM -- CPU_ReadMem(16 bytes @ 0xE00FF010) -- CPU_ReadMem(16 bytes @ 0xE0040FF0) -- CPU_ReadMem(16 bytes @ 0xE0040FE0)
ROMTbl 0 [4]: FFF41000, CID: B105900D, PID: 000BB9A1 TPIU ScanLen=4 NumDevices=1 aId[0]=0x4BA00477 aIrRead[0]=0 aScanLen[0]=0 aScanRead[0]=0 (0049ms, 57613ms total)
T1AD0 2271:159 JLINK_ConfigJTAG(IRPre = 0, DRPre = 0) (0000ms, 57613ms total)
T1AD0 2271:159 JLINK_SetSpeed(1000) (0001ms, 57614ms total)
T1AD0 2271:160 JLINK_ResetPullsRESET(OFF) (0000ms, 57614ms total)
T1AD0 2271:160 JLINK_Connect() >0x2F8 JTAG>TotalIRLen = 4, IRPrint = 0x01 >0x30 JTAG> >0x210 JTAG> >0x70 JTAG> >0x40 JTAG> >0x40 JTAG> >0x40 JTAG> >0x48 JTAG> >0x78 JTAG> >0x40 JTAG> >0x30 JTAG> >0x40 JTAG> >0x40 JTAG> >0x30 JTAG> >0x40 JTAG> >0x48 JTAG>Found Cortex-M4 r0p1, Little endian. -- CPU_WriteMem(4 bytes @ 0xE0002000) -- CPU_ReadMem(4 bytes @ 0xE000EDF0) -- CPU_ReadMem(4 bytes @ 0xE0002000)FPUnit: 6 code (BP) slots and 2 literal slots -- CPU_ReadMem(4 bytes @ 0xE000EDFC)
 -- CPU_ReadMem(4 bytes @ 0xE0001000) -- CPU_WriteMem(4 bytes @ 0xE0001000) -- CPU_ReadMem(4 bytes @ 0xE000ED88) -- CPU_WriteMem(4 bytes @ 0xE000ED88) -- CPU_ReadMem(4 bytes @ 0xE000ED88) -- CPU_WriteMem(4 bytes @ 0xE000ED88)CoreSight components:ROMTbl 0 @ E00FF000 -- CPU_ReadMem(16 bytes @ 0xE00FF000) -- CPU_ReadMem(16 bytes @ 0xE000EFF0) -- CPU_ReadMem(16 bytes @ 0xE000EFE0)ROMTbl 0 [0]: FFF0F000, CID: B105E00D, PID: 000BB000 SCS -- CPU_ReadMem(16 bytes @ 0xE0001FF0)
 -- CPU_ReadMem(16 bytes @ 0xE0001FE0)ROMTbl 0 [1]: FFF02000, CID: B105E00D, PID: 003BB002 DWT -- CPU_ReadMem(16 bytes @ 0xE0002FF0) -- CPU_ReadMem(16 bytes @ 0xE0002FE0)ROMTbl 0 [2]: FFF03000, CID: B105E00D, PID: 002BB003 FPB -- CPU_ReadMem(16 bytes @ 0xE0000FF0) -- CPU_ReadMem(16 bytes @ 0xE0000FE0)ROMTbl 0 [3]: FFF01000, CID: B105E00D, PID: 003BB001 ITM -- CPU_ReadMem(16 bytes @ 0xE00FF010) -- CPU_ReadMem(16 bytes @ 0xE0040FF0) -- CPU_ReadMem(16 bytes @ 0xE0040FE0)
ROMTbl 0 [4]: FFF41000, CID: B105900D, PID: 000BB9A1 TPIU  returns 0x00 (0042ms, 57656ms total)
T1AD0 2271:202 JLINK_GetDebugInfo(0x100) -- Value=0xE00FF003  returns 0x00 (0001ms, 57657ms total)
T1AD0 2271:203 JLINK_ReadMem (0xE00FFFF0, 0x0010 Bytes, ...) -- CPU is running -- CPU_ReadMem(16 bytes @ 0xE00FFFF0) - Data: 0D 00 00 00 10 00 00 00 05 00 00 00 B1 00 00 00  returns 0x00 (0002ms, 57659ms total)
T1AD0 2271:205 JLINK_ReadMem (0xE00FFFD0, 0x0020 Bytes, ...) -- CPU is running -- CPU_ReadMem(32 bytes @ 0xE00FFFD0) - Data: 04 00 00 00 00 00 00 00 00 00 00 00 00 00 00 00 ...  returns 0x00 (0002ms, 57661ms total)
T1AD0 2271:207 JLINK_ReadMemU32(0xE00FF000, 0x0001 Items, ...) -- CPU is running -- CPU_ReadMem(4 bytes @ 0xE00FF000) - Data: 03 F0 F0 FF  returns 0x01 (0001ms, 57662ms total)
T1AD0 2271:208 JLINK_ReadMem (0xE000EFF0, 0x0010 Bytes, ...) -- CPU is running -- CPU_ReadMem(16 bytes @ 0xE000EFF0) - Data: 0D 00 00 00 E0 00 00 00 05 00 00 00 B1 00 00 00  returns 0x00 (0001ms, 57663ms total)
T1AD0 2271:209 JLINK_ReadMem (0xE000EFD0, 0x0020 Bytes, ...) -- CPU is running -- CPU_ReadMem(32 bytes @ 0xE000EFD0) - Data: 04 00 00 00 00 00 00 00 00 00 00 00 00 00 00 00 ...  returns 0x00 (0002ms, 57665ms total)
T1AD0 2271:211 JLINK_ReadMemU32(0xE00FF004, 0x0001 Items, ...) -- CPU is running -- CPU_ReadMem(4 bytes @ 0xE00FF004) - Data: 03 20 F0 FF  returns 0x01 (0001ms, 57666ms total)
T1AD0 2271:212 JLINK_ReadMem (0xE0001FF0, 0x0010 Bytes, ...) -- CPU is running -- CPU_ReadMem(16 bytes @ 0xE0001FF0) - Data: 0D 00 00 00 E0 00 00 00 05 00 00 00 B1 00 00 00  returns 0x00 (0001ms, 57667ms total)
T1AD0 2271:213 JLINK_ReadMem (0xE0001FD0, 0x0020 Bytes, ...) -- CPU is running -- CPU_ReadMem(32 bytes @ 0xE0001FD0) - Data: 04 00 00 00 00 00 00 00 00 00 00 00 00 00 00 00 ...  returns 0x00 (0002ms, 57669ms total)
T1AD0 2271:215 JLINK_ReadMemU32(0xE00FF008, 0x0001 Items, ...) -- CPU is running -- CPU_ReadMem(4 bytes @ 0xE00FF008) - Data: 03 30 F0 FF  returns 0x01 (0001ms, 57670ms total)
T1AD0 2271:216 JLINK_ReadMem (0xE0002FF0, 0x0010 Bytes, ...) -- CPU is running -- CPU_ReadMem(16 bytes @ 0xE0002FF0) - Data: 0D 00 00 00 E0 00 00 00 05 00 00 00 B1 00 00 00  returns 0x00 (0001ms, 57671ms total)
T1AD0 2271:217 JLINK_ReadMem (0xE0002FD0, 0x0020 Bytes, ...) -- CPU is running -- CPU_ReadMem(32 bytes @ 0xE0002FD0) - Data: 04 00 00 00 00 00 00 00 00 00 00 00 00 00 00 00 ...  returns 0x00 (0002ms, 57673ms total)
T1AD0 2271:219 JLINK_ReadMemU32(0xE00FF00C, 0x0001 Items, ...) -- CPU is running -- CPU_ReadMem(4 bytes @ 0xE00FF00C) - Data: 03 10 F0 FF  returns 0x01 (0001ms, 57674ms total)
T1AD0 2271:220 JLINK_ReadMem (0xE0000FF0, 0x0010 Bytes, ...) -- CPU is running -- CPU_ReadMem(16 bytes @ 0xE0000FF0) - Data: 0D 00 00 00 E0 00 00 00 05 00 00 00 B1 00 00 00  returns 0x00 (0001ms, 57675ms total)
T1AD0 2271:221 JLINK_ReadMem (0xE0000FD0, 0x0020 Bytes, ...) -- CPU is running -- CPU_ReadMem(32 bytes @ 0xE0000FD0) - Data: 04 00 00 00 00 00 00 00 00 00 00 00 00 00 00 00 ...  returns 0x00 (0002ms, 57677ms total)
T1AD0 2271:223 JLINK_ReadMemU32(0xE00FF010, 0x0001 Items, ...) -- CPU is running -- CPU_ReadMem(4 bytes @ 0xE00FF010) - Data: 03 10 F4 FF  returns 0x01 (0001ms, 57678ms total)
T1AD0 2271:224 JLINK_ReadMem (0xE0040FF0, 0x0010 Bytes, ...) -- CPU is running -- CPU_ReadMem(16 bytes @ 0xE0040FF0) - Data: 0D 00 00 00 90 00 00 00 05 00 00 00 B1 00 00 00  returns 0x00 (0001ms, 57679ms total)
T1AD0 2271:225 JLINK_ReadMem (0xE0040FD0, 0x0020 Bytes, ...) -- CPU is running -- CPU_ReadMem(32 bytes @ 0xE0040FD0) - Data: 04 00 00 00 00 00 00 00 00 00 00 00 00 00 00 00 ...  returns 0x00 (0002ms, 57681ms total)
T1AD0 2271:227 JLINK_ReadMemU32(0xE00FF014, 0x0001 Items, ...) -- CPU is running -- CPU_ReadMem(4 bytes @ 0xE00FF014) - Data: 02 20 F4 FF  returns 0x01 (0001ms, 57682ms total)
T1AD0 2271:228 JLINK_ReadMemU32(0xE00FF018, 0x0001 Items, ...) -- CPU is running -- CPU_ReadMem(4 bytes @ 0xE00FF018) - Data: 00 00 00 00  returns 0x01 (0001ms, 57683ms total)
T1AD0 2271:229 JLINK_ReadMem (0xE0001000, 0x0004 Bytes, ...) -- CPU is running -- CPU_ReadMem(4 bytes @ 0xE0001000) - Data: 01 00 00 40  returns 0x00 (0001ms, 57684ms total)
T1AD0 2271:230 JLINK_ReadMem (0xE0001000, 0x0004 Bytes, ...) -- CPU is running -- CPU_ReadMem(4 bytes @ 0xE0001000) - Data: 01 00 00 40  returns 0x00 (0001ms, 57685ms total)
T1AD0 2271:231 JLINK_ReadMem (0xE0001028, 0x0004 Bytes, ...) -- CPU is running -- CPU_ReadMem(4 bytes @ 0xE0001028) - Data: 00 00 00 00  returns 0x00 (0001ms, 57686ms total)
T1AD0 2271:232 JLINK_WriteMem(0xE0001028, 0x0004 Bytes, ...) - Data: 00 01 00 00 -- CPU is running -- CPU_WriteMem(4 bytes @ 0xE0001028)  returns 0x04 (0001ms, 57687ms total)
T1AD0 2271:233 JLINK_ReadMem (0xE0001028, 0x0004 Bytes, ...) -- CPU is running -- CPU_ReadMem(4 bytes @ 0xE0001028) - Data: 00 00 00 00  returns 0x00 (0001ms, 57688ms total)
T1AD0 2271:234 JLINK_ReadMem (0xE0001038, 0x0004 Bytes, ...) -- CPU is running -- CPU_ReadMem(4 bytes @ 0xE0001038) - Data: 00 02 00 00  returns 0x00 (0001ms, 57689ms total)
T1AD0 2271:235 JLINK_WriteMem(0xE0001038, 0x0004 Bytes, ...) - Data: 00 03 00 00 -- CPU is running -- CPU_WriteMem(4 bytes @ 0xE0001038)  returns 0x04 (0001ms, 57690ms total)
T1AD0 2271:236 JLINK_ReadMem (0xE0001038, 0x0004 Bytes, ...) -- CPU is running -- CPU_ReadMem(4 bytes @ 0xE0001038) - Data: 00 03 00 00  returns 0x00 (0001ms, 57691ms total)
T1AD0 2271:237 JLINK_ReadMem (0xE0001048, 0x0004 Bytes, ...) -- CPU is running -- CPU_ReadMem(4 bytes @ 0xE0001048) - Data: 00 00 00 00  returns 0x00 (0001ms, 57692ms total)
T1AD0 2271:238 JLINK_WriteMem(0xE0001048, 0x0004 Bytes, ...) - Data: 00 01 00 00 -- CPU is running -- CPU_WriteMem(4 bytes @ 0xE0001048)  returns 0x04 (0001ms, 57693ms total)
T1AD0 2271:239 JLINK_ReadMem (0xE0001048, 0x0004 Bytes, ...) -- CPU is running -- CPU_ReadMem(4 bytes @ 0xE0001048) - Data: 00 00 00 00  returns 0x00 (0001ms, 57694ms total)
T1AD0 2271:240 JLINK_ReadMem (0xE0001058, 0x0004 Bytes, ...) -- CPU is running -- CPU_ReadMem(4 bytes @ 0xE0001058) - Data: 00 00 00 00  returns 0x00 (0001ms, 57695ms total)
T1AD0 2271:241 JLINK_WriteMem(0xE0001058, 0x0004 Bytes, ...) - Data: 00 01 00 00 -- CPU is running -- CPU_WriteMem(4 bytes @ 0xE0001058)  returns 0x04 (0001ms, 57696ms total)
T1AD0 2271:242 JLINK_ReadMem (0xE0001058, 0x0004 Bytes, ...) -- CPU is running -- CPU_ReadMem(4 bytes @ 0xE0001058) - Data: 00 00 00 00  returns 0x00 (0001ms, 57697ms total)
T1AD0 2271:243 JLINK_ReadMem (0xE0001024, 0x0004 Bytes, ...) -- CPU is running -- CPU_ReadMem(4 bytes @ 0xE0001024) - Data: 00 00 00 00  returns 0x00 (0001ms, 57698ms total)
T1AD0 2271:244 JLINK_WriteMem(0xE0001024, 0x0004 Bytes, ...) - Data: 1F 00 00 00 -- CPU is running -- CPU_WriteMem(4 bytes @ 0xE0001024)  returns 0x04 (0001ms, 57699ms total)
T1AD0 2271:245 JLINK_ReadMem (0xE0001024, 0x0004 Bytes, ...) -- CPU is running -- CPU_ReadMem(4 bytes @ 0xE0001024) - Data: 0F 00 00 00  returns 0x00 (0001ms, 57700ms total)
T1AD0 2271:246 JLINK_ReadMem (0xE0001034, 0x0004 Bytes, ...) -- CPU is running -- CPU_ReadMem(4 bytes @ 0xE0001034) - Data: 00 00 00 00  returns 0x00 (0001ms, 57701ms total)
T1AD0 2271:247 JLINK_WriteMem(0xE0001034, 0x0004 Bytes, ...) - Data: 1F 00 00 00 -- CPU is running -- CPU_WriteMem(4 bytes @ 0xE0001034)  returns 0x04 (0001ms, 57702ms total)
T1AD0 2271:248 JLINK_ReadMem (0xE0001034, 0x0004 Bytes, ...) -- CPU is running -- CPU_ReadMem(4 bytes @ 0xE0001034) - Data: 0F 00 00 00  returns 0x00 (0001ms, 57703ms total)
T1AD0 2271:249 JLINK_ReadMem (0xE0001044, 0x0004 Bytes, ...) -- CPU is running -- CPU_ReadMem(4 bytes @ 0xE0001044) - Data: 00 00 00 00  returns 0x00 (0001ms, 57704ms total)
T1AD0 2271:250 JLINK_WriteMem(0xE0001044, 0x0004 Bytes, ...) - Data: 1F 00 00 00 -- CPU is running -- CPU_WriteMem(4 bytes @ 0xE0001044)  returns 0x04 (0001ms, 57705ms total)
T1AD0 2271:251 JLINK_ReadMem (0xE0001044, 0x0004 Bytes, ...) -- CPU is running -- CPU_ReadMem(4 bytes @ 0xE0001044) - Data: 0F 00 00 00  returns 0x00 (0001ms, 57706ms total)
T1AD0 2271:252 JLINK_ReadMem (0xE0001054, 0x0004 Bytes, ...) -- CPU is running -- CPU_ReadMem(4 bytes @ 0xE0001054) - Data: 00 00 00 00  returns 0x00 (0001ms, 57707ms total)
T1AD0 2271:253 JLINK_WriteMem(0xE0001054, 0x0004 Bytes, ...) - Data: 1F 00 00 00 -- CPU is running -- CPU_WriteMem(4 bytes @ 0xE0001054)  returns 0x04 (0001ms, 57708ms total)
T1AD0 2271:254 JLINK_ReadMem (0xE0001054, 0x0004 Bytes, ...) -- CPU is running -- CPU_ReadMem(4 bytes @ 0xE0001054) - Data: 0F 00 00 00  returns 0x00 (0001ms, 57709ms total)
T1AD0 2271:255 JLINK_ReadMem (0xE0001028, 0x0004 Bytes, ...) -- CPU is running -- CPU_ReadMem(4 bytes @ 0xE0001028) - Data: 00 00 00 00  returns 0x00 (0001ms, 57710ms total)
T1AD0 2271:256 JLINK_ReadMem (0xE0001038, 0x0004 Bytes, ...) -- CPU is running -- CPU_ReadMem(4 bytes @ 0xE0001038) - Data: 00 03 00 00  returns 0x00 (0001ms, 57711ms total)
T1AD0 2271:257 JLINK_ReadMem (0xE0001048, 0x0004 Bytes, ...) -- CPU is running -- CPU_ReadMem(4 bytes @ 0xE0001048) - Data: 00 00 00 00  returns 0x00 (0001ms, 57712ms total)
T1AD0 2271:258 JLINK_ReadMem (0xE0001058, 0x0004 Bytes, ...) -- CPU is running -- CPU_ReadMem(4 bytes @ 0xE0001058) - Data: 00 00 00 00  returns 0x00 (0001ms, 57713ms total)
T1AD0 2271:259 JLINK_WriteMem(0xE0001020, 0x0004 Bytes, ...) - Data: 00 00 00 00 -- CPU is running -- CPU_WriteMem(4 bytes @ 0xE0001020)  returns 0x04 (0001ms, 57714ms total)
T1AD0 2271:260 JLINK_WriteMem(0xE0001024, 0x0004 Bytes, ...) - Data: 00 00 00 00 -- CPU is running -- CPU_WriteMem(4 bytes @ 0xE0001024)  returns 0x04 (0001ms, 57715ms total)
T1AD0 2271:261 JLINK_WriteMem(0xE0001028, 0x0004 Bytes, ...) - Data: 00 00 00 00 -- CPU is running -- CPU_WriteMem(4 bytes @ 0xE0001028)  returns 0x04 (0001ms, 57716ms total)
T1AD0 2271:262 JLINK_WriteMem(0xE0001030, 0x0004 Bytes, ...) - Data: 00 00 00 00 -- CPU is running -- CPU_WriteMem(4 bytes @ 0xE0001030)  returns 0x04 (0001ms, 57717ms total)
T1AD0 2271:263 JLINK_WriteMem(0xE0001034, 0x0004 Bytes, ...) - Data: 00 00 00 00 -- CPU is running -- CPU_WriteMem(4 bytes @ 0xE0001034)  returns 0x04 (0001ms, 57718ms total)
T1AD0 2271:264 JLINK_WriteMem(0xE0001038, 0x0004 Bytes, ...) - Data: 00 00 00 00 -- CPU is running -- CPU_WriteMem(4 bytes @ 0xE0001038)  returns 0x04 (0001ms, 57719ms total)
T1AD0 2271:265 JLINK_WriteMem(0xE0001040, 0x0004 Bytes, ...) - Data: 00 00 00 00 -- CPU is running -- CPU_WriteMem(4 bytes @ 0xE0001040)  returns 0x04 (0001ms, 57720ms total)
T1AD0 2271:266 JLINK_WriteMem(0xE0001044, 0x0004 Bytes, ...) - Data: 00 00 00 00 -- CPU is running -- CPU_WriteMem(4 bytes @ 0xE0001044)  returns 0x04 (0001ms, 57721ms total)
T1AD0 2271:267 JLINK_WriteMem(0xE0001048, 0x0004 Bytes, ...) - Data: 00 00 00 00 -- CPU is running -- CPU_WriteMem(4 bytes @ 0xE0001048)  returns 0x04 (0001ms, 57722ms total)
T1AD0 2271:268 JLINK_WriteMem(0xE0001050, 0x0004 Bytes, ...) - Data: 00 00 00 00 -- CPU is running -- CPU_WriteMem(4 bytes @ 0xE0001050)  returns 0x04 (0001ms, 57723ms total)
T1AD0 2271:269 JLINK_WriteMem(0xE0001054, 0x0004 Bytes, ...) - Data: 00 00 00 00 -- CPU is running -- CPU_WriteMem(4 bytes @ 0xE0001054)  returns 0x04 (0001ms, 57724ms total)
T1AD0 2271:270 JLINK_WriteMem(0xE0001058, 0x0004 Bytes, ...) - Data: 00 00 00 00 -- CPU is running -- CPU_WriteMem(4 bytes @ 0xE0001058)  returns 0x04 (0001ms, 57725ms total)
T1AD0 2271:271 JLINK_Halt()  returns 0x00 (0008ms, 57733ms total)
T1AD0 2271:279 JLINK_WriteMem(0x400E0A04, 0x0004 Bytes, ...) - Data: 0B 01 00 5A -- CPU_WriteMem(4 bytes @ 0x400E0A04)  returns 0x04 (0001ms, 57734ms total)
T1AD0 2271:280 JLINK_ReadMem (0x400E0A08, 0x0004 Bytes, ...) -- CPU_ReadMem(4 bytes @ 0x400E0A08) - Data: 01 00 00 00  returns 0x00 (0001ms, 57735ms total)
T1AD0 2271:281 JLINK_WriteMem(0x400E0A04, 0x0004 Bytes, ...) - Data: 0C 02 00 5A -- CPU_WriteMem(4 bytes @ 0x400E0A04)  returns 0x04 (0001ms, 57736ms total)
T1AD0 2271:282 JLINK_ReadMem (0x400E0A08, 0x0004 Bytes, ...) -- CPU_ReadMem(4 bytes @ 0x400E0A08) - Data: 01 00 00 00  returns 0x00 (0001ms, 57737ms total)
T1AD0 2271:283 JLINK_Reset() -- CPU_ReadMem(16 bytes @ 0x20000000) -- CPU_WriteMem(16 bytes @ 0x20000000) -- CPU_ReadMem(4 bytes @ 0xE000EDFC) -- CPU_WriteMem(4 bytes @ 0xE000EDFC) -- CPU_ReadMem(4 bytes @ 0xE0001000) -- CPU_WriteMem(4 bytes @ 0xE000EDFC) -- CPU_WriteMem(16 bytes @ 0x20000000) -- CPU_WriteMem(4 bytes @ 0xE0002000) -- CPU_ReadMem(4 bytes @ 0xE000EDFC) -- CPU_ReadMem(4 bytes @ 0xE0001000) (0038ms, 57775ms total)
T1AD0 2271:322 JLINK_JTAG_GetDeviceID(DeviceIndex = 0)  returns 0x4BA00477 (0000ms, 57775ms total)
T1AD0 2271:322 JLINK_ReadMemU32(0x400E0740, 0x0001 Items, ...) -- CPU_ReadMem(4 bytes @ 0x400E0740) - Data: E0 0E A7 29  returns 0x01 (0001ms, 57776ms total)
T1AD0 2271:323 JLINK_ReadMemU32(0x400E0744, 0x0001 Items, ...) -- CPU_ReadMem(4 bytes @ 0x400E0744) - Data: 00 00 00 00  returns 0x01 (0001ms, 57777ms total)
T1AD0 2271:324 JLINK_WriteMem(0x400E0A04, 0x0004 Bytes, ...) - Data: 05 00 00 5A -- CPU_WriteMem(4 bytes @ 0x400E0A04)  returns 0x04 (0001ms, 57778ms total)
T1AD0 2271:325 JLINK_WriteMem(0x400E0C04, 0x0004 Bytes, ...) - Data: 05 00 00 5A -- CPU_WriteMem(4 bytes @ 0x400E0C04)  returns 0x04 (0001ms, 57779ms total)
T1AD0 2271:326 JLINK_ReadMem (0x400E0A08, 0x0004 Bytes, ...) -- CPU_ReadMem(4 bytes @ 0x400E0A08) - Data: 00 00 00 00  returns 0x00 (0001ms, 57780ms total)
T1AD0 2271:328 JLINK_ReadMem (0x400E0A08, 0x0004 Bytes, ...) -- CPU_ReadMem(4 bytes @ 0x400E0A08) - Data: 00 00 00 00  returns 0x00 (0001ms, 57781ms total)
T1E7C 2271:332 JLINK_IsHalted()  returns TRUE (0000ms, 57781ms total)
T1E7C 2271:332 JLINK_GetMOEs(...) -- CPU_ReadMem(4 bytes @ 0xE000ED30) -- CPU_WriteMem(4 bytes @ 0xE000ED30)  returns 0x01 (0002ms, 57783ms total)
T1AD0 2271:334 JLINK_ReadMem (0x400E0A08, 0x0004 Bytes, ...) -- CPU_ReadMem(4 bytes @ 0x400E0A08) - Data: 00 00 00 00  returns 0x00 (0001ms, 57784ms total)
T1E7C 2271:335 JLINK_ReadReg(R15 (PC))  returns 0x00401574 (0000ms, 57784ms total)
T1AD0 2271:351 JLINK_ReadMem (0x400E0A08, 0x0004 Bytes, ...) -- CPU_ReadMem(4 bytes @ 0x400E0A08) - Data: 00 00 00 00  returns 0x00 (0001ms, 57785ms total)
T1AD0 2271:416 JLINK_ReadMem (0x400E0A08, 0x0004 Bytes, ...) -- CPU_ReadMem(4 bytes @ 0x400E0A08) - Data: 00 00 00 00  returns 0x00 (0001ms, 57786ms total)
T1E7C 2271:535 JLINK_IsHalted()  returns TRUE (0000ms, 57786ms total)
T1AD0 2271:673 JLINK_ReadMem (0x400E0A08, 0x0004 Bytes, ...) -- CPU_ReadMem(4 bytes @ 0x400E0A08) - Data: 00 00 00 00  returns 0x00 (0001ms, 57787ms total)
T1E7C 2271:735 JLINK_IsHalted()  returns TRUE (0000ms, 57787ms total)
T1E7C 2271:935 JLINK_IsHalted()  returns TRUE (0001ms, 57788ms total)
T1E7C 2272:136 JLINK_IsHalted()  returns TRUE (0000ms, 57787ms total)
T1E7C 2272:336 JLINK_IsHalted()  returns TRUE (0001ms, 57788ms total)
T1E7C 2272:537 JLINK_IsHalted()  returns TRUE (0001ms, 57788ms total)
T1AD0 2272:675 JLINK_ReadMem (0x400E0A08, 0x0004 Bytes, ...) -- CPU_ReadMem(4 bytes @ 0x400E0A08) - Data: 00 00 00 00  returns 0x00 (0001ms, 57788ms total)
T1AD0 2272:676 JLINK_ReadMem (0x400E0C08, 0x0004 Bytes, ...) -- CPU_ReadMem(4 bytes @ 0x400E0C08) - Data: 00 00 00 00  returns 0x00 (0001ms, 57789ms total)
T1AD0 2272:678 JLINK_ReadMem (0x400E0C08, 0x0004 Bytes, ...) -- CPU_ReadMem(4 bytes @ 0x400E0C08) - Data: 00 00 00 00  returns 0x00 (0001ms, 57790ms total)
T1AD0 2272:683 JLINK_ReadMem (0x400E0C08, 0x0004 Bytes, ...) -- CPU_ReadMem(4 bytes @ 0x400E0C08) - Data: 00 00 00 00  returns 0x00 (0001ms, 57791ms total)
T1AD0 2272:700 JLINK_ReadMem (0x400E0C08, 0x0004 Bytes, ...) -- CPU_ReadMem(4 bytes @ 0x400E0C08) - Data: 00 00 00 00  returns 0x00 (0001ms, 57792ms total)
T1E7C 2272:738 JLINK_IsHalted()  returns TRUE (0000ms, 57792ms total)
T1AD0 2272:765 JLINK_ReadMem (0x400E0C08, 0x0004 Bytes, ...) -- CPU_ReadMem(4 bytes @ 0x400E0C08) - Data: 00 00 00 00  returns 0x00 (0001ms, 57793ms total)
T1E7C 2272:938 JLINK_IsHalted()  returns TRUE (0000ms, 57793ms total)
T1AD0 2273:022 JLINK_ReadMem (0x400E0C08, 0x0004 Bytes, ...) -- CPU_ReadMem(4 bytes @ 0x400E0C08) - Data: 00 00 00 00  returns 0x00 (0001ms, 57794ms total)
T1E7C 2273:138 JLINK_IsHalted()  returns TRUE (0001ms, 57795ms total)
T1E7C 2273:339 JLINK_IsHalted()  returns TRUE (0001ms, 57795ms total)
T1E7C 2273:540 JLINK_IsHalted()  returns TRUE (0000ms, 57794ms total)
T1E7C 2273:740 JLINK_IsHalted()  returns TRUE (0001ms, 57795ms total)
T1E7C 2273:941 JLINK_IsHalted()  returns TRUE (0000ms, 57794ms total)
T1AD0 2274:023 JLINK_ReadMem (0x400E0C08, 0x0004 Bytes, ...) -- CPU_ReadMem(4 bytes @ 0x400E0C08) - Data: 00 00 00 00  returns 0x00 (0001ms, 57795ms total)
T1AD0 2274:024 JLINK_ReadMem (0x400E0A08, 0x0004 Bytes, ...) -- CPU_ReadMem(4 bytes @ 0x400E0A08) - Data: 00 00 00 00  returns 0x00 (0001ms, 57796ms total)
T1AD0 2274:026 JLINK_ReadMem (0x400E0A08, 0x0004 Bytes, ...) -- CPU_ReadMem(4 bytes @ 0x400E0A08) - Data: 00 00 00 00  returns 0x00 (0001ms, 57797ms total)
T1AD0 2274:031 JLINK_ReadMem (0x400E0A08, 0x0004 Bytes, ...) -- CPU_ReadMem(4 bytes @ 0x400E0A08) - Data: 00 00 00 00  returns 0x00 (0001ms, 57798ms total)
T1AD0 2274:048 JLINK_ReadMem (0x400E0A08, 0x0004 Bytes, ...) -- CPU_ReadMem(4 bytes @ 0x400E0A08) - Data: 00 00 00 00  returns 0x00 (0001ms, 57799ms total)
T1AD0 2274:113 JLINK_ReadMem (0x400E0A08, 0x0004 Bytes, ...) -- CPU_ReadMem(4 bytes @ 0x400E0A08) - Data: 00 00 00 00  returns 0x00 (0001ms, 57800ms total)
T1E7C 2274:141 JLINK_IsHalted()  returns TRUE (0000ms, 57800ms total)
T1E7C 2274:341 JLINK_IsHalted()  returns TRUE (0002ms, 57802ms total)
T1AD0 2274:370 JLINK_ReadMem (0x400E0A08, 0x0004 Bytes, ...) -- CPU_ReadMem(4 bytes @ 0x400E0A08) - Data: 00 00 00 00  returns 0x00 (0001ms, 57801ms total)
T1E7C 2274:543 JLINK_IsHalted()  returns TRUE (0000ms, 57801ms total)
T1E7C 2274:743 JLINK_IsHalted()  returns TRUE (0000ms, 57801ms total)
T1E7C 2274:943 JLINK_IsHalted()  returns TRUE (0001ms, 57802ms total)
T1E7C 2275:144 JLINK_IsHalted()  returns TRUE (0000ms, 57801ms total)
T1E7C 2275:344 JLINK_IsHalted()  returns TRUE (0001ms, 57802ms total)
T1AD0 2275:371 JLINK_ReadMem (0x400E0A08, 0x0004 Bytes, ...) -- CPU_ReadMem(4 bytes @ 0x400E0A08) - Data: 00 00 00 00  returns 0x00 (0001ms, 57802ms total)
T1AD0 2275:372 JLINK_ReadMem (0x400E0C08, 0x0004 Bytes, ...) -- CPU_ReadMem(4 bytes @ 0x400E0C08) - Data: 01 00 00 00  returns 0x00 (0001ms, 57803ms total)
T1AD0 2275:373 JLINK_ReadMem (0x400E0A08, 0x0004 Bytes, ...) -- CPU_ReadMem(4 bytes @ 0x400E0A08) - Data: 00 00 00 00  returns 0x00 (0001ms, 57804ms total)
T1AD0 2275:375 JLINK_ReadMem (0x400E0A08, 0x0004 Bytes, ...) -- CPU_ReadMem(4 bytes @ 0x400E0A08) - Data: 00 00 00 00  returns 0x00 (0001ms, 57805ms total)
T1AD0 2275:380 JLINK_ReadMem (0x400E0A08, 0x0004 Bytes, ...) -- CPU_ReadMem(4 bytes @ 0x400E0A08) - Data: 00 00 00 00  returns 0x00 (0001ms, 57806ms total)
T1AD0 2275:397 JLINK_ReadMem (0x400E0A08, 0x0004 Bytes, ...) -- CPU_ReadMem(4 bytes @ 0x400E0A08) - Data: 00 00 00 00  returns 0x00 (0001ms, 57807ms total)
T1AD0 2275:462 JLINK_ReadMem (0x400E0A08, 0x0004 Bytes, ...) -- CPU_ReadMem(4 bytes @ 0x400E0A08) - Data: 00 00 00 00  returns 0x00 (0001ms, 57808ms total)
T1E7C 2275:545 JLINK_IsHalted()  returns TRUE (0001ms, 57809ms total)
T1AD0 2275:719 JLINK_ReadMem (0x400E0A08, 0x0004 Bytes, ...) -- CPU_ReadMem(4 bytes @ 0x400E0A08) - Data: 01 00 00 00  returns 0x00 (0001ms, 57809ms total)
T1E7C 2275:746 JLINK_IsHalted()  returns TRUE (0000ms, 57809ms total)
T1AD0 2275:746 JLINK_ResetPullsRESET(ON) (0000ms, 57809ms total)
T1AD0 2275:746 JLINK_ResetNoHalt() >0x2F8 JTAG>TotalIRLen = 4, IRPrint = 0x01 >0x30 JTAG> >0x210 JTAG> >0x70 JTAG> >0x40 JTAG> >0x40 JTAG> >0x40 JTAG> >0x48 JTAG> >0x78 JTAG> >0x40 JTAG> >0x30 JTAG> >0x40 JTAG> >0x40 JTAG> >0x30 JTAG> >0x40 JTAG> >0x48 JTAG>Found Cortex-M4 r0p1, Little endian. -- CPU_WriteMem(4 bytes @ 0xE0002000) -- CPU_ReadMem(4 bytes @ 0xE000EDF0) -- CPU_ReadMem(4 bytes @ 0xE0002000)FPUnit: 6 code (BP) slots and 2 literal slots -- CPU_ReadMem(4 bytes @ 0xE000EDFC)
 -- CPU_ReadMem(4 bytes @ 0xE0001000) -- CPU_ReadMem(4 bytes @ 0xE000ED88) -- CPU_WriteMem(4 bytes @ 0xE000ED88) -- CPU_ReadMem(4 bytes @ 0xE000ED88) -- CPU_WriteMem(4 bytes @ 0xE000ED88)CoreSight components:ROMTbl 0 @ E00FF000 -- CPU_ReadMem(16 bytes @ 0xE00FF000) -- CPU_ReadMem(16 bytes @ 0xE000EFF0) -- CPU_ReadMem(16 bytes @ 0xE000EFE0)ROMTbl 0 [0]: FFF0F000, CID: B105E00D, PID: 000BB000 SCS -- CPU_WriteMem(4 bytes @ 0xE0001000) -- CPU_ReadMem(16 bytes @ 0xE0001FF0)
 -- CPU_ReadMem(16 bytes @ 0xE0001FE0)ROMTbl 0 [1]: FFF02000, CID: B105E00D, PID: 003BB002 DWT -- CPU_ReadMem(16 bytes @ 0xE0002FF0) -- CPU_ReadMem(16 bytes @ 0xE0002FE0)ROMTbl 0 [2]: FFF03000, CID: B105E00D, PID: 002BB003 FPB -- CPU_ReadMem(16 bytes @ 0xE0000FF0) -- CPU_ReadMem(16 bytes @ 0xE0000FE0)ROMTbl 0 [3]: FFF01000, CID: B105E00D, PID: 003BB001 ITM -- CPU_ReadMem(16 bytes @ 0xE00FF010) -- CPU_ReadMem(16 bytes @ 0xE0040FF0) -- CPU_ReadMem(16 bytes @ 0xE0040FE0)
ROMTbl 0 [4]: FFF41000, CID: B105900D, PID: 000BB9A1 TPIU
                JLINK_Reset() -- CPU_ReadMem(16 bytes @ 0x20000000) -- CPU_WriteMem(16 bytes @ 0x20000000) -- CPU_ReadMem(4 bytes @ 0xE000EDFC) -- CPU_WriteMem(4 bytes @ 0xE000EDFC) -- CPU_ReadMem(4 bytes @ 0xE0001000) -- CPU_WriteMem(4 bytes @ 0xE0001004) -- CPU_WriteMem(4 bytes @ 0xE000EDFC) -- CPU_WriteMem(16 bytes @ 0x20000000) -- CPU_WriteMem(4 bytes @ 0xE0002000) -- CPU_ReadMem(4 bytes @ 0xE000EDFC) -- CPU_ReadMem(4 bytes @ 0xE0001000) (0039ms, 0039ms total)
                JLINK_Go() -- CPU_ReadMem(4 bytes @ 0xE0001000) -- CPU_WriteMem(4 bytes @ 0xE0001004) (0003ms, 0042ms total)
               (0087ms, 57896ms total)
T1AD0 2275:833 JLINK_ExecCommand("ProjectFile = T:\pasta2\entregas\13 - LCD\ILI93XX_EXAMPLE2\jlink.config", ...)  returns 0x00 (0000ms, 57896ms total)
T1AD0 2275:841 JLINK_ExecCommand("Device = AT91SAM4SD32C", ...)Device "ATSAM4SD32C" selected.  returns 0x00 (0000ms, 57896ms total)
T1AD0 2275:841 JLINK_TIF_Select(JLINKARM_TIF_JTAG)  returns 0x00 (0000ms, 57896ms total)
T1AD0 2275:841 JLINK_GetIdData(...) ScanLen=4 NumDevices=1 aId[0]=0x4BA00477 aIrRead[0]=0 aScanLen[0]=0 aScanRead[0]=0 (0000ms, 57896ms total)
T1AD0 2275:841 JLINK_ConfigJTAG(IRPre = 0, DRPre = 0) (0000ms, 57896ms total)
T1AD0 2275:841 JLINK_SetSpeed(4000) (0000ms, 57896ms total)
T1AD0 2275:841 JLINK_ResetPullsRESET(OFF) (0000ms, 57896ms total)
T1AD0 2275:841 JLINK_Connect() >0x2F8 JTAG>TotalIRLen = 4, IRPrint = 0x01 >0x30 JTAG> >0x210 JTAG> >0x70 JTAG> >0x40 JTAG> >0x40 JTAG> >0x40 JTAG> >0x48 JTAG> >0x78 JTAG> >0x40 JTAG> >0x30 JTAG> >0x40 JTAG> >0x40 JTAG> >0x30 JTAG> >0x40 JTAG> >0x48 JTAG>Found Cortex-M4 r0p1, Little endian. -- CPU_WriteMem(4 bytes @ 0xE0002000) -- CPU_ReadMem(4 bytes @ 0xE000EDF0) -- CPU_ReadMem(4 bytes @ 0xE0002000)FPUnit: 6 code (BP) slots and 2 literal slots -- CPU_ReadMem(4 bytes @ 0xE000EDFC)
 -- CPU_ReadMem(4 bytes @ 0xE0001000) -- CPU_WriteMem(4 bytes @ 0xE0001000) -- CPU_ReadMem(4 bytes @ 0xE000ED88) -- CPU_WriteMem(4 bytes @ 0xE000ED88) -- CPU_ReadMem(4 bytes @ 0xE000ED88) -- CPU_WriteMem(4 bytes @ 0xE000ED88)CoreSight components:ROMTbl 0 @ E00FF000 -- CPU_ReadMem(16 bytes @ 0xE00FF000) -- CPU_ReadMem(16 bytes @ 0xE000EFF0) -- CPU_ReadMem(16 bytes @ 0xE000EFE0)ROMTbl 0 [0]: FFF0F000, CID: B105E00D, PID: 000BB000 SCS -- CPU_ReadMem(16 bytes @ 0xE0001FF0)
 -- CPU_ReadMem(16 bytes @ 0xE0001FE0)ROMTbl 0 [1]: FFF02000, CID: B105E00D, PID: 003BB002 DWT -- CPU_ReadMem(16 bytes @ 0xE0002FF0) -- CPU_ReadMem(16 bytes @ 0xE0002FE0)ROMTbl 0 [2]: FFF03000, CID: B105E00D, PID: 002BB003 FPB -- CPU_ReadMem(16 bytes @ 0xE0000FF0) -- CPU_ReadMem(16 bytes @ 0xE0000FE0)ROMTbl 0 [3]: FFF01000, CID: B105E00D, PID: 003BB001 ITM -- CPU_ReadMem(16 bytes @ 0xE00FF010) -- CPU_ReadMem(16 bytes @ 0xE0040FF0) -- CPU_ReadMem(16 bytes @ 0xE0040FE0)
ROMTbl 0 [4]: FFF41000, CID: B105900D, PID: 000BB9A1 TPIU  returns 0x00 (0041ms, 57937ms total)
T1AD0 2275:882 JLINK_WriteMem(0xE0001020, 0x0004 Bytes, ...) - Data: 00 00 00 00 -- CPU is running -- CPU_WriteMem(4 bytes @ 0xE0001020)  returns 0x04 (0002ms, 57939ms total)
T1AD0 2275:884 JLINK_WriteMem(0xE0001024, 0x0004 Bytes, ...) - Data: 00 00 00 00 -- CPU is running -- CPU_WriteMem(4 bytes @ 0xE0001024)  returns 0x04 (0001ms, 57940ms total)
T1AD0 2275:885 JLINK_WriteMem(0xE0001028, 0x0004 Bytes, ...) - Data: 00 00 00 00 -- CPU is running -- CPU_WriteMem(4 bytes @ 0xE0001028)  returns 0x04 (0001ms, 57941ms total)
T1AD0 2275:886 JLINK_WriteMem(0xE0001030, 0x0004 Bytes, ...) - Data: 00 00 00 00 -- CPU is running -- CPU_WriteMem(4 bytes @ 0xE0001030)  returns 0x04 (0001ms, 57942ms total)
T1AD0 2275:887 JLINK_WriteMem(0xE0001034, 0x0004 Bytes, ...) - Data: 00 00 00 00 -- CPU is running -- CPU_WriteMem(4 bytes @ 0xE0001034)  returns 0x04 (0001ms, 57943ms total)
T1AD0 2275:888 JLINK_WriteMem(0xE0001038, 0x0004 Bytes, ...) - Data: 00 00 00 00 -- CPU is running -- CPU_WriteMem(4 bytes @ 0xE0001038)  returns 0x04 (0001ms, 57944ms total)
T1AD0 2275:889 JLINK_WriteMem(0xE0001040, 0x0004 Bytes, ...) - Data: 00 00 00 00 -- CPU is running -- CPU_WriteMem(4 bytes @ 0xE0001040)  returns 0x04 (0001ms, 57945ms total)
T1AD0 2275:890 JLINK_WriteMem(0xE0001044, 0x0004 Bytes, ...) - Data: 00 00 00 00 -- CPU is running -- CPU_WriteMem(4 bytes @ 0xE0001044)  returns 0x04 (0001ms, 57946ms total)
T1AD0 2275:891 JLINK_WriteMem(0xE0001048, 0x0004 Bytes, ...) - Data: 00 00 00 00 -- CPU is running -- CPU_WriteMem(4 bytes @ 0xE0001048)  returns 0x04 (0001ms, 57947ms total)
T1AD0 2275:892 JLINK_WriteMem(0xE0001050, 0x0004 Bytes, ...) - Data: 00 00 00 00 -- CPU is running -- CPU_WriteMem(4 bytes @ 0xE0001050)  returns 0x04 (0001ms, 57948ms total)
T1AD0 2275:893 JLINK_WriteMem(0xE0001054, 0x0004 Bytes, ...) - Data: 00 00 00 00 -- CPU is running -- CPU_WriteMem(4 bytes @ 0xE0001054)  returns 0x04 (0001ms, 57949ms total)
T1AD0 2275:894 JLINK_WriteMem(0xE0001058, 0x0004 Bytes, ...) - Data: 00 00 00 00 -- CPU is running -- CPU_WriteMem(4 bytes @ 0xE0001058)  returns 0x04 (0001ms, 57950ms total)
T1AD0 2275:895 JLINK_Halt()  returns 0x00 (0004ms, 57954ms total)
T1AD0 2275:899 JLINK_WriteMem(0x400E0A04, 0x0004 Bytes, ...) - Data: 0B 01 00 5A -- CPU_WriteMem(4 bytes @ 0x400E0A04)  returns 0x04 (0001ms, 57955ms total)
T1AD0 2275:900 JLINK_ReadMem (0x400E0A08, 0x0004 Bytes, ...) -- CPU_ReadMem(4 bytes @ 0x400E0A08) - Data: 01 00 00 00  returns 0x00 (0001ms, 57956ms total)
T1AD0 2275:901 JLINK_WriteMem(0x400E0A04, 0x0004 Bytes, ...) - Data: 0C 02 00 5A -- CPU_WriteMem(4 bytes @ 0x400E0A04)  returns 0x04 (0001ms, 57957ms total)
T1AD0 2275:902 JLINK_ReadMem (0x400E0A08, 0x0004 Bytes, ...) -- CPU_ReadMem(4 bytes @ 0x400E0A08) - Data: 01 00 00 00  returns 0x00 (0001ms, 57958ms total)
T1AD0 2275:903 JLINK_Reset() -- CPU_ReadMem(16 bytes @ 0x20000000) -- CPU_WriteMem(16 bytes @ 0x20000000) -- CPU_ReadMem(4 bytes @ 0xE000EDFC) -- CPU_WriteMem(4 bytes @ 0xE000EDFC) -- CPU_ReadMem(4 bytes @ 0xE0001000) -- CPU_WriteMem(4 bytes @ 0xE000EDFC) -- CPU_WriteMem(16 bytes @ 0x20000000) -- CPU_WriteMem(4 bytes @ 0xE0002000) -- CPU_ReadMem(4 bytes @ 0xE000EDFC) -- CPU_ReadMem(4 bytes @ 0xE0001000) (0029ms, 57987ms total)
T1AD0 2275:933 JLINK_JTAG_GetDeviceID(DeviceIndex = 0)  returns 0x4BA00477 (0000ms, 57987ms total)
T1AD0 2275:933 JLINK_ReadMemU32(0x400E0740, 0x0001 Items, ...) -- CPU_ReadMem(4 bytes @ 0x400E0740) - Data: E0 0E A7 29  returns 0x01 (0001ms, 57988ms total)
T1AD0 2275:934 JLINK_ReadMemU32(0x400E0744, 0x0001 Items, ...) -- CPU_ReadMem(4 bytes @ 0x400E0744) - Data: 00 00 00 00  returns 0x01 (0001ms, 57989ms total)
T1AD0 2275:938 JLINK_BeginDownload(Flags = 0x00) (0000ms, 57989ms total)
T1AD0 2275:938 JLINK_WriteMem(0x00400000, 0x4000 Bytes, ...) - Data: 50 3D 00 20 75 15 40 00 71 15 40 00 71 15 40 00 ...  returns 0x4000 (0000ms, 57989ms total)
T1AD0 2275:938 JLINK_WriteMem(0x00404000, 0x37A4 Bytes, ...) - Data: 9F FA 00 28 7F F7 76 AF 04 9A 07 99 31 23 01 32 ...  returns 0x37A4 (0000ms, 57989ms total)
T1AD0 2275:938 JLINK_WriteMem(0x004077A4, 0x0008 Bytes, ...) - Data: 68 F1 FF 7F 01 00 00 00  returns 0x08 (0000ms, 57989ms total)
T1AD0 2275:938 JLINK_WriteMem(0x004077AC, 0x088C Bytes, ...) - Data: 01 00 00 00 F0 00 00 00 40 01 00 00 00 00 20 00 ...  returns 0x88C (0000ms, 57989ms total)
T1D18 2275:943 JLINK_IsHalted()  returns TRUE (0000ms, 57989ms total)
T1D18 2275:943 JLINK_GetMOEs(...) -- CPU_ReadMem(4 bytes @ 0xE000ED30) -- CPU_WriteMem(4 bytes @ 0xE000ED30)  returns 0x01 (0002ms, 57991ms total)
T1D18 2275:945 JLINK_ReadReg(R15 (PC)) -- -------------------------------------- -- Start of determining dirty areas in flash cache -- End of determining dirty areas -- Start of preparing flash programming -- Calculating RAM usage -- RAM usage = 3908 Bytes -- Preserving registers -- Preparing memory -- Determining CPU clock frequency -- CPU clock frequency: 4024 kHz -- CPU frequency = 4024 kHz -- Preparing target -- Downloading RAMCode -- Using alternate TurboMode RAMCode -- Checking target RAM
 -- Preparing RAMCode -- End of preparing flash programmingCPU is running at low speed (4024 kHz). -- CPU is running at 4024 kHz. -- Start of comparing flash -- Read back was estimated as fastest method -- Comparing range 0x400000 - 0x403FFF (32 Sectors, 16 KB), using multi-block CRC calculation -- CPU is running -- CPU_ReadMem(512 bytes @ 0x00400000) -- CPU is running -- CPU_ReadMem(512 bytes @ 0x00400200) -- CPU is running -- CPU_ReadMem(512 bytes @ 0x00400400) -- CPU is running
 -- CPU_ReadMem(512 bytes @ 0x00400600) -- CPU is running -- CPU_ReadMem(512 bytes @ 0x00400800) -- CPU is running -- CPU_ReadMem(512 bytes @ 0x00400A00) -- CPU is running -- CPU_ReadMem(512 bytes @ 0x00400C00) -- CPU is running -- CPU_ReadMem(512 bytes @ 0x00400E00) -- CPU is running -- CPU_ReadMem(512 bytes @ 0x00401000) -- CPU is running -- CPU_ReadMem(512 bytes @ 0x00401200) -- CPU is running -- CPU_ReadMem(512 bytes @ 0x00401400) -- CPU is running -- CPU_ReadMem(512 bytes @ 0x00401600)
 -- CPU is running -- CPU_ReadMem(512 bytes @ 0x00401800) -- CPU is running -- CPU_ReadMem(512 bytes @ 0x00401A00) -- CPU is running -- CPU_ReadMem(512 bytes @ 0x00401C00) -- CPU is running -- CPU_ReadMem(512 bytes @ 0x00401E00) -- CPU is running -- CPU_ReadMem(512 bytes @ 0x00402000) -- CPU is running -- CPU_ReadMem(512 bytes @ 0x00402200) -- CPU is running -- CPU_ReadMem(512 bytes @ 0x00402400) -- CPU is running -- CPU_ReadMem(512 bytes @ 0x00402600) -- CPU is running
 -- CPU_ReadMem(512 bytes @ 0x00402800) -- CPU is running -- CPU_ReadMem(512 bytes @ 0x00402A00) -- CPU is running -- CPU_ReadMem(512 bytes @ 0x00402C00) -- CPU is running -- CPU_ReadMem(512 bytes @ 0x00402E00) -- CPU is running -- CPU_ReadMem(512 bytes @ 0x00403000) -- CPU is running -- CPU_ReadMem(512 bytes @ 0x00403200) -- CPU is running -- CPU_ReadMem(512 bytes @ 0x00403400) -- CPU is running -- CPU_ReadMem(512 bytes @ 0x00403600) -- CPU is running -- CPU_ReadMem(512 bytes @ 0x00403800)
 -- CPU is running -- CPU_ReadMem(512 bytes @ 0x00403A00) -- CPU is running -- CPU_ReadMem(512 bytes @ 0x00403C00) -- CPU is running -- CPU_ReadMem(512 bytes @ 0x00403E00) -- CRC does not match for sectors 0-31 -- Comparing range 0x404000 - 0x408FFF (5 Sectors, 20 KB), using multi-block CRC calculation -- CPU is running -- CPU_ReadMem(4096 bytes @ 0x00404000) -- CPU is running -- CPU_ReadMem(4096 bytes @ 0x00405000) -- CPU is running -- CPU_ReadMem(4096 bytes @ 0x00406000) -- CPU is running
 -- CPU_ReadMem(4096 bytes @ 0x00407000) -- CPU is running -- CPU_ReadMem(4096 bytes @ 0x00408000) -- CRC does not match for sectors 0-4 -- End of comparing flash -- Start of erasing sectors -- End of erasing sectors -- Start of flash programming -- Programming range 0x00400000 - 0x00403FFF (032 Sectors, 16 KB) -- Programming range 0x00404000 - 0x00407FFF (004 Sectors, 16 KB) -- Programming range 0x00408000 - 0x00408FFF (001 Sector, 4 KB) -- End of flash programming
 -- Flash programming performed for 2 ranges (36864 bytes) -- 0x400000 - 0x403FFF (032 Sectors, 16 KB) -- 0x404000 - 0x408FFF (005 Sectors, 20 KB) -- Start of verifying flash -- Checksum calculation was estimated as fastest method -- Checksum calculation was estimated as fastest method -- End of verifying flash -- Start of restoring -- Restore RAMCode -- Restore content of target memory -- Restore target -- Restore memory -- Restore content of registers -- End of restoring
 -- Total time needed: 0.755s (Prepare: 0.092s, Compare: 0.263s, Erase: 0.000s, Program: 0.368s, Verify: 0.024s, Restore: 0.006s)  returns 0xFFFFFFFE (0757ms, 58748ms total)
T0DFC 2276:755 JLINK_Halt()  returns 0x00 (0001ms, 58749ms total)
T0DFC 2276:756 JLINK_ReadReg(R15 (PC))  returns 0xFFFFFFFE (0000ms, 58749ms total)
T0DFC 2276:756 JLINK_ReadReg(R13 (SP))  returns 0xFFFFFFFC (0000ms, 58749ms total)
T0DFC 2276:815 JLINK_ReadReg(R0)  returns 0x400E1400 (0000ms, 58749ms total)
T0DFC 2276:815 JLINK_ReadReg(R1)  returns 0x40C00000 (0000ms, 58749ms total)
T0DFC 2276:815 JLINK_ReadReg(R2)  returns 0xA5000005 (0000ms, 58749ms total)
T0DFC 2276:815 JLINK_ReadReg(R3)  returns 0x20000000 (0000ms, 58749ms total)
T0DFC 2276:815 JLINK_ReadReg(R4)  returns 0x00401235 (0000ms, 58749ms total)
T0DFC 2276:815 JLINK_ReadReg(R5)  returns 0x00000002 (0000ms, 58749ms total)
T0DFC 2276:815 JLINK_ReadReg(R6)  returns 0xE000E100 (0000ms, 58749ms total)
T0DFC 2276:815 JLINK_ReadReg(R7)  returns 0x00400D99 (0000ms, 58749ms total)
T0DFC 2276:815 JLINK_ReadReg(R8)  returns 0x00401011 (0000ms, 58749ms total)
T0DFC 2276:815 JLINK_ReadReg(R9)  returns 0x00FFFFFF (0000ms, 58749ms total)
T0DFC 2276:815 JLINK_ReadReg(R10)  returns 0x0273533E (0000ms, 58749ms total)
T0DFC 2276:815 JLINK_ReadReg(R11)  returns 0xAA75157C (0000ms, 58749ms total)
T0DFC 2276:815 JLINK_ReadReg(R12)  returns 0x00000000 (0000ms, 58749ms total)
T0DFC 2276:815 JLINK_ReadReg(R13 (SP))  returns 0xFFFFFFFC (0000ms, 58749ms total)
T0DFC 2276:815 JLINK_ReadReg(R14)  returns 0xFFFFFFFF (0000ms, 58749ms total)
T0DFC 2276:815 JLINK_ReadReg(R15 (PC))  returns 0xFFFFFFFE (0000ms, 58749ms total)
T0DFC 2276:815 JLINK_ReadReg(XPSR)  returns 0x01000000 (0000ms, 58749ms total)
T0DFC 2276:815 JLINK_ReadReg(MSP)  returns 0xFFFFFFFC (0000ms, 58749ms total)
T0DFC 2276:815 JLINK_ReadReg(PSP)  returns 0x612022E8 (0000ms, 58749ms total)
T0DFC 2276:815 JLINK_ReadReg(PRIMASK)  returns 0x00000000 (0000ms, 58749ms total)
T0DFC 2276:815 JLINK_ReadReg(BASEPRI)  returns 0x00000000 (0000ms, 58749ms total)
T0DFC 2276:815 JLINK_ReadReg(FAULTMASK)  returns 0x00000000 (0000ms, 58749ms total)
T0DFC 2276:815 JLINK_ReadReg(CONTROL)  returns 0x00000000 (0000ms, 58749ms total)
T0DFC 2276:825 JLINK_EndDownload()  returns 0x00 (0000ms, 58749ms total)
T0DFC 2276:825 JLINK_Reset() -- CPU_ReadMem(16 bytes @ 0x20000000) -- CPU_WriteMem(16 bytes @ 0x20000000) -- CPU_ReadMem(4 bytes @ 0xE000EDFC) -- CPU_WriteMem(4 bytes @ 0xE000EDFC) -- CPU_ReadMem(4 bytes @ 0xE0001000) -- CPU_WriteMem(4 bytes @ 0xE000EDFC) -- CPU_WriteMem(16 bytes @ 0x20000000) -- CPU_WriteMem(4 bytes @ 0xE0002000) -- CPU_ReadMem(4 bytes @ 0xE000EDFC) -- CPU_ReadMem(4 bytes @ 0xE0001000) (0030ms, 58779ms total)
T1D18 2276:855 JLINK_IsHalted()  returns TRUE (0000ms, 58779ms total)
T1D18 2276:855 JLINK_GetMOEs(...) -- CPU_ReadMem(4 bytes @ 0xE000ED30) -- CPU_WriteMem(4 bytes @ 0xE000ED30)  returns 0x01 (0002ms, 58781ms total)
T1D18 2276:857 JLINK_ReadReg(R15 (PC))  returns 0x00401574 (0000ms, 58781ms total)
T0DFC 2276:865 JLINK_ReadReg(R15 (PC))  returns 0x00401574 (0000ms, 58781ms total)
T0DFC 2276:865 JLINK_ReadReg(R13 (SP))  returns 0x20003D50 (0000ms, 58781ms total)
T0DFC 2276:870 JLINK_ReadMemHW(0x00401574, 0x0004 Bytes, ...) -- CPU_ReadMem(4 bytes @ 0x00401574) - Data: 08 B5 20 4B  returns 0x00 (0001ms, 58782ms total)
T0DFC 2276:902 JLINK_ReadMemHW(0x00401A4C, 0x0001 Bytes, ...) -- CPU_ReadMem(1 bytes @ 0x00401A4C) - Data: 80  returns 0x00 (0001ms, 58783ms total)
T0DFC 2276:943 JLINK_ReadReg(R15 (PC))  returns 0x00401574 (0000ms, 58783ms total)
T0DFC 2276:943 JLINK_GetNumBPUnits(Type = 0xFFFFFF02)  returns 0x06 (0000ms, 58783ms total)
T0DFC 2276:943 JLINK_SetBPEx(Addr = 0x00401A4C, Type = 0xFFFFFF02)  returns 0x00000001 (0000ms, 58783ms total)
T0DFC 2276:943 JLINK_GetBPInfo(BPHandle = 1)  returns 0x00 (0000ms, 58783ms total)
T0DFC 2276:943 JLINK_Go() -- CPU_ReadMem(4 bytes @ 0xE0001000) -- CPU_WriteMem(4 bytes @ 0xE0002008) -- CPU_WriteMem(4 bytes @ 0xE000200C) -- CPU_WriteMem(4 bytes @ 0xE0002010) -- CPU_WriteMem(4 bytes @ 0xE0002014) -- CPU_WriteMem(4 bytes @ 0xE0002018) -- CPU_WriteMem(4 bytes @ 0xE000201C) -- CPU_WriteMem(4 bytes @ 0xE0001004) (0009ms, 58792ms total)
T1D18 2276:952 JLINK_IsHalted()  returns FALSE (0001ms, 58793ms total)
T1D18 2276:973 JLINK_IsHalted()  returns TRUE (0003ms, 58795ms total)
T1D18 2276:976 JLINK_GetMOEs(...) -- CPU_ReadMem(4 bytes @ 0xE000ED30) -- CPU_WriteMem(4 bytes @ 0xE000ED30)  returns 0x01 (0002ms, 58794ms total)
T1D18 2276:978 JLINK_ReadReg(R15 (PC))  returns 0x00401A4C (0000ms, 58794ms total)
T1D18 2276:978 JLINK_GetBPInfo(BPHandle = 1)  returns 0x00 (0000ms, 58794ms total)
T1D18 2276:978 JLINK_ClrBPEx(BPHandle = 0x00000001)  returns 0x00 (0000ms, 58794ms total)
T0DFC 2276:982 JLINK_ReadReg(R15 (PC))  returns 0x00401A4C (0000ms, 58794ms total)
T0DFC 2276:982 JLINK_ReadReg(R13 (SP))  returns 0x20003D48 (0000ms, 58794ms total)
T0DFC 2276:982 JLINK_ReadMemHW(0x00401A4C, 0x0004 Bytes, ...) -- CPU_ReadMem(4 bytes @ 0x00401A4C) - Data: 80 B5 86 B0  returns 0x00 (0001ms, 58795ms total)
T0DFC 2276:994 JLINK_ReadReg(R15 (PC))  returns 0x00401A4C (0000ms, 58795ms total)
T0DFC 2276:994 JLINK_Go() -- CPU_ReadMem(4 bytes @ 0xE0001000) -- CPU_WriteMem(4 bytes @ 0xE0002008) (0003ms, 58798ms total)
T1D18 2276:997 JLINK_IsHalted()  returns FALSE (0001ms, 58799ms total)
T1D18 2277:038 JLINK_IsHalted()  returns FALSE (0001ms, 58799ms total)
T1D18 2277:199 JLINK_IsHalted()  returns FALSE (0001ms, 58799ms total)
T1D18 2277:840 JLINK_IsHalted()  returns FALSE (0002ms, 58800ms total)
T1D18 2278:482 JLINK_IsHalted()  returns FALSE (0001ms, 58799ms total)
T1D18 2279:123 JLINK_IsHalted()  returns FALSE (0002ms, 58800ms total)
T1D18 2279:765 JLINK_IsHalted()  returns FALSE (0001ms, 58799ms total)
T1D18 2280:406 JLINK_IsHalted()  returns FALSE (0002ms, 58800ms total)
T1D18 2281:048 JLINK_IsHalted()  returns FALSE (0001ms, 58799ms total)
T1D18 2281:689 JLINK_IsHalted()  returns FALSE (0002ms, 58800ms total)
T1D18 2282:331 JLINK_IsHalted()  returns FALSE (0001ms, 58799ms total)
T1D18 2282:973 JLINK_IsHalted()  returns FALSE (0002ms, 58800ms total)
T1D18 2283:615 JLINK_IsHalted()  returns FALSE (0001ms, 58799ms total)
T1D18 2284:256 JLINK_IsHalted()  returns FALSE (0002ms, 58800ms total)
T1D18 2284:898 JLINK_IsHalted()  returns FALSE (0001ms, 58799ms total)
T1D18 2285:539 JLINK_IsHalted()  returns FALSE (0002ms, 58800ms total)
T1D18 2286:181 JLINK_IsHalted()  returns FALSE (0001ms, 58799ms total)
T1D18 2286:822 JLINK_IsHalted()  returns FALSE (0002ms, 58800ms total)
T1D18 2287:464 JLINK_IsHalted()  returns FALSE (0001ms, 58799ms total)
T1D18 2288:105 JLINK_IsHalted()  returns FALSE (0002ms, 58800ms total)
T1D18 2288:747 JLINK_IsHalted()  returns FALSE (0001ms, 58799ms total)
T1D18 2289:388 JLINK_IsHalted()  returns FALSE (0002ms, 58800ms total)
T1D18 2290:030 JLINK_IsHalted()  returns FALSE (0001ms, 58799ms total)
T1D18 2290:671 JLINK_IsHalted()  returns FALSE (0002ms, 58800ms total)
T1D18 2291:313 JLINK_IsHalted()  returns FALSE (0001ms, 58799ms total)
T1D18 2291:954 JLINK_IsHalted()  returns FALSE (0002ms, 58800ms total)
T1D18 2292:596 JLINK_IsHalted()  returns FALSE (0001ms, 58799ms total)
T1D18 2293:237 JLINK_IsHalted()  returns FALSE (0002ms, 58800ms total)
T1D18 2293:879 JLINK_IsHalted()  returns FALSE (0001ms, 58799ms total)
T1D18 2294:520 JLINK_IsHalted()  returns FALSE (0002ms, 58800ms total)
T1D18 2295:162 JLINK_IsHalted()  returns FALSE (0001ms, 58799ms total)
T1D18 2295:803 JLINK_IsHalted()  returns FALSE (0002ms, 58800ms total)
T1D18 2296:445 JLINK_IsHalted()  returns FALSE (0001ms, 58799ms total)
T1D18 2297:086 JLINK_IsHalted()  returns FALSE (0002ms, 58800ms total)
T1D18 2297:728 JLINK_IsHalted()  returns FALSE (0001ms, 58799ms total)
T1D18 2298:369 JLINK_IsHalted()  returns FALSE (0002ms, 58800ms total)
T1D18 2299:011 JLINK_IsHalted()  returns FALSE (0001ms, 58799ms total)
T1D18 2299:652 JLINK_IsHalted()  returns FALSE (0002ms, 58800ms total)
T1D18 2300:295 JLINK_IsHalted()  returns FALSE (0001ms, 58799ms total)
T1D18 2300:936 JLINK_IsHalted()  returns FALSE (0002ms, 58800ms total)
T1D18 2301:578 JLINK_IsHalted()  returns FALSE (0001ms, 58799ms total)
T1D18 2302:219 JLINK_IsHalted()  returns FALSE (0002ms, 58800ms total)
T1D18 2302:861 JLINK_IsHalted()  returns FALSE (0001ms, 58799ms total)
T1D18 2303:502 JLINK_IsHalted()  returns FALSE (0002ms, 58800ms total)
T1D18 2304:144 JLINK_IsHalted()  returns FALSE (0001ms, 58799ms total)
T1D18 2304:785 JLINK_IsHalted()  returns FALSE (0002ms, 58800ms total)
T1D18 2305:427 JLINK_IsHalted()  returns FALSE (0001ms, 58799ms total)
T1D18 2306:068 JLINK_IsHalted()  returns FALSE (0002ms, 58800ms total)
T1D18 2306:710 JLINK_IsHalted()  returns FALSE (0001ms, 58799ms total)
T1D18 2307:351 JLINK_IsHalted()  returns FALSE (0002ms, 58800ms total)
T1D18 2307:993 JLINK_IsHalted()  returns FALSE (0001ms, 58799ms total)
T1D18 2308:634 JLINK_IsHalted()  returns FALSE (0002ms, 58800ms total)
T1D18 2309:276 JLINK_IsHalted()  returns FALSE (0001ms, 58799ms total)
T1D18 2309:917 JLINK_IsHalted()  returns FALSE (0002ms, 58800ms total)
T1D18 2310:559 JLINK_IsHalted()  returns FALSE (0001ms, 58799ms total)
T1D18 2311:200 JLINK_IsHalted()  returns FALSE (0002ms, 58800ms total)
T1D18 2311:842 JLINK_IsHalted()  returns FALSE (0001ms, 58799ms total)
T1D18 2312:483 JLINK_IsHalted()  returns FALSE (0002ms, 58800ms total)
T1D18 2313:125 JLINK_IsHalted()  returns FALSE (0001ms, 58799ms total)
T1D18 2313:766 JLINK_IsHalted()  returns FALSE (0002ms, 58800ms total)
T1D18 2314:408 JLINK_IsHalted()  returns FALSE (0001ms, 58799ms total)
T1D18 2315:049 JLINK_IsHalted()  returns FALSE (0002ms, 58800ms total)
T1D18 2315:691 JLINK_IsHalted()  returns FALSE (0001ms, 58799ms total)
T1D18 2316:332 JLINK_IsHalted()  returns FALSE (0002ms, 58800ms total)
T1D18 2316:974 JLINK_IsHalted()  returns FALSE (0001ms, 58799ms total)
T1D18 2317:615 JLINK_IsHalted()  returns FALSE (0002ms, 58800ms total)
T1D18 2318:258 JLINK_IsHalted()  returns FALSE (0001ms, 58799ms total)
T1D18 2318:899 JLINK_IsHalted()  returns FALSE (0002ms, 58800ms total)
T1D18 2319:541 JLINK_IsHalted()  returns FALSE (0001ms, 58799ms total)
T1D18 2320:182 JLINK_IsHalted()  returns FALSE (0002ms, 58800ms total)
T1D18 2320:824 JLINK_IsHalted()  returns FALSE (0001ms, 58799ms total)
T1D18 2321:465 JLINK_IsHalted()  returns FALSE (0002ms, 58800ms total)
T1D18 2322:107 JLINK_IsHalted()  returns FALSE (0001ms, 58799ms total)
T1D18 2322:748 JLINK_IsHalted()  returns FALSE (0002ms, 58800ms total)
T1D18 2323:390 JLINK_IsHalted()  returns FALSE (0001ms, 58799ms total)
T1D18 2324:031 JLINK_IsHalted()  returns FALSE (0002ms, 58800ms total)
T1D18 2324:673 JLINK_IsHalted()  returns FALSE (0001ms, 58799ms total)
T1D18 2325:314 JLINK_IsHalted()  returns FALSE (0002ms, 58800ms total)
T1D18 2325:956 JLINK_IsHalted()  returns FALSE (0001ms, 58799ms total)
T1D18 2326:597 JLINK_IsHalted()  returns FALSE (0002ms, 58800ms total)
T1D18 2327:239 JLINK_IsHalted()  returns FALSE (0001ms, 58799ms total)
T1D18 2327:880 JLINK_IsHalted()  returns FALSE (0002ms, 58800ms total)
T1D18 2328:522 JLINK_IsHalted()  returns FALSE (0001ms, 58799ms total)
T1D18 2329:163 JLINK_IsHalted()  returns FALSE (0002ms, 58800ms total)
T1D18 2329:805 JLINK_IsHalted()  returns FALSE (0001ms, 58799ms total)
T1D18 2330:446 JLINK_IsHalted()  returns FALSE (0002ms, 58800ms total)
T1D18 2331:088 JLINK_IsHalted()  returns FALSE (0001ms, 58799ms total)
T1D18 2331:729 JLINK_IsHalted()  returns FALSE (0353ms, 59151ms total)
T1D18 2332:722 JLINK_IsHalted()  returns FALSE (0001ms, 58799ms total)
T1D18 2333:363 JLINK_IsHalted()  returns FALSE (0002ms, 58800ms total)
T1D18 2334:006 JLINK_IsHalted()  returns FALSE (0001ms, 58799ms total)
T1D18 2334:647 JLINK_IsHalted()  returns FALSE (0002ms, 58801ms total)
T1D18 2335:290 JLINK_IsHalted()  returns FALSE (0001ms, 58800ms total)
T1D18 2335:931 JLINK_IsHalted()  returns FALSE (0002ms, 58801ms total)
T1D18 2336:573 JLINK_IsHalted()  returns FALSE (0001ms, 58800ms total)
T1D18 2337:214 JLINK_IsHalted()  returns FALSE (0002ms, 58801ms total)
T1D18 2337:856 JLINK_IsHalted()  returns FALSE (0001ms, 58800ms total)
T1D18 2338:497 JLINK_IsHalted()  returns FALSE (0002ms, 58801ms total)
T1D18 2339:139 JLINK_IsHalted()  returns FALSE (0001ms, 58800ms total)
T1D18 2339:780 JLINK_IsHalted()  returns FALSE (0002ms, 58801ms total)
T1D18 2340:422 JLINK_IsHalted()  returns FALSE (0001ms, 58800ms total)
T0DFC 2340:808 JLINK_Halt()  returns 0x00 (0005ms, 58804ms total)
T1D18 2341:063 JLINK_IsHalted()  returns TRUE (0001ms, 58805ms total)
T1D18 2341:064 JLINK_GetMOEs(...) -- CPU_ReadMem(4 bytes @ 0xE000ED30) -- CPU_WriteMem(4 bytes @ 0xE000ED30)  returns 0x01 (0002ms, 58806ms total)
T1D18 2341:066 JLINK_ReadReg(R15 (PC))  returns 0x00401266 (0000ms, 58806ms total)
T1AD0 2341:066 JLINK_ResetPullsRESET(ON) (0000ms, 58806ms total)
T1AD0 2341:066 JLINK_ResetNoHalt() >0x2F8 JTAG>TotalIRLen = 4, IRPrint = 0x01 >0x30 JTAG> >0x210 JTAG> >0x70 JTAG> >0x40 JTAG> >0x40 JTAG> >0x40 JTAG> >0x48 JTAG> >0x78 JTAG> >0x40 JTAG> >0x30 JTAG> >0x40 JTAG> >0x40 JTAG> >0x30 JTAG> >0x40 JTAG> >0x48 JTAG>Found Cortex-M4 r0p1, Little endian. -- CPU_WriteMem(4 bytes @ 0xE0002000) -- CPU_ReadMem(4 bytes @ 0xE000EDF0) -- CPU_ReadMem(4 bytes @ 0xE0002000)FPUnit: 6 code (BP) slots and 2 literal slots -- CPU_ReadMem(4 bytes @ 0xE000EDFC)
 -- CPU_ReadMem(4 bytes @ 0xE0001000) -- CPU_ReadMem(4 bytes @ 0xE000ED88) -- CPU_WriteMem(4 bytes @ 0xE000ED88) -- CPU_ReadMem(4 bytes @ 0xE000ED88) -- CPU_WriteMem(4 bytes @ 0xE000ED88)CoreSight components:ROMTbl 0 @ E00FF000 -- CPU_ReadMem(16 bytes @ 0xE00FF000) -- CPU_ReadMem(16 bytes @ 0xE000EFF0) -- CPU_ReadMem(16 bytes @ 0xE000EFE0)ROMTbl 0 [0]: FFF0F000, CID: B105E00D, PID: 000BB000 SCS -- CPU_WriteMem(4 bytes @ 0xE0001000) -- CPU_ReadMem(16 bytes @ 0xE0001FF0)
 -- CPU_ReadMem(16 bytes @ 0xE0001FE0)ROMTbl 0 [1]: FFF02000, CID: B105E00D, PID: 003BB002 DWT -- CPU_ReadMem(16 bytes @ 0xE0002FF0) -- CPU_ReadMem(16 bytes @ 0xE0002FE0)ROMTbl 0 [2]: FFF03000, CID: B105E00D, PID: 002BB003 FPB -- CPU_ReadMem(16 bytes @ 0xE0000FF0) -- CPU_ReadMem(16 bytes @ 0xE0000FE0)ROMTbl 0 [3]: FFF01000, CID: B105E00D, PID: 003BB001 ITM -- CPU_ReadMem(16 bytes @ 0xE00FF010) -- CPU_ReadMem(16 bytes @ 0xE0040FF0) -- CPU_ReadMem(16 bytes @ 0xE0040FE0)
ROMTbl 0 [4]: FFF41000, CID: B105900D, PID: 000BB9A1 TPIU
                JLINK_Reset() -- CPU_ReadMem(16 bytes @ 0x20000000) -- CPU_WriteMem(16 bytes @ 0x20000000) -- CPU_ReadMem(4 bytes @ 0xE000EDFC) -- CPU_WriteMem(4 bytes @ 0xE000EDFC) -- CPU_ReadMem(4 bytes @ 0xE0001000) -- CPU_WriteMem(4 bytes @ 0xE000EDFC) -- CPU_WriteMem(16 bytes @ 0x20000000) -- CPU_WriteMem(4 bytes @ 0xE0002000) -- CPU_ReadMem(4 bytes @ 0xE000EDFC) -- CPU_ReadMem(4 bytes @ 0xE0001000) (0030ms, 0030ms total)
                JLINK_Go() -- CPU_ReadMem(4 bytes @ 0xE0001000) -- CPU_WriteMem(4 bytes @ 0xE0002008) -- CPU_WriteMem(4 bytes @ 0xE000200C) -- CPU_WriteMem(4 bytes @ 0xE0002010) -- CPU_WriteMem(4 bytes @ 0xE0002014) -- CPU_WriteMem(4 bytes @ 0xE0002018) -- CPU_WriteMem(4 bytes @ 0xE000201C) -- CPU_WriteMem(4 bytes @ 0xE0001004) (0009ms, 0039ms total)
               (0080ms, 58886ms total)
T1AD0 2341:151 JLINK_Close() -- CPU is running -- CPU_WriteMem(4 bytes @ 0xE0002008) -- CPU is running -- CPU_WriteMem(4 bytes @ 0xE000200C) -- CPU is running -- CPU_WriteMem(4 bytes @ 0xE0002010) -- CPU is running -- CPU_WriteMem(4 bytes @ 0xE0002014) -- CPU is running -- CPU_WriteMem(4 bytes @ 0xE0002018) -- CPU is running -- CPU_WriteMem(4 bytes @ 0xE000201C) >0x78 JTAG> >0x08 JTAG> (0012ms, 58898ms total)
T1AD0 2341:151  (0012ms, 58898ms total)
T1AD0 2341:151 Closed (0012ms, 58898ms total)
