T1044 7786:018 SEGGER J-Link V4.98e Log File (0001ms, 104949ms total)
T1044 7786:018 DLL Compiled: May  5 2015 11:00:52 (0001ms, 104949ms total)
T1044 7786:018 Logging started @ 2016-03-30 17:53 (0001ms, 104949ms total)
T1044 7786:026 JLINK_ExecCommand("Device = AT91SAM4SD32C", ...)Device "ATSAM4SD32C" selected.  returns 0x00 (0000ms, 104949ms total)
T1044 7786:133 JLINK_ExecCommand("ProjectFile = T:\pasta\Aula04\GPIO_REGISTRADORES_LED\jlink.config", ...)  returns 0x00 (0001ms, 104950ms total)
T1044 7786:141 JLINK_ExecCommand("Device = AT91SAM4SD32C", ...)Device "ATSAM4SD32C" selected.  returns 0x00 (0000ms, 104950ms total)
T1044 7786:141 JLINK_TIF_Select(JLINKARM_TIF_JTAG)  returns 0x00 (0007ms, 104957ms total)
T1044 7786:148 JLINK_GetIdData(...) >0x2F8 JTAG>TotalIRLen = 4, IRPrint = 0x01 >0x30 JTAG> >0x210 JTAG> >0x70 JTAG> >0x40 JTAG> >0x40 JTAG> >0x40 JTAG> >0x48 JTAG> >0x78 JTAG> >0x40 JTAG> >0x30 JTAG> >0x40 JTAG> >0x40 JTAG> >0x30 JTAG> >0x40 JTAG> >0x48 JTAG>Found Cortex-M4 r0p1, Little endian. -- CPU_WriteMem(4 bytes @ 0xE0002000) -- CPU_ReadMem(4 bytes @ 0xE000EDF0) -- CPU_ReadMem(4 bytes @ 0xE0002000)FPUnit: 6 code (BP) slots and 2 literal slots -- CPU_ReadMem(4 bytes @ 0xE000EDFC)
 -- CPU_ReadMem(4 bytes @ 0xE0001000) -- CPU_WriteMem(4 bytes @ 0xE0001000) -- CPU_ReadMem(4 bytes @ 0xE000ED88) -- CPU_WriteMem(4 bytes @ 0xE000ED88) -- CPU_ReadMem(4 bytes @ 0xE000ED88) -- CPU_WriteMem(4 bytes @ 0xE000ED88)CoreSight components:ROMTbl 0 @ E00FF000 -- CPU_ReadMem(16 bytes @ 0xE00FF000) -- CPU_ReadMem(16 bytes @ 0xE000EFF0) -- CPU_ReadMem(16 bytes @ 0xE000EFE0)ROMTbl 0 [0]: FFF0F000, CID: B105E00D, PID: 000BB000 SCS -- CPU_ReadMem(16 bytes @ 0xE0001FF0)
 -- CPU_ReadMem(16 bytes @ 0xE0001FE0)ROMTbl 0 [1]: FFF02000, CID: B105E00D, PID: 003BB002 DWT -- CPU_ReadMem(16 bytes @ 0xE0002FF0) -- CPU_ReadMem(16 bytes @ 0xE0002FE0)ROMTbl 0 [2]: FFF03000, CID: B105E00D, PID: 002BB003 FPB -- CPU_ReadMem(16 bytes @ 0xE0000FF0) -- CPU_ReadMem(16 bytes @ 0xE0000FE0)ROMTbl 0 [3]: FFF01000, CID: B105E00D, PID: 003BB001 ITM -- CPU_ReadMem(16 bytes @ 0xE00FF010) -- CPU_ReadMem(16 bytes @ 0xE0040FF0) -- CPU_ReadMem(16 bytes @ 0xE0040FE0)
ROMTbl 0 [4]: FFF41000, CID: B105900D, PID: 000BB9A1 TPIU ScanLen=4 NumDevices=1 aId[0]=0x4BA00477 aIrRead[0]=0 aScanLen[0]=0 aScanRead[0]=0 (0045ms, 105002ms total)
T1044 7786:193 JLINK_ConfigJTAG(IRPre = 0, DRPre = 0) (0000ms, 105002ms total)
T1044 7786:193 JLINK_SetSpeed(1000) (0001ms, 105003ms total)
T1044 7786:194 JLINK_ResetPullsRESET(OFF) (0000ms, 105003ms total)
T1044 7786:194 JLINK_Connect() >0x2F8 JTAG>TotalIRLen = 4, IRPrint = 0x01 >0x30 JTAG> >0x210 JTAG> >0x70 JTAG> >0x40 JTAG> >0x40 JTAG> >0x40 JTAG> >0x48 JTAG> >0x78 JTAG> >0x40 JTAG> >0x30 JTAG> >0x40 JTAG> >0x40 JTAG> >0x30 JTAG> >0x40 JTAG> >0x48 JTAG>Found Cortex-M4 r0p1, Little endian. -- CPU_WriteMem(4 bytes @ 0xE0002000) -- CPU_ReadMem(4 bytes @ 0xE000EDF0) -- CPU_ReadMem(4 bytes @ 0xE0002000)FPUnit: 6 code (BP) slots and 2 literal slots -- CPU_ReadMem(4 bytes @ 0xE000EDFC)
 -- CPU_ReadMem(4 bytes @ 0xE0001000) -- CPU_WriteMem(4 bytes @ 0xE0001000) -- CPU_ReadMem(4 bytes @ 0xE000ED88) -- CPU_WriteMem(4 bytes @ 0xE000ED88) -- CPU_ReadMem(4 bytes @ 0xE000ED88) -- CPU_WriteMem(4 bytes @ 0xE000ED88)CoreSight components:ROMTbl 0 @ E00FF000 -- CPU_ReadMem(16 bytes @ 0xE00FF000) -- CPU_ReadMem(16 bytes @ 0xE000EFF0) -- CPU_ReadMem(16 bytes @ 0xE000EFE0)ROMTbl 0 [0]: FFF0F000, CID: B105E00D, PID: 000BB000 SCS -- CPU_ReadMem(16 bytes @ 0xE0001FF0)
 -- CPU_ReadMem(16 bytes @ 0xE0001FE0)ROMTbl 0 [1]: FFF02000, CID: B105E00D, PID: 003BB002 DWT -- CPU_ReadMem(16 bytes @ 0xE0002FF0) -- CPU_ReadMem(16 bytes @ 0xE0002FE0)ROMTbl 0 [2]: FFF03000, CID: B105E00D, PID: 002BB003 FPB -- CPU_ReadMem(16 bytes @ 0xE0000FF0) -- CPU_ReadMem(16 bytes @ 0xE0000FE0)ROMTbl 0 [3]: FFF01000, CID: B105E00D, PID: 003BB001 ITM -- CPU_ReadMem(16 bytes @ 0xE00FF010) -- CPU_ReadMem(16 bytes @ 0xE0040FF0) -- CPU_ReadMem(16 bytes @ 0xE0040FE0)
ROMTbl 0 [4]: FFF41000, CID: B105900D, PID: 000BB9A1 TPIU  returns 0x00 (0043ms, 105046ms total)
T1044 7786:237 JLINK_GetDebugInfo(0x100) -- Value=0xE00FF003  returns 0x00 (0001ms, 105047ms total)
T1044 7786:238 JLINK_ReadMem (0xE00FFFF0, 0x0010 Bytes, ...) -- CPU is running -- CPU_ReadMem(16 bytes @ 0xE00FFFF0) - Data: 0D 00 00 00 10 00 00 00 05 00 00 00 B1 00 00 00  returns 0x00 (0002ms, 105049ms total)
T1044 7786:240 JLINK_ReadMem (0xE00FFFD0, 0x0020 Bytes, ...) -- CPU is running -- CPU_ReadMem(32 bytes @ 0xE00FFFD0) - Data: 04 00 00 00 00 00 00 00 00 00 00 00 00 00 00 00 ...  returns 0x00 (0002ms, 105051ms total)
T1044 7786:242 JLINK_ReadMemU32(0xE00FF000, 0x0001 Items, ...) -- CPU is running -- CPU_ReadMem(4 bytes @ 0xE00FF000) - Data: 03 F0 F0 FF  returns 0x01 (0001ms, 105052ms total)
T1044 7786:243 JLINK_ReadMem (0xE000EFF0, 0x0010 Bytes, ...) -- CPU is running -- CPU_ReadMem(16 bytes @ 0xE000EFF0) - Data: 0D 00 00 00 E0 00 00 00 05 00 00 00 B1 00 00 00  returns 0x00 (0001ms, 105053ms total)
T1044 7786:244 JLINK_ReadMem (0xE000EFD0, 0x0020 Bytes, ...) -- CPU is running -- CPU_ReadMem(32 bytes @ 0xE000EFD0) - Data: 04 00 00 00 00 00 00 00 00 00 00 00 00 00 00 00 ...  returns 0x00 (0002ms, 105055ms total)
T1044 7786:246 JLINK_ReadMemU32(0xE00FF004, 0x0001 Items, ...) -- CPU is running -- CPU_ReadMem(4 bytes @ 0xE00FF004) - Data: 03 20 F0 FF  returns 0x01 (0001ms, 105056ms total)
T1044 7786:247 JLINK_ReadMem (0xE0001FF0, 0x0010 Bytes, ...) -- CPU is running -- CPU_ReadMem(16 bytes @ 0xE0001FF0) - Data: 0D 00 00 00 E0 00 00 00 05 00 00 00 B1 00 00 00  returns 0x00 (0001ms, 105057ms total)
T1044 7786:248 JLINK_ReadMem (0xE0001FD0, 0x0020 Bytes, ...) -- CPU is running -- CPU_ReadMem(32 bytes @ 0xE0001FD0) - Data: 04 00 00 00 00 00 00 00 00 00 00 00 00 00 00 00 ...  returns 0x00 (0002ms, 105059ms total)
T1044 7786:250 JLINK_ReadMemU32(0xE00FF008, 0x0001 Items, ...) -- CPU is running -- CPU_ReadMem(4 bytes @ 0xE00FF008) - Data: 03 30 F0 FF  returns 0x01 (0001ms, 105060ms total)
T1044 7786:251 JLINK_ReadMem (0xE0002FF0, 0x0010 Bytes, ...) -- CPU is running -- CPU_ReadMem(16 bytes @ 0xE0002FF0) - Data: 0D 00 00 00 E0 00 00 00 05 00 00 00 B1 00 00 00  returns 0x00 (0001ms, 105061ms total)
T1044 7786:252 JLINK_ReadMem (0xE0002FD0, 0x0020 Bytes, ...) -- CPU is running -- CPU_ReadMem(32 bytes @ 0xE0002FD0) - Data: 04 00 00 00 00 00 00 00 00 00 00 00 00 00 00 00 ...  returns 0x00 (0002ms, 105063ms total)
T1044 7786:254 JLINK_ReadMemU32(0xE00FF00C, 0x0001 Items, ...) -- CPU is running -- CPU_ReadMem(4 bytes @ 0xE00FF00C) - Data: 03 10 F0 FF  returns 0x01 (0001ms, 105064ms total)
T1044 7786:255 JLINK_ReadMem (0xE0000FF0, 0x0010 Bytes, ...) -- CPU is running -- CPU_ReadMem(16 bytes @ 0xE0000FF0) - Data: 0D 00 00 00 E0 00 00 00 05 00 00 00 B1 00 00 00  returns 0x00 (0001ms, 105065ms total)
T1044 7786:256 JLINK_ReadMem (0xE0000FD0, 0x0020 Bytes, ...) -- CPU is running -- CPU_ReadMem(32 bytes @ 0xE0000FD0) - Data: 04 00 00 00 00 00 00 00 00 00 00 00 00 00 00 00 ...  returns 0x00 (0002ms, 105067ms total)
T1044 7786:258 JLINK_ReadMemU32(0xE00FF010, 0x0001 Items, ...) -- CPU is running -- CPU_ReadMem(4 bytes @ 0xE00FF010) - Data: 03 10 F4 FF  returns 0x01 (0001ms, 105068ms total)
T1044 7786:259 JLINK_ReadMem (0xE0040FF0, 0x0010 Bytes, ...) -- CPU is running -- CPU_ReadMem(16 bytes @ 0xE0040FF0) - Data: 0D 00 00 00 90 00 00 00 05 00 00 00 B1 00 00 00  returns 0x00 (0001ms, 105069ms total)
T1044 7786:260 JLINK_ReadMem (0xE0040FD0, 0x0020 Bytes, ...) -- CPU is running -- CPU_ReadMem(32 bytes @ 0xE0040FD0) - Data: 04 00 00 00 00 00 00 00 00 00 00 00 00 00 00 00 ...  returns 0x00 (0002ms, 105071ms total)
T1044 7786:262 JLINK_ReadMemU32(0xE00FF014, 0x0001 Items, ...) -- CPU is running -- CPU_ReadMem(4 bytes @ 0xE00FF014) - Data: 02 20 F4 FF  returns 0x01 (0001ms, 105072ms total)
T1044 7786:263 JLINK_ReadMemU32(0xE00FF018, 0x0001 Items, ...) -- CPU is running -- CPU_ReadMem(4 bytes @ 0xE00FF018) - Data: 00 00 00 00  returns 0x01 (0001ms, 105073ms total)
T1044 7786:264 JLINK_ReadMem (0xE0001000, 0x0004 Bytes, ...) -- CPU is running -- CPU_ReadMem(4 bytes @ 0xE0001000) - Data: 01 00 00 40  returns 0x00 (0001ms, 105074ms total)
T1044 7786:265 JLINK_ReadMem (0xE0001000, 0x0004 Bytes, ...) -- CPU is running -- CPU_ReadMem(4 bytes @ 0xE0001000) - Data: 01 00 00 40  returns 0x00 (0001ms, 105075ms total)
T1044 7786:266 JLINK_ReadMem (0xE0001028, 0x0004 Bytes, ...) -- CPU is running -- CPU_ReadMem(4 bytes @ 0xE0001028) - Data: 00 00 00 00  returns 0x00 (0001ms, 105076ms total)
T1044 7786:267 JLINK_WriteMem(0xE0001028, 0x0004 Bytes, ...) - Data: 00 01 00 00 -- CPU is running -- CPU_WriteMem(4 bytes @ 0xE0001028)  returns 0x04 (0001ms, 105077ms total)
T1044 7786:268 JLINK_ReadMem (0xE0001028, 0x0004 Bytes, ...) -- CPU is running -- CPU_ReadMem(4 bytes @ 0xE0001028) - Data: 00 00 00 00  returns 0x00 (0001ms, 105078ms total)
T1044 7786:269 JLINK_ReadMem (0xE0001038, 0x0004 Bytes, ...) -- CPU is running -- CPU_ReadMem(4 bytes @ 0xE0001038) - Data: 00 02 00 00  returns 0x00 (0001ms, 105079ms total)
T1044 7786:270 JLINK_WriteMem(0xE0001038, 0x0004 Bytes, ...) - Data: 00 03 00 00 -- CPU is running -- CPU_WriteMem(4 bytes @ 0xE0001038)  returns 0x04 (0001ms, 105080ms total)
T1044 7786:271 JLINK_ReadMem (0xE0001038, 0x0004 Bytes, ...) -- CPU is running -- CPU_ReadMem(4 bytes @ 0xE0001038) - Data: 00 03 00 00  returns 0x00 (0001ms, 105081ms total)
T1044 7786:272 JLINK_ReadMem (0xE0001048, 0x0004 Bytes, ...) -- CPU is running -- CPU_ReadMem(4 bytes @ 0xE0001048) - Data: 00 00 00 00  returns 0x00 (0001ms, 105082ms total)
T1044 7786:273 JLINK_WriteMem(0xE0001048, 0x0004 Bytes, ...) - Data: 00 01 00 00 -- CPU is running -- CPU_WriteMem(4 bytes @ 0xE0001048)  returns 0x04 (0001ms, 105083ms total)
T1044 7786:274 JLINK_ReadMem (0xE0001048, 0x0004 Bytes, ...) -- CPU is running -- CPU_ReadMem(4 bytes @ 0xE0001048) - Data: 00 00 00 00  returns 0x00 (0001ms, 105084ms total)
T1044 7786:275 JLINK_ReadMem (0xE0001058, 0x0004 Bytes, ...) -- CPU is running -- CPU_ReadMem(4 bytes @ 0xE0001058) - Data: 00 00 00 00  returns 0x00 (0001ms, 105085ms total)
T1044 7786:276 JLINK_WriteMem(0xE0001058, 0x0004 Bytes, ...) - Data: 00 01 00 00 -- CPU is running -- CPU_WriteMem(4 bytes @ 0xE0001058)  returns 0x04 (0001ms, 105086ms total)
T1044 7786:277 JLINK_ReadMem (0xE0001058, 0x0004 Bytes, ...) -- CPU is running -- CPU_ReadMem(4 bytes @ 0xE0001058) - Data: 00 00 00 00  returns 0x00 (0001ms, 105087ms total)
T1044 7786:278 JLINK_ReadMem (0xE0001024, 0x0004 Bytes, ...) -- CPU is running -- CPU_ReadMem(4 bytes @ 0xE0001024) - Data: 00 00 00 00  returns 0x00 (0001ms, 105088ms total)
T1044 7786:279 JLINK_WriteMem(0xE0001024, 0x0004 Bytes, ...) - Data: 1F 00 00 00 -- CPU is running -- CPU_WriteMem(4 bytes @ 0xE0001024)  returns 0x04 (0001ms, 105089ms total)
T1044 7786:280 JLINK_ReadMem (0xE0001024, 0x0004 Bytes, ...) -- CPU is running -- CPU_ReadMem(4 bytes @ 0xE0001024) - Data: 0F 00 00 00  returns 0x00 (0001ms, 105090ms total)
T1044 7786:281 JLINK_ReadMem (0xE0001034, 0x0004 Bytes, ...) -- CPU is running -- CPU_ReadMem(4 bytes @ 0xE0001034) - Data: 00 00 00 00  returns 0x00 (0001ms, 105091ms total)
T1044 7786:282 JLINK_WriteMem(0xE0001034, 0x0004 Bytes, ...) - Data: 1F 00 00 00 -- CPU is running -- CPU_WriteMem(4 bytes @ 0xE0001034)  returns 0x04 (0001ms, 105092ms total)
T1044 7786:283 JLINK_ReadMem (0xE0001034, 0x0004 Bytes, ...) -- CPU is running -- CPU_ReadMem(4 bytes @ 0xE0001034) - Data: 0F 00 00 00  returns 0x00 (0001ms, 105093ms total)
T1044 7786:284 JLINK_ReadMem (0xE0001044, 0x0004 Bytes, ...) -- CPU is running -- CPU_ReadMem(4 bytes @ 0xE0001044) - Data: 00 00 00 00  returns 0x00 (0001ms, 105094ms total)
T1044 7786:285 JLINK_WriteMem(0xE0001044, 0x0004 Bytes, ...) - Data: 1F 00 00 00 -- CPU is running -- CPU_WriteMem(4 bytes @ 0xE0001044)  returns 0x04 (0001ms, 105095ms total)
T1044 7786:286 JLINK_ReadMem (0xE0001044, 0x0004 Bytes, ...) -- CPU is running -- CPU_ReadMem(4 bytes @ 0xE0001044) - Data: 0F 00 00 00  returns 0x00 (0001ms, 105096ms total)
T1044 7786:287 JLINK_ReadMem (0xE0001054, 0x0004 Bytes, ...) -- CPU is running -- CPU_ReadMem(4 bytes @ 0xE0001054) - Data: 00 00 00 00  returns 0x00 (0001ms, 105097ms total)
T1044 7786:288 JLINK_WriteMem(0xE0001054, 0x0004 Bytes, ...) - Data: 1F 00 00 00 -- CPU is running -- CPU_WriteMem(4 bytes @ 0xE0001054)  returns 0x04 (0001ms, 105098ms total)
T1044 7786:289 JLINK_ReadMem (0xE0001054, 0x0004 Bytes, ...) -- CPU is running -- CPU_ReadMem(4 bytes @ 0xE0001054) - Data: 0F 00 00 00  returns 0x00 (0001ms, 105099ms total)
T1044 7786:290 JLINK_ReadMem (0xE0001028, 0x0004 Bytes, ...) -- CPU is running -- CPU_ReadMem(4 bytes @ 0xE0001028) - Data: 00 00 00 00  returns 0x00 (0001ms, 105100ms total)
T1044 7786:291 JLINK_ReadMem (0xE0001038, 0x0004 Bytes, ...) -- CPU is running -- CPU_ReadMem(4 bytes @ 0xE0001038) - Data: 00 03 00 00  returns 0x00 (0001ms, 105101ms total)
T1044 7786:292 JLINK_ReadMem (0xE0001048, 0x0004 Bytes, ...) -- CPU is running -- CPU_ReadMem(4 bytes @ 0xE0001048) - Data: 00 00 00 00  returns 0x00 (0001ms, 105102ms total)
T1044 7786:293 JLINK_ReadMem (0xE0001058, 0x0004 Bytes, ...) -- CPU is running -- CPU_ReadMem(4 bytes @ 0xE0001058) - Data: 00 00 00 00  returns 0x00 (0001ms, 105103ms total)
T1044 7786:294 JLINK_WriteMem(0xE0001020, 0x0004 Bytes, ...) - Data: 00 00 00 00 -- CPU is running -- CPU_WriteMem(4 bytes @ 0xE0001020)  returns 0x04 (0001ms, 105104ms total)
T1044 7786:295 JLINK_WriteMem(0xE0001024, 0x0004 Bytes, ...) - Data: 00 00 00 00 -- CPU is running -- CPU_WriteMem(4 bytes @ 0xE0001024)  returns 0x04 (0001ms, 105105ms total)
T1044 7786:296 JLINK_WriteMem(0xE0001028, 0x0004 Bytes, ...) - Data: 00 00 00 00 -- CPU is running -- CPU_WriteMem(4 bytes @ 0xE0001028)  returns 0x04 (0001ms, 105106ms total)
T1044 7786:297 JLINK_WriteMem(0xE0001030, 0x0004 Bytes, ...) - Data: 00 00 00 00 -- CPU is running -- CPU_WriteMem(4 bytes @ 0xE0001030)  returns 0x04 (0001ms, 105107ms total)
T1044 7786:298 JLINK_WriteMem(0xE0001034, 0x0004 Bytes, ...) - Data: 00 00 00 00 -- CPU is running -- CPU_WriteMem(4 bytes @ 0xE0001034)  returns 0x04 (0001ms, 105108ms total)
T1044 7786:299 JLINK_WriteMem(0xE0001038, 0x0004 Bytes, ...) - Data: 00 00 00 00 -- CPU is running -- CPU_WriteMem(4 bytes @ 0xE0001038)  returns 0x04 (0001ms, 105109ms total)
T1044 7786:300 JLINK_WriteMem(0xE0001040, 0x0004 Bytes, ...) - Data: 00 00 00 00 -- CPU is running -- CPU_WriteMem(4 bytes @ 0xE0001040)  returns 0x04 (0001ms, 105110ms total)
T1044 7786:301 JLINK_WriteMem(0xE0001044, 0x0004 Bytes, ...) - Data: 00 00 00 00 -- CPU is running -- CPU_WriteMem(4 bytes @ 0xE0001044)  returns 0x04 (0001ms, 105111ms total)
T1044 7786:302 JLINK_WriteMem(0xE0001048, 0x0004 Bytes, ...) - Data: 00 00 00 00 -- CPU is running -- CPU_WriteMem(4 bytes @ 0xE0001048)  returns 0x04 (0001ms, 105112ms total)
T1044 7786:303 JLINK_WriteMem(0xE0001050, 0x0004 Bytes, ...) - Data: 00 00 00 00 -- CPU is running -- CPU_WriteMem(4 bytes @ 0xE0001050)  returns 0x04 (0001ms, 105113ms total)
T1044 7786:304 JLINK_WriteMem(0xE0001054, 0x0004 Bytes, ...) - Data: 00 00 00 00 -- CPU is running -- CPU_WriteMem(4 bytes @ 0xE0001054)  returns 0x04 (0001ms, 105114ms total)
T1044 7786:305 JLINK_WriteMem(0xE0001058, 0x0004 Bytes, ...) - Data: 00 00 00 00 -- CPU is running -- CPU_WriteMem(4 bytes @ 0xE0001058)  returns 0x04 (0001ms, 105115ms total)
T1044 7786:306 JLINK_Halt()  returns 0x00 (0009ms, 105124ms total)
T1044 7786:315 JLINK_WriteMem(0x400E0A04, 0x0004 Bytes, ...) - Data: 0B 01 00 5A -- CPU_WriteMem(4 bytes @ 0x400E0A04)  returns 0x04 (0001ms, 105125ms total)
T1044 7786:316 JLINK_ReadMem (0x400E0A08, 0x0004 Bytes, ...) -- CPU_ReadMem(4 bytes @ 0x400E0A08) - Data: 01 00 00 00  returns 0x00 (0001ms, 105126ms total)
T1044 7786:317 JLINK_WriteMem(0x400E0A04, 0x0004 Bytes, ...) - Data: 0C 02 00 5A -- CPU_WriteMem(4 bytes @ 0x400E0A04)  returns 0x04 (0001ms, 105127ms total)
T1044 7786:318 JLINK_ReadMem (0x400E0A08, 0x0004 Bytes, ...) -- CPU_ReadMem(4 bytes @ 0x400E0A08) - Data: 01 00 00 00  returns 0x00 (0001ms, 105128ms total)
T1044 7786:319 JLINK_Reset() -- CPU_ReadMem(16 bytes @ 0x20000000) -- CPU_WriteMem(16 bytes @ 0x20000000) -- CPU_ReadMem(4 bytes @ 0xE000EDFC) -- CPU_WriteMem(4 bytes @ 0xE000EDFC) -- CPU_ReadMem(4 bytes @ 0xE0001000) -- CPU_WriteMem(4 bytes @ 0xE000EDFC) -- CPU_WriteMem(16 bytes @ 0x20000000) -- CPU_WriteMem(4 bytes @ 0xE0002000) -- CPU_ReadMem(4 bytes @ 0xE000EDFC) -- CPU_ReadMem(4 bytes @ 0xE0001000) (0039ms, 105167ms total)
T1044 7786:359 JLINK_JTAG_GetDeviceID(DeviceIndex = 0)  returns 0x4BA00477 (0000ms, 105167ms total)
T1044 7786:359 JLINK_ReadMemU32(0x400E0740, 0x0001 Items, ...) -- CPU_ReadMem(4 bytes @ 0x400E0740) - Data: E0 0E A7 29  returns 0x01 (0001ms, 105168ms total)
T1044 7786:360 JLINK_ReadMemU32(0x400E0744, 0x0001 Items, ...) -- CPU_ReadMem(4 bytes @ 0x400E0744) - Data: 00 00 00 00  returns 0x01 (0001ms, 105169ms total)
T1044 7786:361 JLINK_WriteMem(0x400E0A04, 0x0004 Bytes, ...) - Data: 05 00 00 5A -- CPU_WriteMem(4 bytes @ 0x400E0A04)  returns 0x04 (0001ms, 105170ms total)
T1044 7786:362 JLINK_WriteMem(0x400E0C04, 0x0004 Bytes, ...) - Data: 05 00 00 5A -- CPU_WriteMem(4 bytes @ 0x400E0C04)  returns 0x04 (0001ms, 105171ms total)
T1044 7786:363 JLINK_ReadMem (0x400E0A08, 0x0004 Bytes, ...) -- CPU_ReadMem(4 bytes @ 0x400E0A08) - Data: 00 00 00 00  returns 0x00 (0001ms, 105172ms total)
T1044 7786:365 JLINK_ReadMem (0x400E0A08, 0x0004 Bytes, ...) -- CPU_ReadMem(4 bytes @ 0x400E0A08) - Data: 00 00 00 00  returns 0x00 (0001ms, 105173ms total)
T1E0C 7786:369 JLINK_IsHalted()  returns TRUE (0000ms, 105173ms total)
T1E0C 7786:369 JLINK_GetMOEs(...) -- CPU_ReadMem(4 bytes @ 0xE000ED30) -- CPU_WriteMem(4 bytes @ 0xE000ED30)  returns 0x01 (0002ms, 105175ms total)
T1044 7786:371 JLINK_ReadMem (0x400E0A08, 0x0004 Bytes, ...) -- CPU_ReadMem(4 bytes @ 0x400E0A08) - Data: 00 00 00 00  returns 0x00 (0001ms, 105176ms total)
T1E0C 7786:372 JLINK_ReadReg(R15 (PC))  returns 0x00400328 (0000ms, 105176ms total)
T1044 7786:388 JLINK_ReadMem (0x400E0A08, 0x0004 Bytes, ...) -- CPU_ReadMem(4 bytes @ 0x400E0A08) - Data: 00 00 00 00  returns 0x00 (0001ms, 105177ms total)
T1044 7786:453 JLINK_ReadMem (0x400E0A08, 0x0004 Bytes, ...) -- CPU_ReadMem(4 bytes @ 0x400E0A08) - Data: 00 00 00 00  returns 0x00 (0001ms, 105178ms total)
T1E0C 7786:572 JLINK_IsHalted()  returns TRUE (0000ms, 105178ms total)
T1044 7786:710 JLINK_ReadMem (0x400E0A08, 0x0004 Bytes, ...) -- CPU_ReadMem(4 bytes @ 0x400E0A08) - Data: 00 00 00 00  returns 0x00 (0001ms, 105179ms total)
T1E0C 7786:772 JLINK_IsHalted()  returns TRUE (0000ms, 105179ms total)
T1E0C 7786:972 JLINK_IsHalted()  returns TRUE (0001ms, 105180ms total)
T1E0C 7787:173 JLINK_IsHalted()  returns TRUE (0000ms, 105179ms total)
T1E0C 7787:373 JLINK_IsHalted()  returns TRUE (0001ms, 105180ms total)
T1E0C 7787:574 JLINK_IsHalted()  returns TRUE (0001ms, 105180ms total)
T1044 7787:711 JLINK_ReadMem (0x400E0A08, 0x0004 Bytes, ...) -- CPU_ReadMem(4 bytes @ 0x400E0A08) - Data: 00 00 00 00  returns 0x00 (0001ms, 105180ms total)
T1044 7787:712 JLINK_ReadMem (0x400E0C08, 0x0004 Bytes, ...) -- CPU_ReadMem(4 bytes @ 0x400E0C08) - Data: 00 00 00 00  returns 0x00 (0001ms, 105181ms total)
T1044 7787:714 JLINK_ReadMem (0x400E0C08, 0x0004 Bytes, ...) -- CPU_ReadMem(4 bytes @ 0x400E0C08) - Data: 00 00 00 00  returns 0x00 (0001ms, 105182ms total)
T1044 7787:719 JLINK_ReadMem (0x400E0C08, 0x0004 Bytes, ...) -- CPU_ReadMem(4 bytes @ 0x400E0C08) - Data: 00 00 00 00  returns 0x00 (0001ms, 105183ms total)
T1044 7787:736 JLINK_ReadMem (0x400E0C08, 0x0004 Bytes, ...) -- CPU_ReadMem(4 bytes @ 0x400E0C08) - Data: 00 00 00 00  returns 0x00 (0001ms, 105184ms total)
T1E0C 7787:775 JLINK_IsHalted()  returns TRUE (0000ms, 105184ms total)
T1044 7787:801 JLINK_ReadMem (0x400E0C08, 0x0004 Bytes, ...) -- CPU_ReadMem(4 bytes @ 0x400E0C08) - Data: 00 00 00 00  returns 0x00 (0001ms, 105185ms total)
T1E0C 7787:975 JLINK_IsHalted()  returns TRUE (0000ms, 105185ms total)
T1044 7788:058 JLINK_ReadMem (0x400E0C08, 0x0004 Bytes, ...) -- CPU_ReadMem(4 bytes @ 0x400E0C08) - Data: 00 00 00 00  returns 0x00 (0001ms, 105186ms total)
T1E0C 7788:175 JLINK_IsHalted()  returns TRUE (0001ms, 105187ms total)
T1E0C 7788:376 JLINK_IsHalted()  returns TRUE (0001ms, 105187ms total)
T1E0C 7788:577 JLINK_IsHalted()  returns TRUE (0000ms, 105186ms total)
T1E0C 7788:777 JLINK_IsHalted()  returns TRUE (0001ms, 105187ms total)
T1E0C 7788:978 JLINK_IsHalted()  returns TRUE (0000ms, 105186ms total)
T1044 7789:059 JLINK_ReadMem (0x400E0C08, 0x0004 Bytes, ...) -- CPU_ReadMem(4 bytes @ 0x400E0C08) - Data: 00 00 00 00  returns 0x00 (0001ms, 105187ms total)
T1044 7789:060 JLINK_ReadMem (0x400E0A08, 0x0004 Bytes, ...) -- CPU_ReadMem(4 bytes @ 0x400E0A08) - Data: 00 00 00 00  returns 0x00 (0001ms, 105188ms total)
T1044 7789:062 JLINK_ReadMem (0x400E0A08, 0x0004 Bytes, ...) -- CPU_ReadMem(4 bytes @ 0x400E0A08) - Data: 00 00 00 00  returns 0x00 (0001ms, 105189ms total)
T1044 7789:067 JLINK_ReadMem (0x400E0A08, 0x0004 Bytes, ...) -- CPU_ReadMem(4 bytes @ 0x400E0A08) - Data: 00 00 00 00  returns 0x00 (0001ms, 105190ms total)
T1044 7789:084 JLINK_ReadMem (0x400E0A08, 0x0004 Bytes, ...) -- CPU_ReadMem(4 bytes @ 0x400E0A08) - Data: 00 00 00 00  returns 0x00 (0001ms, 105191ms total)
T1044 7789:149 JLINK_ReadMem (0x400E0A08, 0x0004 Bytes, ...) -- CPU_ReadMem(4 bytes @ 0x400E0A08) - Data: 00 00 00 00  returns 0x00 (0001ms, 105192ms total)
T1E0C 7789:178 JLINK_IsHalted()  returns TRUE (0000ms, 105192ms total)
T1E0C 7789:378 JLINK_IsHalted()  returns TRUE (0002ms, 105194ms total)
T1044 7789:406 JLINK_ReadMem (0x400E0A08, 0x0004 Bytes, ...) -- CPU_ReadMem(4 bytes @ 0x400E0A08) - Data: 00 00 00 00  returns 0x00 (0001ms, 105193ms total)
T1E0C 7789:580 JLINK_IsHalted()  returns TRUE (0000ms, 105193ms total)
T1E0C 7789:780 JLINK_IsHalted()  returns TRUE (0000ms, 105193ms total)
T1E0C 7789:980 JLINK_IsHalted()  returns TRUE (0001ms, 105194ms total)
T1E0C 7790:181 JLINK_IsHalted()  returns TRUE (0000ms, 105193ms total)
T1E0C 7790:381 JLINK_IsHalted()  returns TRUE (0001ms, 105194ms total)
T1044 7790:407 JLINK_ReadMem (0x400E0A08, 0x0004 Bytes, ...) -- CPU_ReadMem(4 bytes @ 0x400E0A08) - Data: 00 00 00 00  returns 0x00 (0001ms, 105194ms total)
T1044 7790:408 JLINK_ReadMem (0x400E0C08, 0x0004 Bytes, ...) -- CPU_ReadMem(4 bytes @ 0x400E0C08) - Data: 00 00 00 00  returns 0x00 (0001ms, 105195ms total)
T1044 7790:410 JLINK_ReadMem (0x400E0C08, 0x0004 Bytes, ...) -- CPU_ReadMem(4 bytes @ 0x400E0C08) - Data: 00 00 00 00  returns 0x00 (0001ms, 105196ms total)
T1044 7790:415 JLINK_ReadMem (0x400E0C08, 0x0004 Bytes, ...) -- CPU_ReadMem(4 bytes @ 0x400E0C08) - Data: 00 00 00 00  returns 0x00 (0001ms, 105197ms total)
T1044 7790:432 JLINK_ReadMem (0x400E0C08, 0x0004 Bytes, ...) -- CPU_ReadMem(4 bytes @ 0x400E0C08) - Data: 00 00 00 00  returns 0x00 (0001ms, 105198ms total)
T1044 7790:497 JLINK_ReadMem (0x400E0C08, 0x0004 Bytes, ...) -- CPU_ReadMem(4 bytes @ 0x400E0C08) - Data: 01 00 00 00  returns 0x00 (0001ms, 105199ms total)
T1044 7790:498 JLINK_ReadMem (0x400E0A08, 0x0004 Bytes, ...) -- CPU_ReadMem(4 bytes @ 0x400E0A08) - Data: 00 00 00 00  returns 0x00 (0001ms, 105200ms total)
T1044 7790:500 JLINK_ReadMem (0x400E0A08, 0x0004 Bytes, ...) -- CPU_ReadMem(4 bytes @ 0x400E0A08) - Data: 00 00 00 00  returns 0x00 (0001ms, 105201ms total)
T1044 7790:505 JLINK_ReadMem (0x400E0A08, 0x0004 Bytes, ...) -- CPU_ReadMem(4 bytes @ 0x400E0A08) - Data: 00 00 00 00  returns 0x00 (0001ms, 105202ms total)
T1044 7790:522 JLINK_ReadMem (0x400E0A08, 0x0004 Bytes, ...) -- CPU_ReadMem(4 bytes @ 0x400E0A08) - Data: 00 00 00 00  returns 0x00 (0001ms, 105203ms total)
T1E0C 7790:582 JLINK_IsHalted()  returns TRUE (0001ms, 105204ms total)
T1044 7790:587 JLINK_ReadMem (0x400E0A08, 0x0004 Bytes, ...) -- CPU_ReadMem(4 bytes @ 0x400E0A08) - Data: 00 00 00 00  returns 0x00 (0001ms, 105204ms total)
T1E0C 7790:783 JLINK_IsHalted()  returns TRUE (0000ms, 105204ms total)
T1044 7790:844 JLINK_ReadMem (0x400E0A08, 0x0004 Bytes, ...) -- CPU_ReadMem(4 bytes @ 0x400E0A08) - Data: 00 00 00 00  returns 0x00 (0001ms, 105205ms total)
T1E0C 7790:983 JLINK_IsHalted()  returns TRUE (0000ms, 105205ms total)
T1E0C 7791:183 JLINK_IsHalted()  returns TRUE (0001ms, 105206ms total)
T1E0C 7791:384 JLINK_IsHalted()  returns TRUE (0001ms, 105206ms total)
T1E0C 7791:585 JLINK_IsHalted()  returns TRUE (0000ms, 105205ms total)
T1E0C 7791:785 JLINK_IsHalted()  returns TRUE (0001ms, 105206ms total)
T1044 7791:845 JLINK_ReadMem (0x400E0A08, 0x0004 Bytes, ...) -- CPU_ReadMem(4 bytes @ 0x400E0A08) - Data: 01 00 00 00  returns 0x00 (0001ms, 105206ms total)
T1E0C 7791:986 JLINK_IsHalted()  returns TRUE (0000ms, 105206ms total)
T1044 7791:986 JLINK_ResetPullsRESET(ON) (0000ms, 105206ms total)
T1044 7791:986 JLINK_ResetNoHalt() >0x2F8 JTAG>TotalIRLen = 4, IRPrint = 0x01 >0x30 JTAG> >0x210 JTAG> >0x70 JTAG> >0x40 JTAG> >0x40 JTAG> >0x40 JTAG> >0x48 JTAG> >0x78 JTAG> >0x40 JTAG> >0x30 JTAG> >0x40 JTAG> >0x40 JTAG> >0x30 JTAG> >0x40 JTAG> >0x48 JTAG>Found Cortex-M4 r0p1, Little endian. -- CPU_WriteMem(4 bytes @ 0xE0002000) -- CPU_ReadMem(4 bytes @ 0xE000EDF0) -- CPU_ReadMem(4 bytes @ 0xE0002000)FPUnit: 6 code (BP) slots and 2 literal slots -- CPU_ReadMem(4 bytes @ 0xE000EDFC)
 -- CPU_ReadMem(4 bytes @ 0xE0001000) -- CPU_ReadMem(4 bytes @ 0xE000ED88) -- CPU_WriteMem(4 bytes @ 0xE000ED88) -- CPU_ReadMem(4 bytes @ 0xE000ED88) -- CPU_WriteMem(4 bytes @ 0xE000ED88)CoreSight components:ROMTbl 0 @ E00FF000 -- CPU_ReadMem(16 bytes @ 0xE00FF000) -- CPU_ReadMem(16 bytes @ 0xE000EFF0) -- CPU_ReadMem(16 bytes @ 0xE000EFE0)ROMTbl 0 [0]: FFF0F000, CID: B105E00D, PID: 000BB000 SCS -- CPU_WriteMem(4 bytes @ 0xE0001000) -- CPU_ReadMem(16 bytes @ 0xE0001FF0)
 -- CPU_ReadMem(16 bytes @ 0xE0001FE0)ROMTbl 0 [1]: FFF02000, CID: B105E00D, PID: 003BB002 DWT -- CPU_ReadMem(16 bytes @ 0xE0002FF0) -- CPU_ReadMem(16 bytes @ 0xE0002FE0)ROMTbl 0 [2]: FFF03000, CID: B105E00D, PID: 002BB003 FPB -- CPU_ReadMem(16 bytes @ 0xE0000FF0) -- CPU_ReadMem(16 bytes @ 0xE0000FE0)ROMTbl 0 [3]: FFF01000, CID: B105E00D, PID: 003BB001 ITM -- CPU_ReadMem(16 bytes @ 0xE00FF010) -- CPU_ReadMem(16 bytes @ 0xE0040FF0) -- CPU_ReadMem(16 bytes @ 0xE0040FE0)
ROMTbl 0 [4]: FFF41000, CID: B105900D, PID: 000BB9A1 TPIU
                JLINK_Reset() -- CPU_ReadMem(16 bytes @ 0x20000000) -- CPU_WriteMem(16 bytes @ 0x20000000) -- CPU_ReadMem(4 bytes @ 0xE000EDFC) -- CPU_WriteMem(4 bytes @ 0xE000EDFC) -- CPU_ReadMem(4 bytes @ 0xE0001000) -- CPU_WriteMem(4 bytes @ 0xE0001004) -- CPU_WriteMem(4 bytes @ 0xE000EDFC) -- CPU_WriteMem(16 bytes @ 0x20000000) -- CPU_WriteMem(4 bytes @ 0xE0002000) -- CPU_ReadMem(4 bytes @ 0xE000EDFC) -- CPU_ReadMem(4 bytes @ 0xE0001000) (0039ms, 0039ms total)
                JLINK_Go() -- CPU_ReadMem(4 bytes @ 0xE0001000) -- CPU_WriteMem(4 bytes @ 0xE0001004) (0003ms, 0042ms total)
               (0085ms, 105291ms total)
T1044 7792:072 JLINK_ExecCommand("ProjectFile = T:\pasta\Aula04\GPIO_REGISTRADORES_LED\jlink.config", ...)  returns 0x00 (0000ms, 105291ms total)
T1044 7792:080 JLINK_ExecCommand("Device = AT91SAM4SD32C", ...)Device "ATSAM4SD32C" selected.  returns 0x00 (0000ms, 105291ms total)
T1044 7792:080 JLINK_TIF_Select(JLINKARM_TIF_JTAG)  returns 0x00 (0000ms, 105291ms total)
T1044 7792:080 JLINK_GetIdData(...) ScanLen=4 NumDevices=1 aId[0]=0x4BA00477 aIrRead[0]=0 aScanLen[0]=0 aScanRead[0]=0 (0000ms, 105291ms total)
T1044 7792:080 JLINK_ConfigJTAG(IRPre = 0, DRPre = 0) (0000ms, 105291ms total)
T1044 7792:080 JLINK_SetSpeed(4000) (0000ms, 105291ms total)
T1044 7792:081 JLINK_ResetPullsRESET(OFF) (0000ms, 105292ms total)
T1044 7792:081 JLINK_Connect() >0x2F8 JTAG>TotalIRLen = 4, IRPrint = 0x01 >0x30 JTAG> >0x210 JTAG> >0x70 JTAG> >0x40 JTAG> >0x40 JTAG> >0x40 JTAG> >0x48 JTAG> >0x78 JTAG> >0x40 JTAG> >0x30 JTAG> >0x40 JTAG> >0x40 JTAG> >0x30 JTAG> >0x40 JTAG> >0x48 JTAG>Found Cortex-M4 r0p1, Little endian. -- CPU_WriteMem(4 bytes @ 0xE0002000) -- CPU_ReadMem(4 bytes @ 0xE000EDF0) -- CPU_ReadMem(4 bytes @ 0xE0002000)FPUnit: 6 code (BP) slots and 2 literal slots -- CPU_ReadMem(4 bytes @ 0xE000EDFC)
 -- CPU_ReadMem(4 bytes @ 0xE0001000) -- CPU_WriteMem(4 bytes @ 0xE0001000) -- CPU_ReadMem(4 bytes @ 0xE000ED88) -- CPU_WriteMem(4 bytes @ 0xE000ED88) -- CPU_ReadMem(4 bytes @ 0xE000ED88) -- CPU_WriteMem(4 bytes @ 0xE000ED88)CoreSight components:ROMTbl 0 @ E00FF000 -- CPU_ReadMem(16 bytes @ 0xE00FF000) -- CPU_ReadMem(16 bytes @ 0xE000EFF0) -- CPU_ReadMem(16 bytes @ 0xE000EFE0)ROMTbl 0 [0]: FFF0F000, CID: B105E00D, PID: 000BB000 SCS -- CPU_ReadMem(16 bytes @ 0xE0001FF0)
 -- CPU_ReadMem(16 bytes @ 0xE0001FE0)ROMTbl 0 [1]: FFF02000, CID: B105E00D, PID: 003BB002 DWT -- CPU_ReadMem(16 bytes @ 0xE0002FF0) -- CPU_ReadMem(16 bytes @ 0xE0002FE0)ROMTbl 0 [2]: FFF03000, CID: B105E00D, PID: 002BB003 FPB -- CPU_ReadMem(16 bytes @ 0xE0000FF0) -- CPU_ReadMem(16 bytes @ 0xE0000FE0)ROMTbl 0 [3]: FFF01000, CID: B105E00D, PID: 003BB001 ITM -- CPU_ReadMem(16 bytes @ 0xE00FF010) -- CPU_ReadMem(16 bytes @ 0xE0040FF0) -- CPU_ReadMem(16 bytes @ 0xE0040FE0)
ROMTbl 0 [4]: FFF41000, CID: B105900D, PID: 000BB9A1 TPIU  returns 0x00 (0041ms, 105333ms total)
T1044 7792:122 JLINK_WriteMem(0xE0001020, 0x0004 Bytes, ...) - Data: 00 00 00 00 -- CPU is running -- CPU_WriteMem(4 bytes @ 0xE0001020)  returns 0x04 (0001ms, 105334ms total)
T1044 7792:124 JLINK_WriteMem(0xE0001024, 0x0004 Bytes, ...) - Data: 00 00 00 00 -- CPU is running -- CPU_WriteMem(4 bytes @ 0xE0001024)  returns 0x04 (0000ms, 105334ms total)
T1044 7792:125 JLINK_WriteMem(0xE0001028, 0x0004 Bytes, ...) - Data: 00 00 00 00 -- CPU is running -- CPU_WriteMem(4 bytes @ 0xE0001028)  returns 0x04 (0000ms, 105334ms total)
T1044 7792:126 JLINK_WriteMem(0xE0001030, 0x0004 Bytes, ...) - Data: 00 00 00 00 -- CPU is running -- CPU_WriteMem(4 bytes @ 0xE0001030)  returns 0x04 (0000ms, 105334ms total)
T1044 7792:127 JLINK_WriteMem(0xE0001034, 0x0004 Bytes, ...) - Data: 00 00 00 00 -- CPU is running -- CPU_WriteMem(4 bytes @ 0xE0001034)  returns 0x04 (0000ms, 105334ms total)
T1044 7792:128 JLINK_WriteMem(0xE0001038, 0x0004 Bytes, ...) - Data: 00 00 00 00 -- CPU is running -- CPU_WriteMem(4 bytes @ 0xE0001038)  returns 0x04 (0000ms, 105334ms total)
T1044 7792:129 JLINK_WriteMem(0xE0001040, 0x0004 Bytes, ...) - Data: 00 00 00 00 -- CPU is running -- CPU_WriteMem(4 bytes @ 0xE0001040)  returns 0x04 (0000ms, 105334ms total)
T1044 7792:130 JLINK_WriteMem(0xE0001044, 0x0004 Bytes, ...) - Data: 00 00 00 00 -- CPU is running -- CPU_WriteMem(4 bytes @ 0xE0001044)  returns 0x04 (0001ms, 105335ms total)
T1044 7792:131 JLINK_WriteMem(0xE0001048, 0x0004 Bytes, ...) - Data: 00 00 00 00 -- CPU is running -- CPU_WriteMem(4 bytes @ 0xE0001048)  returns 0x04 (0000ms, 105335ms total)
T1044 7792:132 JLINK_WriteMem(0xE0001050, 0x0004 Bytes, ...) - Data: 00 00 00 00 -- CPU is running -- CPU_WriteMem(4 bytes @ 0xE0001050)  returns 0x04 (0000ms, 105335ms total)
T1044 7792:132 JLINK_WriteMem(0xE0001054, 0x0004 Bytes, ...) - Data: 00 00 00 00 -- CPU is running -- CPU_WriteMem(4 bytes @ 0xE0001054)  returns 0x04 (0001ms, 105336ms total)
T1044 7792:134 JLINK_WriteMem(0xE0001058, 0x0004 Bytes, ...) - Data: 00 00 00 00 -- CPU is running -- CPU_WriteMem(4 bytes @ 0xE0001058)  returns 0x04 (0000ms, 105336ms total)
T1044 7792:135 JLINK_Halt()  returns 0x00 (0003ms, 105339ms total)
T1044 7792:138 JLINK_WriteMem(0x400E0A04, 0x0004 Bytes, ...) - Data: 0B 01 00 5A -- CPU_WriteMem(4 bytes @ 0x400E0A04)  returns 0x04 (0001ms, 105340ms total)
T1044 7792:139 JLINK_ReadMem (0x400E0A08, 0x0004 Bytes, ...) -- CPU_ReadMem(4 bytes @ 0x400E0A08) - Data: 01 00 00 00  returns 0x00 (0001ms, 105341ms total)
T1044 7792:140 JLINK_WriteMem(0x400E0A04, 0x0004 Bytes, ...) - Data: 0C 02 00 5A -- CPU_WriteMem(4 bytes @ 0x400E0A04)  returns 0x04 (0001ms, 105342ms total)
T1044 7792:141 JLINK_ReadMem (0x400E0A08, 0x0004 Bytes, ...) -- CPU_ReadMem(4 bytes @ 0x400E0A08) - Data: 01 00 00 00  returns 0x00 (0001ms, 105343ms total)
T1044 7792:142 JLINK_Reset() -- CPU_ReadMem(16 bytes @ 0x20000000) -- CPU_WriteMem(16 bytes @ 0x20000000) -- CPU_ReadMem(4 bytes @ 0xE000EDFC) -- CPU_WriteMem(4 bytes @ 0xE000EDFC) -- CPU_ReadMem(4 bytes @ 0xE0001000) -- CPU_WriteMem(4 bytes @ 0xE000EDFC) -- CPU_WriteMem(16 bytes @ 0x20000000) -- CPU_WriteMem(4 bytes @ 0xE0002000) -- CPU_ReadMem(4 bytes @ 0xE000EDFC) -- CPU_ReadMem(4 bytes @ 0xE0001000) (0029ms, 105372ms total)
T1044 7792:172 JLINK_JTAG_GetDeviceID(DeviceIndex = 0)  returns 0x4BA00477 (0000ms, 105372ms total)
T1044 7792:172 JLINK_ReadMemU32(0x400E0740, 0x0001 Items, ...) -- CPU_ReadMem(4 bytes @ 0x400E0740) - Data: E0 0E A7 29  returns 0x01 (0001ms, 105373ms total)
T1044 7792:173 JLINK_ReadMemU32(0x400E0744, 0x0001 Items, ...) -- CPU_ReadMem(4 bytes @ 0x400E0744) - Data: 00 00 00 00  returns 0x01 (0001ms, 105374ms total)
T1044 7792:177 JLINK_BeginDownload(Flags = 0x00) (0000ms, 105374ms total)
T1044 7792:177 JLINK_WriteMem(0x00400000, 0x07D0 Bytes, ...) - Data: D0 34 00 20 29 03 40 00 25 03 40 00 25 03 40 00 ...  returns 0x7D0 (0000ms, 105374ms total)
T1044 7792:178 JLINK_WriteMem(0x004007D0, 0x0438 Bytes, ...) - Data: BF F3 5F 8F 01 38 FB D1 70 47 00 BF 00 09 3D 00 ...  returns 0x438 (0000ms, 105374ms total)
T157C 7792:182 JLINK_IsHalted()  returns TRUE (0000ms, 105374ms total)
T157C 7792:182 JLINK_GetMOEs(...) -- CPU_ReadMem(4 bytes @ 0xE000ED30) -- CPU_WriteMem(4 bytes @ 0xE000ED30)  returns 0x01 (0002ms, 105376ms total)
T157C 7792:184 JLINK_ReadReg(R15 (PC)) -- -------------------------------------- -- Start of determining dirty areas in flash cache -- End of determining dirty areas -- Start of preparing flash programming -- Calculating RAM usage -- RAM usage = 2884 Bytes -- Preserving registers -- Preparing memory -- Determining CPU clock frequency -- CPU clock frequency: 4026 kHz -- CPU frequency = 4026 kHz -- Preparing target -- Downloading RAMCode -- Using alternate TurboMode RAMCode -- Checking target RAM
 -- Preparing RAMCode -- End of preparing flash programmingCPU is running at low speed (4026 kHz). -- CPU is running at 4026 kHz. -- Start of comparing flash -- Read back was estimated as fastest method -- Comparing range 0x400000 - 0x400DFF (7 Sectors, 3 KB), using multi-block CRC calculation -- CPU is running -- CPU_ReadMem(512 bytes @ 0x00400000) -- CPU is running -- CPU_ReadMem(512 bytes @ 0x00400200) -- CPU is running -- CPU_ReadMem(512 bytes @ 0x00400400) -- CPU is running
 -- CPU_ReadMem(512 bytes @ 0x00400600) -- CPU is running -- CPU_ReadMem(512 bytes @ 0x00400800) -- CPU is running -- CPU_ReadMem(512 bytes @ 0x00400A00) -- CPU is running -- CPU_ReadMem(512 bytes @ 0x00400C00) -- CRC does not match for sectors 0-6 -- End of comparing flash -- Start of erasing sectors -- End of erasing sectors -- Start of flash programming -- Programming range 0x00400000 - 0x00400DFF (007 Sectors, 3 KB) -- End of flash programming -- Flash programming performed for 1 range (3584 bytes)
 -- 0x400000 - 0x400DFF (007 Sectors, 3 KB) -- Start of verifying flash -- Checksum calculation was estimated as fastest method -- End of verifying flash -- Start of restoring -- Restore RAMCode -- Restore content of target memory -- Restore target -- Restore memory -- Restore content of registers -- End of restoring -- Total time needed: 0.178s (Prepare: 0.089s, Compare: 0.029s, Erase: 0.000s, Program: 0.050s, Verify: 0.001s, Restore: 0.006s)  returns 0xFFFFFFFE (0181ms, 105557ms total)
T05E4 7792:418 JLINK_Halt()  returns 0x00 (0001ms, 105558ms total)
T05E4 7792:419 JLINK_ReadReg(R15 (PC))  returns 0xFFFFFFFE (0000ms, 105558ms total)
T05E4 7792:419 JLINK_ReadReg(R13 (SP))  returns 0xFFFFFFFC (0000ms, 105558ms total)
T05E4 7792:483 JLINK_ReadReg(R0)  returns 0x400E1400 (0000ms, 105558ms total)
T05E4 7792:483 JLINK_ReadReg(R1)  returns 0x40C00000 (0000ms, 105558ms total)
T05E4 7792:483 JLINK_ReadReg(R2)  returns 0xA5000005 (0000ms, 105558ms total)
T05E4 7792:483 JLINK_ReadReg(R3)  returns 0x0000608D (0000ms, 105558ms total)
T05E4 7792:483 JLINK_ReadReg(R4)  returns 0x400E0E00 (0000ms, 105558ms total)
T05E4 7792:484 JLINK_ReadReg(R5)  returns 0x400E0E00 (0000ms, 105558ms total)
T05E4 7792:484 JLINK_ReadReg(R6)  returns 0x400E1200 (0000ms, 105558ms total)
T05E4 7792:484 JLINK_ReadReg(R7)  returns 0x00080000 (0000ms, 105558ms total)
T05E4 7792:484 JLINK_ReadReg(R8)  returns 0x0082CA25 (0000ms, 105558ms total)
T05E4 7792:484 JLINK_ReadReg(R9)  returns 0x20000001 (0000ms, 105558ms total)
T05E4 7792:484 JLINK_ReadReg(R10)  returns 0x8273533E (0000ms, 105558ms total)
T05E4 7792:484 JLINK_ReadReg(R11)  returns 0xA851157C (0000ms, 105558ms total)
T05E4 7792:484 JLINK_ReadReg(R12)  returns 0xB37B4843 (0000ms, 105558ms total)
T05E4 7792:484 JLINK_ReadReg(R13 (SP))  returns 0xFFFFFFFC (0000ms, 105558ms total)
T05E4 7792:484 JLINK_ReadReg(R14)  returns 0xFFFFFFFF (0000ms, 105558ms total)
T05E4 7792:484 JLINK_ReadReg(R15 (PC))  returns 0xFFFFFFFE (0000ms, 105558ms total)
T05E4 7792:484 JLINK_ReadReg(XPSR)  returns 0x01000000 (0000ms, 105558ms total)
T05E4 7792:484 JLINK_ReadReg(MSP)  returns 0xFFFFFFFC (0000ms, 105558ms total)
T05E4 7792:484 JLINK_ReadReg(PSP)  returns 0x61200060 (0000ms, 105558ms total)
T05E4 7792:484 JLINK_ReadReg(PRIMASK)  returns 0x00000000 (0000ms, 105558ms total)
T05E4 7792:484 JLINK_ReadReg(BASEPRI)  returns 0x00000000 (0000ms, 105558ms total)
T05E4 7792:484 JLINK_ReadReg(FAULTMASK)  returns 0x00000000 (0000ms, 105558ms total)
T05E4 7792:484 JLINK_ReadReg(CONTROL)  returns 0x00000000 (0000ms, 105558ms total)
T05E4 7792:494 JLINK_EndDownload()  returns 0x00 (0000ms, 105558ms total)
T05E4 7792:494 JLINK_Reset() -- CPU_ReadMem(16 bytes @ 0x20000000) -- CPU_WriteMem(16 bytes @ 0x20000000) -- CPU_ReadMem(4 bytes @ 0xE000EDFC) -- CPU_WriteMem(4 bytes @ 0xE000EDFC) -- CPU_ReadMem(4 bytes @ 0xE0001000) -- CPU_WriteMem(4 bytes @ 0xE000EDFC) -- CPU_WriteMem(16 bytes @ 0x20000000) -- CPU_WriteMem(4 bytes @ 0xE0002000) -- CPU_ReadMem(4 bytes @ 0xE000EDFC) -- CPU_ReadMem(4 bytes @ 0xE0001000) (0031ms, 105589ms total)
T157C 7792:525 JLINK_IsHalted()  returns TRUE (0000ms, 105589ms total)
T157C 7792:525 JLINK_GetMOEs(...) -- CPU_ReadMem(4 bytes @ 0xE000ED30) -- CPU_WriteMem(4 bytes @ 0xE000ED30)  returns 0x01 (0002ms, 105591ms total)
T157C 7792:527 JLINK_ReadReg(R15 (PC))  returns 0x00400328 (0000ms, 105591ms total)
T05E4 7792:535 JLINK_ReadReg(R15 (PC))  returns 0x00400328 (0000ms, 105591ms total)
T05E4 7792:535 JLINK_ReadReg(R13 (SP))  returns 0x200034D0 (0000ms, 105591ms total)
T05E4 7792:541 JLINK_ReadMemHW(0x00400328, 0x0004 Bytes, ...) -- CPU_ReadMem(4 bytes @ 0x00400328) - Data: 08 B5 20 4B  returns 0x00 (0001ms, 105592ms total)
T05E4 7792:573 JLINK_ReadMemHW(0x004005C0, 0x0001 Bytes, ...) -- CPU_ReadMem(1 bytes @ 0x004005C0) - Data: 80  returns 0x00 (0001ms, 105593ms total)
T05E4 7792:614 JLINK_ReadReg(R15 (PC))  returns 0x00400328 (0000ms, 105593ms total)
T05E4 7792:614 JLINK_GetNumBPUnits(Type = 0xFFFFFF02)  returns 0x06 (0000ms, 105593ms total)
T05E4 7792:614 JLINK_SetBPEx(Addr = 0x004005C0, Type = 0xFFFFFF02)  returns 0x00000001 (0000ms, 105593ms total)
T05E4 7792:614 JLINK_GetBPInfo(BPHandle = 1)  returns 0x00 (0000ms, 105593ms total)
T05E4 7792:614 JLINK_Go() -- CPU_ReadMem(4 bytes @ 0xE0001000) -- CPU_WriteMem(4 bytes @ 0xE0002008) -- CPU_WriteMem(4 bytes @ 0xE000200C) -- CPU_WriteMem(4 bytes @ 0xE0002010) -- CPU_WriteMem(4 bytes @ 0xE0002014) -- CPU_WriteMem(4 bytes @ 0xE0002018) -- CPU_WriteMem(4 bytes @ 0xE000201C) -- CPU_WriteMem(4 bytes @ 0xE0001004) (0009ms, 105602ms total)
T157C 7792:623 JLINK_IsHalted()  returns TRUE (0004ms, 105606ms total)
T157C 7792:627 JLINK_GetMOEs(...) -- CPU_ReadMem(4 bytes @ 0xE000ED30) -- CPU_WriteMem(4 bytes @ 0xE000ED30)  returns 0x01 (0002ms, 105604ms total)
T157C 7792:629 JLINK_ReadReg(R15 (PC))  returns 0x004005C0 (0000ms, 105604ms total)
T157C 7792:629 JLINK_GetBPInfo(BPHandle = 1)  returns 0x00 (0000ms, 105604ms total)
T157C 7792:629 JLINK_ClrBPEx(BPHandle = 0x00000001)  returns 0x00 (0000ms, 105604ms total)
T05E4 7792:633 JLINK_ReadReg(R15 (PC))  returns 0x004005C0 (0000ms, 105604ms total)
T05E4 7792:633 JLINK_ReadReg(R13 (SP))  returns 0x200034C8 (0000ms, 105604ms total)
T05E4 7792:633 JLINK_ReadMemHW(0x004005C0, 0x0004 Bytes, ...) -- CPU_ReadMem(4 bytes @ 0x004005C0) - Data: 80 B5 1F 4B  returns 0x00 (0001ms, 105605ms total)
T05E4 7792:645 JLINK_ReadReg(R15 (PC))  returns 0x004005C0 (0000ms, 105605ms total)
T05E4 7792:645 JLINK_Go() -- CPU_ReadMem(4 bytes @ 0xE0001000) -- CPU_WriteMem(4 bytes @ 0xE0002008) (0003ms, 105608ms total)
T157C 7792:648 JLINK_IsHalted()  returns FALSE (0001ms, 105609ms total)
T157C 7792:689 JLINK_IsHalted()  returns FALSE (0001ms, 105609ms total)
T157C 7792:850 JLINK_IsHalted()  returns FALSE (0001ms, 105609ms total)
T157C 7793:491 JLINK_IsHalted()  returns FALSE (0002ms, 105610ms total)
T157C 7794:133 JLINK_IsHalted()  returns FALSE (0001ms, 105609ms total)
T157C 7794:774 JLINK_IsHalted()  returns FALSE (0002ms, 105610ms total)
T157C 7795:416 JLINK_IsHalted()  returns FALSE (0001ms, 105609ms total)
T157C 7796:057 JLINK_IsHalted()  returns FALSE (0002ms, 105610ms total)
T157C 7796:699 JLINK_IsHalted()  returns FALSE (0001ms, 105609ms total)
T157C 7797:340 JLINK_IsHalted()  returns FALSE (0002ms, 105610ms total)
T157C 7797:982 JLINK_IsHalted()  returns FALSE (0001ms, 105609ms total)
T157C 7798:623 JLINK_IsHalted()  returns FALSE (0002ms, 105610ms total)
T157C 7799:265 JLINK_IsHalted()  returns FALSE (0001ms, 105609ms total)
T157C 7799:906 JLINK_IsHalted()  returns FALSE (0002ms, 105610ms total)
T157C 7800:548 JLINK_IsHalted()  returns FALSE (0001ms, 105609ms total)
T157C 7801:189 JLINK_IsHalted()  returns FALSE (0002ms, 105610ms total)
T157C 7801:832 JLINK_IsHalted()  returns FALSE (0001ms, 105609ms total)
T157C 7802:473 JLINK_IsHalted()  returns FALSE (0002ms, 105610ms total)
T157C 7803:115 JLINK_IsHalted()  returns FALSE (0001ms, 105609ms total)
T157C 7803:756 JLINK_IsHalted()  returns FALSE (0002ms, 105610ms total)
T157C 7804:398 JLINK_IsHalted()  returns FALSE (0001ms, 105609ms total)
T157C 7805:039 JLINK_IsHalted()  returns FALSE (0002ms, 105610ms total)
T157C 7805:681 JLINK_IsHalted()  returns FALSE (0001ms, 105609ms total)
T157C 7806:322 JLINK_IsHalted()  returns FALSE (0002ms, 105610ms total)
T157C 7806:964 JLINK_IsHalted()  returns FALSE (0001ms, 105609ms total)
T157C 7807:605 JLINK_IsHalted()  returns FALSE (0002ms, 105610ms total)
T157C 7808:247 JLINK_IsHalted()  returns FALSE (0001ms, 105609ms total)
T157C 7808:888 JLINK_IsHalted()  returns FALSE (0002ms, 105610ms total)
T157C 7809:530 JLINK_IsHalted()  returns FALSE (0001ms, 105609ms total)
T157C 7810:171 JLINK_IsHalted()  returns FALSE (0002ms, 105610ms total)
T157C 7810:813 JLINK_IsHalted()  returns FALSE (0001ms, 105609ms total)
T157C 7811:454 JLINK_IsHalted()  returns FALSE (0002ms, 105610ms total)
T157C 7812:096 JLINK_IsHalted()  returns FALSE (0001ms, 105609ms total)
T157C 7812:737 JLINK_IsHalted()  returns FALSE (0002ms, 105610ms total)
T157C 7813:379 JLINK_IsHalted()  returns FALSE (0001ms, 105609ms total)
T157C 7814:020 JLINK_IsHalted()  returns FALSE (0002ms, 105610ms total)
T157C 7814:662 JLINK_IsHalted()  returns FALSE (0001ms, 105609ms total)
T157C 7815:303 JLINK_IsHalted()  returns FALSE (0002ms, 105610ms total)
T157C 7815:945 JLINK_IsHalted()  returns FALSE (0001ms, 105609ms total)
T157C 7816:586 JLINK_IsHalted()  returns FALSE (0002ms, 105610ms total)
T157C 7817:228 JLINK_IsHalted()  returns FALSE (0001ms, 105609ms total)
T157C 7817:869 JLINK_IsHalted()  returns FALSE (0002ms, 105610ms total)
T157C 7818:511 JLINK_IsHalted()  returns FALSE (0001ms, 105609ms total)
T157C 7819:153 JLINK_IsHalted()  returns FALSE (0002ms, 105610ms total)
T157C 7819:795 JLINK_IsHalted()  returns FALSE (0001ms, 105609ms total)
T157C 7820:436 JLINK_IsHalted()  returns FALSE (0002ms, 105610ms total)
T157C 7821:078 JLINK_IsHalted()  returns FALSE (0001ms, 105609ms total)
T157C 7821:719 JLINK_IsHalted()  returns FALSE (0002ms, 105610ms total)
T157C 7822:361 JLINK_IsHalted()  returns FALSE (0001ms, 105609ms total)
T157C 7823:002 JLINK_IsHalted()  returns FALSE (0002ms, 105610ms total)
T157C 7823:644 JLINK_IsHalted()  returns FALSE (0001ms, 105609ms total)
T157C 7824:285 JLINK_IsHalted()  returns FALSE (0002ms, 105610ms total)
T157C 7824:927 JLINK_IsHalted()  returns FALSE (0001ms, 105609ms total)
T157C 7825:568 JLINK_IsHalted()  returns FALSE (0002ms, 105610ms total)
T157C 7826:210 JLINK_IsHalted()  returns FALSE (0001ms, 105609ms total)
T157C 7826:851 JLINK_IsHalted()  returns FALSE (0002ms, 105610ms total)
T157C 7827:493 JLINK_IsHalted()  returns FALSE (0001ms, 105609ms total)
T157C 7828:134 JLINK_IsHalted()  returns FALSE (0002ms, 105610ms total)
T157C 7828:776 JLINK_IsHalted()  returns FALSE (0001ms, 105609ms total)
T157C 7829:417 JLINK_IsHalted()  returns FALSE (0002ms, 105610ms total)
T157C 7830:059 JLINK_IsHalted()  returns FALSE (0001ms, 105609ms total)
T157C 7830:700 JLINK_IsHalted()  returns FALSE (0002ms, 105610ms total)
T157C 7831:342 JLINK_IsHalted()  returns FALSE (0001ms, 105609ms total)
T157C 7831:983 JLINK_IsHalted()  returns FALSE (0002ms, 105610ms total)
T157C 7832:625 JLINK_IsHalted()  returns FALSE (0001ms, 105609ms total)
T157C 7833:266 JLINK_IsHalted()  returns FALSE (0002ms, 105610ms total)
T157C 7833:908 JLINK_IsHalted()  returns FALSE (0001ms, 105609ms total)
T157C 7834:549 JLINK_IsHalted()  returns FALSE (0002ms, 105610ms total)
T157C 7835:191 JLINK_IsHalted()  returns FALSE (0001ms, 105609ms total)
T157C 7835:832 JLINK_IsHalted()  returns FALSE (0002ms, 105610ms total)
T157C 7836:475 JLINK_IsHalted()  returns FALSE (0001ms, 105609ms total)
T157C 7837:116 JLINK_IsHalted()  returns FALSE (0002ms, 105610ms total)
T157C 7837:758 JLINK_IsHalted()  returns FALSE (0001ms, 105609ms total)
T157C 7838:399 JLINK_IsHalted()  returns FALSE (0002ms, 105610ms total)
T157C 7839:041 JLINK_IsHalted()  returns FALSE (0001ms, 105609ms total)
T157C 7839:682 JLINK_IsHalted()  returns FALSE (0002ms, 105610ms total)
T157C 7840:324 JLINK_IsHalted()  returns FALSE (0001ms, 105609ms total)
T157C 7840:965 JLINK_IsHalted()  returns FALSE (0002ms, 105610ms total)
