T15B0 1887:735 SEGGER J-Link V4.98e Log File (0000ms, 82556ms total)
T15B0 1887:735 DLL Compiled: May  5 2015 11:00:52 (0000ms, 82556ms total)
T15B0 1887:735 Logging started @ 2016-06-01 18:34 (0000ms, 82556ms total)
T15B0 1887:743 JLINK_ExecCommand("Device = AT91SAM4SD32C", ...)Device "ATSAM4SD32C" selected.  returns 0x00 (0001ms, 82557ms total)
T15B0 1887:846 JLINK_ExecCommand("ProjectFile = T:\pasta2\entregas\15-DAC\LCD-Desenhos\jlink.config", ...)  returns 0x00 (0000ms, 82557ms total)
T15B0 1887:854 JLINK_ExecCommand("Device = AT91SAM4SD32C", ...)Device "ATSAM4SD32C" selected.  returns 0x00 (0001ms, 82558ms total)
T15B0 1887:855 JLINK_TIF_Select(JLINKARM_TIF_JTAG)  returns 0x00 (0006ms, 82564ms total)
T15B0 1887:861 JLINK_GetIdData(...) >0x2F8 JTAG>TotalIRLen = 4, IRPrint = 0x01 >0x30 JTAG> >0x210 JTAG> >0x70 JTAG> >0x40 JTAG> >0x40 JTAG> >0x40 JTAG> >0x48 JTAG> >0x78 JTAG> >0x40 JTAG> >0x30 JTAG> >0x40 JTAG> >0x40 JTAG> >0x30 JTAG> >0x40 JTAG> >0x48 JTAG>Found Cortex-M4 r0p1, Little endian. -- CPU_WriteMem(4 bytes @ 0xE0002000) -- CPU_ReadMem(4 bytes @ 0xE000EDF0) -- CPU_ReadMem(4 bytes @ 0xE0002000)FPUnit: 6 code (BP) slots and 2 literal slots -- CPU_ReadMem(4 bytes @ 0xE000EDFC)
 -- CPU_ReadMem(4 bytes @ 0xE0001000) -- CPU_WriteMem(4 bytes @ 0xE0001000) -- CPU_ReadMem(4 bytes @ 0xE000ED88) -- CPU_WriteMem(4 bytes @ 0xE000ED88) -- CPU_ReadMem(4 bytes @ 0xE000ED88) -- CPU_WriteMem(4 bytes @ 0xE000ED88)CoreSight components:ROMTbl 0 @ E00FF000 -- CPU_ReadMem(16 bytes @ 0xE00FF000) -- CPU_ReadMem(16 bytes @ 0xE000EFF0) -- CPU_ReadMem(16 bytes @ 0xE000EFE0)ROMTbl 0 [0]: FFF0F000, CID: B105E00D, PID: 000BB000 SCS -- CPU_ReadMem(16 bytes @ 0xE0001FF0)
 -- CPU_ReadMem(16 bytes @ 0xE0001FE0)ROMTbl 0 [1]: FFF02000, CID: B105E00D, PID: 003BB002 DWT -- CPU_ReadMem(16 bytes @ 0xE0002FF0) -- CPU_ReadMem(16 bytes @ 0xE0002FE0)ROMTbl 0 [2]: FFF03000, CID: B105E00D, PID: 002BB003 FPB -- CPU_ReadMem(16 bytes @ 0xE0000FF0) -- CPU_ReadMem(16 bytes @ 0xE0000FE0)ROMTbl 0 [3]: FFF01000, CID: B105E00D, PID: 003BB001 ITM -- CPU_ReadMem(16 bytes @ 0xE00FF010) -- CPU_ReadMem(16 bytes @ 0xE0040FF0) -- CPU_ReadMem(16 bytes @ 0xE0040FE0)
ROMTbl 0 [4]: FFF41000, CID: B105900D, PID: 000BB9A1 TPIU ScanLen=4 NumDevices=1 aId[0]=0x4BA00477 aIrRead[0]=0 aScanLen[0]=0 aScanRead[0]=0 (0047ms, 82611ms total)
T15B0 1887:908 JLINK_ConfigJTAG(IRPre = 0, DRPre = 0) (0000ms, 82611ms total)
T15B0 1887:908 JLINK_SetSpeed(1000) (0001ms, 82612ms total)
T15B0 1887:909 JLINK_ResetPullsRESET(OFF) (0000ms, 82612ms total)
T15B0 1887:909 JLINK_Connect() >0x2F8 JTAG>TotalIRLen = 4, IRPrint = 0x01 >0x30 JTAG> >0x210 JTAG> >0x70 JTAG> >0x40 JTAG> >0x40 JTAG> >0x40 JTAG> >0x48 JTAG> >0x78 JTAG> >0x40 JTAG> >0x30 JTAG> >0x40 JTAG> >0x40 JTAG> >0x30 JTAG> >0x40 JTAG> >0x48 JTAG>Found Cortex-M4 r0p1, Little endian. -- CPU_WriteMem(4 bytes @ 0xE0002000) -- CPU_ReadMem(4 bytes @ 0xE000EDF0) -- CPU_ReadMem(4 bytes @ 0xE0002000)FPUnit: 6 code (BP) slots and 2 literal slots -- CPU_ReadMem(4 bytes @ 0xE000EDFC)
 -- CPU_ReadMem(4 bytes @ 0xE0001000) -- CPU_WriteMem(4 bytes @ 0xE0001000) -- CPU_ReadMem(4 bytes @ 0xE000ED88) -- CPU_WriteMem(4 bytes @ 0xE000ED88) -- CPU_ReadMem(4 bytes @ 0xE000ED88) -- CPU_WriteMem(4 bytes @ 0xE000ED88)CoreSight components:ROMTbl 0 @ E00FF000 -- CPU_ReadMem(16 bytes @ 0xE00FF000) -- CPU_ReadMem(16 bytes @ 0xE000EFF0) -- CPU_ReadMem(16 bytes @ 0xE000EFE0)ROMTbl 0 [0]: FFF0F000, CID: B105E00D, PID: 000BB000 SCS -- CPU_ReadMem(16 bytes @ 0xE0001FF0)
 -- CPU_ReadMem(16 bytes @ 0xE0001FE0)ROMTbl 0 [1]: FFF02000, CID: B105E00D, PID: 003BB002 DWT -- CPU_ReadMem(16 bytes @ 0xE0002FF0) -- CPU_ReadMem(16 bytes @ 0xE0002FE0)ROMTbl 0 [2]: FFF03000, CID: B105E00D, PID: 002BB003 FPB -- CPU_ReadMem(16 bytes @ 0xE0000FF0) -- CPU_ReadMem(16 bytes @ 0xE0000FE0)ROMTbl 0 [3]: FFF01000, CID: B105E00D, PID: 003BB001 ITM -- CPU_ReadMem(16 bytes @ 0xE00FF010) -- CPU_ReadMem(16 bytes @ 0xE0040FF0) -- CPU_ReadMem(16 bytes @ 0xE0040FE0)
ROMTbl 0 [4]: FFF41000, CID: B105900D, PID: 000BB9A1 TPIU  returns 0x00 (0042ms, 82654ms total)
T15B0 1887:951 JLINK_GetDebugInfo(0x100) -- Value=0xE00FF003  returns 0x00 (0001ms, 82655ms total)
T15B0 1887:952 JLINK_ReadMem (0xE00FFFF0, 0x0010 Bytes, ...) -- CPU is running -- CPU_ReadMem(16 bytes @ 0xE00FFFF0) - Data: 0D 00 00 00 10 00 00 00 05 00 00 00 B1 00 00 00  returns 0x00 (0002ms, 82657ms total)
T15B0 1887:954 JLINK_ReadMem (0xE00FFFD0, 0x0020 Bytes, ...) -- CPU is running -- CPU_ReadMem(32 bytes @ 0xE00FFFD0) - Data: 04 00 00 00 00 00 00 00 00 00 00 00 00 00 00 00 ...  returns 0x00 (0002ms, 82659ms total)
T15B0 1887:956 JLINK_ReadMemU32(0xE00FF000, 0x0001 Items, ...) -- CPU is running -- CPU_ReadMem(4 bytes @ 0xE00FF000) - Data: 03 F0 F0 FF  returns 0x01 (0001ms, 82660ms total)
T15B0 1887:957 JLINK_ReadMem (0xE000EFF0, 0x0010 Bytes, ...) -- CPU is running -- CPU_ReadMem(16 bytes @ 0xE000EFF0) - Data: 0D 00 00 00 E0 00 00 00 05 00 00 00 B1 00 00 00  returns 0x00 (0001ms, 82661ms total)
T15B0 1887:958 JLINK_ReadMem (0xE000EFD0, 0x0020 Bytes, ...) -- CPU is running -- CPU_ReadMem(32 bytes @ 0xE000EFD0) - Data: 04 00 00 00 00 00 00 00 00 00 00 00 00 00 00 00 ...  returns 0x00 (0002ms, 82663ms total)
T15B0 1887:960 JLINK_ReadMemU32(0xE00FF004, 0x0001 Items, ...) -- CPU is running -- CPU_ReadMem(4 bytes @ 0xE00FF004) - Data: 03 20 F0 FF  returns 0x01 (0001ms, 82664ms total)
T15B0 1887:961 JLINK_ReadMem (0xE0001FF0, 0x0010 Bytes, ...) -- CPU is running -- CPU_ReadMem(16 bytes @ 0xE0001FF0) - Data: 0D 00 00 00 E0 00 00 00 05 00 00 00 B1 00 00 00  returns 0x00 (0001ms, 82665ms total)
T15B0 1887:962 JLINK_ReadMem (0xE0001FD0, 0x0020 Bytes, ...) -- CPU is running -- CPU_ReadMem(32 bytes @ 0xE0001FD0) - Data: 04 00 00 00 00 00 00 00 00 00 00 00 00 00 00 00 ...  returns 0x00 (0002ms, 82667ms total)
T15B0 1887:964 JLINK_ReadMemU32(0xE00FF008, 0x0001 Items, ...) -- CPU is running -- CPU_ReadMem(4 bytes @ 0xE00FF008) - Data: 03 30 F0 FF  returns 0x01 (0001ms, 82668ms total)
T15B0 1887:965 JLINK_ReadMem (0xE0002FF0, 0x0010 Bytes, ...) -- CPU is running -- CPU_ReadMem(16 bytes @ 0xE0002FF0) - Data: 0D 00 00 00 E0 00 00 00 05 00 00 00 B1 00 00 00  returns 0x00 (0001ms, 82669ms total)
T15B0 1887:966 JLINK_ReadMem (0xE0002FD0, 0x0020 Bytes, ...) -- CPU is running -- CPU_ReadMem(32 bytes @ 0xE0002FD0) - Data: 04 00 00 00 00 00 00 00 00 00 00 00 00 00 00 00 ...  returns 0x00 (0002ms, 82671ms total)
T15B0 1887:968 JLINK_ReadMemU32(0xE00FF00C, 0x0001 Items, ...) -- CPU is running -- CPU_ReadMem(4 bytes @ 0xE00FF00C) - Data: 03 10 F0 FF  returns 0x01 (0001ms, 82672ms total)
T15B0 1887:969 JLINK_ReadMem (0xE0000FF0, 0x0010 Bytes, ...) -- CPU is running -- CPU_ReadMem(16 bytes @ 0xE0000FF0) - Data: 0D 00 00 00 E0 00 00 00 05 00 00 00 B1 00 00 00  returns 0x00 (0001ms, 82673ms total)
T15B0 1887:970 JLINK_ReadMem (0xE0000FD0, 0x0020 Bytes, ...) -- CPU is running -- CPU_ReadMem(32 bytes @ 0xE0000FD0) - Data: 04 00 00 00 00 00 00 00 00 00 00 00 00 00 00 00 ...  returns 0x00 (0002ms, 82675ms total)
T15B0 1887:972 JLINK_ReadMemU32(0xE00FF010, 0x0001 Items, ...) -- CPU is running -- CPU_ReadMem(4 bytes @ 0xE00FF010) - Data: 03 10 F4 FF  returns 0x01 (0001ms, 82676ms total)
T15B0 1887:973 JLINK_ReadMem (0xE0040FF0, 0x0010 Bytes, ...) -- CPU is running -- CPU_ReadMem(16 bytes @ 0xE0040FF0) - Data: 0D 00 00 00 90 00 00 00 05 00 00 00 B1 00 00 00  returns 0x00 (0001ms, 82677ms total)
T15B0 1887:974 JLINK_ReadMem (0xE0040FD0, 0x0020 Bytes, ...) -- CPU is running -- CPU_ReadMem(32 bytes @ 0xE0040FD0) - Data: 04 00 00 00 00 00 00 00 00 00 00 00 00 00 00 00 ...  returns 0x00 (0002ms, 82679ms total)
T15B0 1887:976 JLINK_ReadMemU32(0xE00FF014, 0x0001 Items, ...) -- CPU is running -- CPU_ReadMem(4 bytes @ 0xE00FF014) - Data: 02 20 F4 FF  returns 0x01 (0001ms, 82680ms total)
T15B0 1887:977 JLINK_ReadMemU32(0xE00FF018, 0x0001 Items, ...) -- CPU is running -- CPU_ReadMem(4 bytes @ 0xE00FF018) - Data: 00 00 00 00  returns 0x01 (0001ms, 82681ms total)
T15B0 1887:978 JLINK_ReadMem (0xE0001000, 0x0004 Bytes, ...) -- CPU is running -- CPU_ReadMem(4 bytes @ 0xE0001000) - Data: 01 00 00 40  returns 0x00 (0001ms, 82682ms total)
T15B0 1887:979 JLINK_ReadMem (0xE0001000, 0x0004 Bytes, ...) -- CPU is running -- CPU_ReadMem(4 bytes @ 0xE0001000) - Data: 01 00 00 40  returns 0x00 (0001ms, 82683ms total)
T15B0 1887:980 JLINK_ReadMem (0xE0001028, 0x0004 Bytes, ...) -- CPU is running -- CPU_ReadMem(4 bytes @ 0xE0001028) - Data: 00 00 00 00  returns 0x00 (0001ms, 82684ms total)
T15B0 1887:981 JLINK_WriteMem(0xE0001028, 0x0004 Bytes, ...) - Data: 00 01 00 00 -- CPU is running -- CPU_WriteMem(4 bytes @ 0xE0001028)  returns 0x04 (0001ms, 82685ms total)
T15B0 1887:982 JLINK_ReadMem (0xE0001028, 0x0004 Bytes, ...) -- CPU is running -- CPU_ReadMem(4 bytes @ 0xE0001028) - Data: 00 00 00 00  returns 0x00 (0001ms, 82686ms total)
T15B0 1887:983 JLINK_ReadMem (0xE0001038, 0x0004 Bytes, ...) -- CPU is running -- CPU_ReadMem(4 bytes @ 0xE0001038) - Data: 00 02 00 00  returns 0x00 (0001ms, 82687ms total)
T15B0 1887:984 JLINK_WriteMem(0xE0001038, 0x0004 Bytes, ...) - Data: 00 03 00 00 -- CPU is running -- CPU_WriteMem(4 bytes @ 0xE0001038)  returns 0x04 (0001ms, 82688ms total)
T15B0 1887:985 JLINK_ReadMem (0xE0001038, 0x0004 Bytes, ...) -- CPU is running -- CPU_ReadMem(4 bytes @ 0xE0001038) - Data: 00 03 00 00  returns 0x00 (0001ms, 82689ms total)
T15B0 1887:986 JLINK_ReadMem (0xE0001048, 0x0004 Bytes, ...) -- CPU is running -- CPU_ReadMem(4 bytes @ 0xE0001048) - Data: 00 00 00 00  returns 0x00 (0001ms, 82690ms total)
T15B0 1887:987 JLINK_WriteMem(0xE0001048, 0x0004 Bytes, ...) - Data: 00 01 00 00 -- CPU is running -- CPU_WriteMem(4 bytes @ 0xE0001048)  returns 0x04 (0001ms, 82691ms total)
T15B0 1887:988 JLINK_ReadMem (0xE0001048, 0x0004 Bytes, ...) -- CPU is running -- CPU_ReadMem(4 bytes @ 0xE0001048) - Data: 00 00 00 00  returns 0x00 (0001ms, 82692ms total)
T15B0 1887:989 JLINK_ReadMem (0xE0001058, 0x0004 Bytes, ...) -- CPU is running -- CPU_ReadMem(4 bytes @ 0xE0001058) - Data: 00 00 00 00  returns 0x00 (0001ms, 82693ms total)
T15B0 1887:990 JLINK_WriteMem(0xE0001058, 0x0004 Bytes, ...) - Data: 00 01 00 00 -- CPU is running -- CPU_WriteMem(4 bytes @ 0xE0001058)  returns 0x04 (0001ms, 82694ms total)
T15B0 1887:991 JLINK_ReadMem (0xE0001058, 0x0004 Bytes, ...) -- CPU is running -- CPU_ReadMem(4 bytes @ 0xE0001058) - Data: 00 00 00 00  returns 0x00 (0001ms, 82695ms total)
T15B0 1887:992 JLINK_ReadMem (0xE0001024, 0x0004 Bytes, ...) -- CPU is running -- CPU_ReadMem(4 bytes @ 0xE0001024) - Data: 00 00 00 00  returns 0x00 (0001ms, 82696ms total)
T15B0 1887:993 JLINK_WriteMem(0xE0001024, 0x0004 Bytes, ...) - Data: 1F 00 00 00 -- CPU is running -- CPU_WriteMem(4 bytes @ 0xE0001024)  returns 0x04 (0001ms, 82697ms total)
T15B0 1887:994 JLINK_ReadMem (0xE0001024, 0x0004 Bytes, ...) -- CPU is running -- CPU_ReadMem(4 bytes @ 0xE0001024) - Data: 0F 00 00 00  returns 0x00 (0001ms, 82698ms total)
T15B0 1887:995 JLINK_ReadMem (0xE0001034, 0x0004 Bytes, ...) -- CPU is running -- CPU_ReadMem(4 bytes @ 0xE0001034) - Data: 00 00 00 00  returns 0x00 (0001ms, 82699ms total)
T15B0 1887:996 JLINK_WriteMem(0xE0001034, 0x0004 Bytes, ...) - Data: 1F 00 00 00 -- CPU is running -- CPU_WriteMem(4 bytes @ 0xE0001034)  returns 0x04 (0001ms, 82700ms total)
T15B0 1887:997 JLINK_ReadMem (0xE0001034, 0x0004 Bytes, ...) -- CPU is running -- CPU_ReadMem(4 bytes @ 0xE0001034) - Data: 0F 00 00 00  returns 0x00 (0001ms, 82701ms total)
T15B0 1887:998 JLINK_ReadMem (0xE0001044, 0x0004 Bytes, ...) -- CPU is running -- CPU_ReadMem(4 bytes @ 0xE0001044) - Data: 00 00 00 00  returns 0x00 (0001ms, 82702ms total)
T15B0 1887:999 JLINK_WriteMem(0xE0001044, 0x0004 Bytes, ...) - Data: 1F 00 00 00 -- CPU is running -- CPU_WriteMem(4 bytes @ 0xE0001044)  returns 0x04 (0001ms, 82703ms total)
T15B0 1888:000 JLINK_ReadMem (0xE0001044, 0x0004 Bytes, ...) -- CPU is running -- CPU_ReadMem(4 bytes @ 0xE0001044) - Data: 0F 00 00 00  returns 0x00 (0001ms, 82704ms total)
T15B0 1888:001 JLINK_ReadMem (0xE0001054, 0x0004 Bytes, ...) -- CPU is running -- CPU_ReadMem(4 bytes @ 0xE0001054) - Data: 00 00 00 00  returns 0x00 (0001ms, 82705ms total)
T15B0 1888:002 JLINK_WriteMem(0xE0001054, 0x0004 Bytes, ...) - Data: 1F 00 00 00 -- CPU is running -- CPU_WriteMem(4 bytes @ 0xE0001054)  returns 0x04 (0001ms, 82706ms total)
T15B0 1888:003 JLINK_ReadMem (0xE0001054, 0x0004 Bytes, ...) -- CPU is running -- CPU_ReadMem(4 bytes @ 0xE0001054) - Data: 0F 00 00 00  returns 0x00 (0001ms, 82707ms total)
T15B0 1888:004 JLINK_ReadMem (0xE0001028, 0x0004 Bytes, ...) -- CPU is running -- CPU_ReadMem(4 bytes @ 0xE0001028) - Data: 00 00 00 00  returns 0x00 (0001ms, 82708ms total)
T15B0 1888:005 JLINK_ReadMem (0xE0001038, 0x0004 Bytes, ...) -- CPU is running -- CPU_ReadMem(4 bytes @ 0xE0001038) - Data: 00 03 00 00  returns 0x00 (0001ms, 82709ms total)
T15B0 1888:006 JLINK_ReadMem (0xE0001048, 0x0004 Bytes, ...) -- CPU is running -- CPU_ReadMem(4 bytes @ 0xE0001048) - Data: 00 00 00 00  returns 0x00 (0001ms, 82710ms total)
T15B0 1888:007 JLINK_ReadMem (0xE0001058, 0x0004 Bytes, ...) -- CPU is running -- CPU_ReadMem(4 bytes @ 0xE0001058) - Data: 00 00 00 00  returns 0x00 (0001ms, 82711ms total)
T15B0 1888:008 JLINK_WriteMem(0xE0001020, 0x0004 Bytes, ...) - Data: 00 00 00 00 -- CPU is running -- CPU_WriteMem(4 bytes @ 0xE0001020)  returns 0x04 (0001ms, 82712ms total)
T15B0 1888:009 JLINK_WriteMem(0xE0001024, 0x0004 Bytes, ...) - Data: 00 00 00 00 -- CPU is running -- CPU_WriteMem(4 bytes @ 0xE0001024)  returns 0x04 (0001ms, 82713ms total)
T15B0 1888:010 JLINK_WriteMem(0xE0001028, 0x0004 Bytes, ...) - Data: 00 00 00 00 -- CPU is running -- CPU_WriteMem(4 bytes @ 0xE0001028)  returns 0x04 (0001ms, 82714ms total)
T15B0 1888:011 JLINK_WriteMem(0xE0001030, 0x0004 Bytes, ...) - Data: 00 00 00 00 -- CPU is running -- CPU_WriteMem(4 bytes @ 0xE0001030)  returns 0x04 (0001ms, 82715ms total)
T15B0 1888:012 JLINK_WriteMem(0xE0001034, 0x0004 Bytes, ...) - Data: 00 00 00 00 -- CPU is running -- CPU_WriteMem(4 bytes @ 0xE0001034)  returns 0x04 (0001ms, 82716ms total)
T15B0 1888:013 JLINK_WriteMem(0xE0001038, 0x0004 Bytes, ...) - Data: 00 00 00 00 -- CPU is running -- CPU_WriteMem(4 bytes @ 0xE0001038)  returns 0x04 (0001ms, 82717ms total)
T15B0 1888:014 JLINK_WriteMem(0xE0001040, 0x0004 Bytes, ...) - Data: 00 00 00 00 -- CPU is running -- CPU_WriteMem(4 bytes @ 0xE0001040)  returns 0x04 (0001ms, 82718ms total)
T15B0 1888:015 JLINK_WriteMem(0xE0001044, 0x0004 Bytes, ...) - Data: 00 00 00 00 -- CPU is running -- CPU_WriteMem(4 bytes @ 0xE0001044)  returns 0x04 (0001ms, 82719ms total)
T15B0 1888:016 JLINK_WriteMem(0xE0001048, 0x0004 Bytes, ...) - Data: 00 00 00 00 -- CPU is running -- CPU_WriteMem(4 bytes @ 0xE0001048)  returns 0x04 (0001ms, 82720ms total)
T15B0 1888:017 JLINK_WriteMem(0xE0001050, 0x0004 Bytes, ...) - Data: 00 00 00 00 -- CPU is running -- CPU_WriteMem(4 bytes @ 0xE0001050)  returns 0x04 (0001ms, 82721ms total)
T15B0 1888:018 JLINK_WriteMem(0xE0001054, 0x0004 Bytes, ...) - Data: 00 00 00 00 -- CPU is running -- CPU_WriteMem(4 bytes @ 0xE0001054)  returns 0x04 (0001ms, 82722ms total)
T15B0 1888:019 JLINK_WriteMem(0xE0001058, 0x0004 Bytes, ...) - Data: 00 00 00 00 -- CPU is running -- CPU_WriteMem(4 bytes @ 0xE0001058)  returns 0x04 (0001ms, 82723ms total)
T15B0 1888:020 JLINK_Halt()  returns 0x00 (0007ms, 82730ms total)
T15B0 1888:027 JLINK_WriteMem(0x400E0A04, 0x0004 Bytes, ...) - Data: 0B 01 00 5A -- CPU_WriteMem(4 bytes @ 0x400E0A04)  returns 0x04 (0001ms, 82731ms total)
T15B0 1888:028 JLINK_ReadMem (0x400E0A08, 0x0004 Bytes, ...) -- CPU_ReadMem(4 bytes @ 0x400E0A08) - Data: 01 00 00 00  returns 0x00 (0001ms, 82732ms total)
T15B0 1888:029 JLINK_WriteMem(0x400E0A04, 0x0004 Bytes, ...) - Data: 0C 02 00 5A -- CPU_WriteMem(4 bytes @ 0x400E0A04)  returns 0x04 (0001ms, 82733ms total)
T15B0 1888:030 JLINK_ReadMem (0x400E0A08, 0x0004 Bytes, ...) -- CPU_ReadMem(4 bytes @ 0x400E0A08) - Data: 01 00 00 00  returns 0x00 (0001ms, 82734ms total)
T15B0 1888:031 JLINK_Reset() -- CPU_ReadMem(16 bytes @ 0x20000000) -- CPU_WriteMem(16 bytes @ 0x20000000) -- CPU_ReadMem(4 bytes @ 0xE000EDFC) -- CPU_WriteMem(4 bytes @ 0xE000EDFC) -- CPU_ReadMem(4 bytes @ 0xE0001000) -- CPU_WriteMem(4 bytes @ 0xE000EDFC) -- CPU_WriteMem(16 bytes @ 0x20000000) -- CPU_WriteMem(4 bytes @ 0xE0002000) -- CPU_ReadMem(4 bytes @ 0xE000EDFC) -- CPU_ReadMem(4 bytes @ 0xE0001000) (0039ms, 82773ms total)
T15B0 1888:071 JLINK_JTAG_GetDeviceID(DeviceIndex = 0)  returns 0x4BA00477 (0000ms, 82773ms total)
T15B0 1888:071 JLINK_ReadMemU32(0x400E0740, 0x0001 Items, ...) -- CPU_ReadMem(4 bytes @ 0x400E0740) - Data: E0 0E A7 29  returns 0x01 (0001ms, 82774ms total)
T15B0 1888:072 JLINK_ReadMemU32(0x400E0744, 0x0001 Items, ...) -- CPU_ReadMem(4 bytes @ 0x400E0744) - Data: 00 00 00 00  returns 0x01 (0001ms, 82775ms total)
T15B0 1888:073 JLINK_WriteMem(0x400E0A04, 0x0004 Bytes, ...) - Data: 05 00 00 5A -- CPU_WriteMem(4 bytes @ 0x400E0A04)  returns 0x04 (0001ms, 82776ms total)
T15B0 1888:074 JLINK_WriteMem(0x400E0C04, 0x0004 Bytes, ...) - Data: 05 00 00 5A -- CPU_WriteMem(4 bytes @ 0x400E0C04)  returns 0x04 (0001ms, 82777ms total)
T15B0 1888:075 JLINK_ReadMem (0x400E0A08, 0x0004 Bytes, ...) -- CPU_ReadMem(4 bytes @ 0x400E0A08) - Data: 00 00 00 00  returns 0x00 (0001ms, 82778ms total)
T15B0 1888:077 JLINK_ReadMem (0x400E0A08, 0x0004 Bytes, ...) -- CPU_ReadMem(4 bytes @ 0x400E0A08) - Data: 00 00 00 00  returns 0x00 (0001ms, 82779ms total)
T1CD0 1888:081 JLINK_IsHalted()  returns TRUE (0000ms, 82779ms total)
T1CD0 1888:081 JLINK_GetMOEs(...) -- CPU_ReadMem(4 bytes @ 0xE000ED30) -- CPU_WriteMem(4 bytes @ 0xE000ED30)  returns 0x01 (0002ms, 82781ms total)
T15B0 1888:083 JLINK_ReadMem (0x400E0A08, 0x0004 Bytes, ...) -- CPU_ReadMem(4 bytes @ 0x400E0A08) - Data: 00 00 00 00  returns 0x00 (0001ms, 82782ms total)
T1CD0 1888:084 JLINK_ReadReg(R15 (PC))  returns 0x00401560 (0000ms, 82782ms total)
T15B0 1888:100 JLINK_ReadMem (0x400E0A08, 0x0004 Bytes, ...) -- CPU_ReadMem(4 bytes @ 0x400E0A08) - Data: 00 00 00 00  returns 0x00 (0001ms, 82783ms total)
T15B0 1888:165 JLINK_ReadMem (0x400E0A08, 0x0004 Bytes, ...) -- CPU_ReadMem(4 bytes @ 0x400E0A08) - Data: 00 00 00 00  returns 0x00 (0001ms, 82784ms total)
T1CD0 1888:284 JLINK_IsHalted()  returns TRUE (0000ms, 82784ms total)
T15B0 1888:422 JLINK_ReadMem (0x400E0A08, 0x0004 Bytes, ...) -- CPU_ReadMem(4 bytes @ 0x400E0A08) - Data: 00 00 00 00  returns 0x00 (0001ms, 82785ms total)
T1CD0 1888:484 JLINK_IsHalted()  returns TRUE (0000ms, 82785ms total)
T1CD0 1888:684 JLINK_IsHalted()  returns TRUE (0001ms, 82786ms total)
T1CD0 1888:885 JLINK_IsHalted()  returns TRUE (0000ms, 82785ms total)
T1CD0 1889:085 JLINK_IsHalted()  returns TRUE (0001ms, 82786ms total)
T1CD0 1889:286 JLINK_IsHalted()  returns TRUE (0001ms, 82786ms total)
T15B0 1889:423 JLINK_ReadMem (0x400E0A08, 0x0004 Bytes, ...) -- CPU_ReadMem(4 bytes @ 0x400E0A08) - Data: 00 00 00 00  returns 0x00 (0001ms, 82786ms total)
T15B0 1889:424 JLINK_ReadMem (0x400E0C08, 0x0004 Bytes, ...) -- CPU_ReadMem(4 bytes @ 0x400E0C08) - Data: 00 00 00 00  returns 0x00 (0001ms, 82787ms total)
T15B0 1889:426 JLINK_ReadMem (0x400E0C08, 0x0004 Bytes, ...) -- CPU_ReadMem(4 bytes @ 0x400E0C08) - Data: 00 00 00 00  returns 0x00 (0001ms, 82788ms total)
T15B0 1889:431 JLINK_ReadMem (0x400E0C08, 0x0004 Bytes, ...) -- CPU_ReadMem(4 bytes @ 0x400E0C08) - Data: 00 00 00 00  returns 0x00 (0001ms, 82789ms total)
T15B0 1889:448 JLINK_ReadMem (0x400E0C08, 0x0004 Bytes, ...) -- CPU_ReadMem(4 bytes @ 0x400E0C08) - Data: 00 00 00 00  returns 0x00 (0001ms, 82790ms total)
T1CD0 1889:487 JLINK_IsHalted()  returns TRUE (0000ms, 82790ms total)
T15B0 1889:513 JLINK_ReadMem (0x400E0C08, 0x0004 Bytes, ...) -- CPU_ReadMem(4 bytes @ 0x400E0C08) - Data: 00 00 00 00  returns 0x00 (0001ms, 82791ms total)
T1CD0 1889:687 JLINK_IsHalted()  returns TRUE (0000ms, 82791ms total)
T15B0 1889:770 JLINK_ReadMem (0x400E0C08, 0x0004 Bytes, ...) -- CPU_ReadMem(4 bytes @ 0x400E0C08) - Data: 00 00 00 00  returns 0x00 (0001ms, 82792ms total)
T1CD0 1889:887 JLINK_IsHalted()  returns TRUE (0001ms, 82793ms total)
T1CD0 1890:088 JLINK_IsHalted()  returns TRUE (0001ms, 82793ms total)
T1CD0 1890:289 JLINK_IsHalted()  returns TRUE (0000ms, 82792ms total)
T1CD0 1890:489 JLINK_IsHalted()  returns TRUE (0001ms, 82793ms total)
T1CD0 1890:690 JLINK_IsHalted()  returns TRUE (0000ms, 82792ms total)
T15B0 1890:771 JLINK_ReadMem (0x400E0C08, 0x0004 Bytes, ...) -- CPU_ReadMem(4 bytes @ 0x400E0C08) - Data: 00 00 00 00  returns 0x00 (0001ms, 82793ms total)
T15B0 1890:772 JLINK_ReadMem (0x400E0A08, 0x0004 Bytes, ...) -- CPU_ReadMem(4 bytes @ 0x400E0A08) - Data: 00 00 00 00  returns 0x00 (0001ms, 82794ms total)
T15B0 1890:774 JLINK_ReadMem (0x400E0A08, 0x0004 Bytes, ...) -- CPU_ReadMem(4 bytes @ 0x400E0A08) - Data: 00 00 00 00  returns 0x00 (0001ms, 82795ms total)
T15B0 1890:779 JLINK_ReadMem (0x400E0A08, 0x0004 Bytes, ...) -- CPU_ReadMem(4 bytes @ 0x400E0A08) - Data: 00 00 00 00  returns 0x00 (0001ms, 82796ms total)
T15B0 1890:796 JLINK_ReadMem (0x400E0A08, 0x0004 Bytes, ...) -- CPU_ReadMem(4 bytes @ 0x400E0A08) - Data: 00 00 00 00  returns 0x00 (0001ms, 82797ms total)
T15B0 1890:861 JLINK_ReadMem (0x400E0A08, 0x0004 Bytes, ...) -- CPU_ReadMem(4 bytes @ 0x400E0A08) - Data: 00 00 00 00  returns 0x00 (0001ms, 82798ms total)
T1CD0 1890:890 JLINK_IsHalted()  returns TRUE (0000ms, 82798ms total)
T1CD0 1891:090 JLINK_IsHalted()  returns TRUE (0002ms, 82800ms total)
T15B0 1891:118 JLINK_ReadMem (0x400E0A08, 0x0004 Bytes, ...) -- CPU_ReadMem(4 bytes @ 0x400E0A08) - Data: 00 00 00 00  returns 0x00 (0001ms, 82799ms total)
T1CD0 1891:292 JLINK_IsHalted()  returns TRUE (0000ms, 82799ms total)
T1CD0 1891:492 JLINK_IsHalted()  returns TRUE (0000ms, 82799ms total)
T1CD0 1891:692 JLINK_IsHalted()  returns TRUE (0001ms, 82800ms total)
T1CD0 1891:893 JLINK_IsHalted()  returns TRUE (0000ms, 82799ms total)
T1CD0 1892:093 JLINK_IsHalted()  returns TRUE (0001ms, 82800ms total)
T15B0 1892:119 JLINK_ReadMem (0x400E0A08, 0x0004 Bytes, ...) -- CPU_ReadMem(4 bytes @ 0x400E0A08) - Data: 00 00 00 00  returns 0x00 (0001ms, 82800ms total)
T15B0 1892:120 JLINK_ReadMem (0x400E0C08, 0x0004 Bytes, ...) -- CPU_ReadMem(4 bytes @ 0x400E0C08) - Data: 01 00 00 00  returns 0x00 (0001ms, 82801ms total)
T15B0 1892:121 JLINK_ReadMem (0x400E0A08, 0x0004 Bytes, ...) -- CPU_ReadMem(4 bytes @ 0x400E0A08) - Data: 00 00 00 00  returns 0x00 (0001ms, 82802ms total)
T15B0 1892:123 JLINK_ReadMem (0x400E0A08, 0x0004 Bytes, ...) -- CPU_ReadMem(4 bytes @ 0x400E0A08) - Data: 00 00 00 00  returns 0x00 (0001ms, 82803ms total)
T15B0 1892:128 JLINK_ReadMem (0x400E0A08, 0x0004 Bytes, ...) -- CPU_ReadMem(4 bytes @ 0x400E0A08) - Data: 00 00 00 00  returns 0x00 (0001ms, 82804ms total)
T15B0 1892:145 JLINK_ReadMem (0x400E0A08, 0x0004 Bytes, ...) -- CPU_ReadMem(4 bytes @ 0x400E0A08) - Data: 00 00 00 00  returns 0x00 (0001ms, 82805ms total)
T15B0 1892:210 JLINK_ReadMem (0x400E0A08, 0x0004 Bytes, ...) -- CPU_ReadMem(4 bytes @ 0x400E0A08) - Data: 00 00 00 00  returns 0x00 (0001ms, 82806ms total)
T1CD0 1892:294 JLINK_IsHalted()  returns TRUE (0001ms, 82807ms total)
T15B0 1892:467 JLINK_ReadMem (0x400E0A08, 0x0004 Bytes, ...) -- CPU_ReadMem(4 bytes @ 0x400E0A08) - Data: 00 00 00 00  returns 0x00 (0001ms, 82807ms total)
T1CD0 1892:495 JLINK_IsHalted()  returns TRUE (0000ms, 82807ms total)
T1CD0 1892:695 JLINK_IsHalted()  returns TRUE (0000ms, 82807ms total)
T1CD0 1892:895 JLINK_IsHalted()  returns TRUE (0001ms, 82808ms total)
T1CD0 1893:096 JLINK_IsHalted()  returns TRUE (0001ms, 82808ms total)
T1CD0 1893:297 JLINK_IsHalted()  returns TRUE (0000ms, 82807ms total)
T15B0 1893:468 JLINK_ReadMem (0x400E0A08, 0x0004 Bytes, ...) -- CPU_ReadMem(4 bytes @ 0x400E0A08) - Data: 01 00 00 00  returns 0x00 (0001ms, 82808ms total)
T1CD0 1893:497 JLINK_IsHalted()  returns TRUE (0001ms, 82809ms total)
T15B0 1893:498 JLINK_ResetPullsRESET(ON) (0000ms, 82808ms total)
T15B0 1893:498 JLINK_ResetNoHalt() >0x2F8 JTAG>TotalIRLen = 4, IRPrint = 0x01 >0x30 JTAG> >0x210 JTAG> >0x70 JTAG> >0x40 JTAG> >0x40 JTAG> >0x40 JTAG> >0x48 JTAG> >0x78 JTAG> >0x40 JTAG> >0x30 JTAG> >0x40 JTAG> >0x40 JTAG> >0x30 JTAG> >0x40 JTAG> >0x48 JTAG>Found Cortex-M4 r0p1, Little endian. -- CPU_WriteMem(4 bytes @ 0xE0002000) -- CPU_ReadMem(4 bytes @ 0xE000EDF0) -- CPU_ReadMem(4 bytes @ 0xE0002000)FPUnit: 6 code (BP) slots and 2 literal slots -- CPU_ReadMem(4 bytes @ 0xE000EDFC)
 -- CPU_ReadMem(4 bytes @ 0xE0001000) -- CPU_ReadMem(4 bytes @ 0xE000ED88) -- CPU_WriteMem(4 bytes @ 0xE000ED88) -- CPU_ReadMem(4 bytes @ 0xE000ED88) -- CPU_WriteMem(4 bytes @ 0xE000ED88)CoreSight components:ROMTbl 0 @ E00FF000 -- CPU_ReadMem(16 bytes @ 0xE00FF000) -- CPU_ReadMem(16 bytes @ 0xE000EFF0) -- CPU_ReadMem(16 bytes @ 0xE000EFE0)ROMTbl 0 [0]: FFF0F000, CID: B105E00D, PID: 000BB000 SCS -- CPU_WriteMem(4 bytes @ 0xE0001000) -- CPU_ReadMem(16 bytes @ 0xE0001FF0)
 -- CPU_ReadMem(16 bytes @ 0xE0001FE0)ROMTbl 0 [1]: FFF02000, CID: B105E00D, PID: 003BB002 DWT -- CPU_ReadMem(16 bytes @ 0xE0002FF0) -- CPU_ReadMem(16 bytes @ 0xE0002FE0)ROMTbl 0 [2]: FFF03000, CID: B105E00D, PID: 002BB003 FPB -- CPU_ReadMem(16 bytes @ 0xE0000FF0) -- CPU_ReadMem(16 bytes @ 0xE0000FE0)ROMTbl 0 [3]: FFF01000, CID: B105E00D, PID: 003BB001 ITM -- CPU_ReadMem(16 bytes @ 0xE00FF010) -- CPU_ReadMem(16 bytes @ 0xE0040FF0) -- CPU_ReadMem(16 bytes @ 0xE0040FE0)
ROMTbl 0 [4]: FFF41000, CID: B105900D, PID: 000BB9A1 TPIU
                JLINK_Reset() -- CPU_ReadMem(16 bytes @ 0x20000000) -- CPU_WriteMem(16 bytes @ 0x20000000) -- CPU_ReadMem(4 bytes @ 0xE000EDFC) -- CPU_WriteMem(4 bytes @ 0xE000EDFC) -- CPU_ReadMem(4 bytes @ 0xE0001000) -- CPU_WriteMem(4 bytes @ 0xE0001004) -- CPU_WriteMem(4 bytes @ 0xE000EDFC) -- CPU_WriteMem(16 bytes @ 0x20000000) -- CPU_WriteMem(4 bytes @ 0xE0002000) -- CPU_ReadMem(4 bytes @ 0xE000EDFC) -- CPU_ReadMem(4 bytes @ 0xE0001000) (0039ms, 0039ms total)
                JLINK_Go() -- CPU_ReadMem(4 bytes @ 0xE0001000) -- CPU_WriteMem(4 bytes @ 0xE0001004) (0003ms, 0042ms total)
               (0084ms, 82892ms total)
T15B0 1893:582 JLINK_ExecCommand("ProjectFile = T:\pasta2\entregas\15-DAC\LCD-Desenhos\jlink.config", ...)  returns 0x00 (0000ms, 82892ms total)
T15B0 1893:590 JLINK_ExecCommand("Device = AT91SAM4SD32C", ...)Device "ATSAM4SD32C" selected.  returns 0x00 (0000ms, 82892ms total)
T15B0 1893:590 JLINK_TIF_Select(JLINKARM_TIF_JTAG)  returns 0x00 (0000ms, 82892ms total)
T15B0 1893:590 JLINK_GetIdData(...) ScanLen=4 NumDevices=1 aId[0]=0x4BA00477 aIrRead[0]=0 aScanLen[0]=0 aScanRead[0]=0 (0000ms, 82892ms total)
T15B0 1893:590 JLINK_ConfigJTAG(IRPre = 0, DRPre = 0) (0000ms, 82892ms total)
T15B0 1893:590 JLINK_SetSpeed(4000) (0000ms, 82892ms total)
T15B0 1893:590 JLINK_ResetPullsRESET(OFF) (0000ms, 82892ms total)
T15B0 1893:590 JLINK_Connect() >0x2F8 JTAG>TotalIRLen = 4, IRPrint = 0x01 >0x30 JTAG> >0x210 JTAG> >0x70 JTAG> >0x40 JTAG> >0x40 JTAG> >0x40 JTAG> >0x48 JTAG> >0x78 JTAG> >0x40 JTAG> >0x30 JTAG> >0x40 JTAG> >0x40 JTAG> >0x30 JTAG> >0x40 JTAG> >0x48 JTAG>Found Cortex-M4 r0p1, Little endian. -- CPU_WriteMem(4 bytes @ 0xE0002000) -- CPU_ReadMem(4 bytes @ 0xE000EDF0) -- CPU_ReadMem(4 bytes @ 0xE0002000)FPUnit: 6 code (BP) slots and 2 literal slots -- CPU_ReadMem(4 bytes @ 0xE000EDFC)
 -- CPU_ReadMem(4 bytes @ 0xE0001000) -- CPU_WriteMem(4 bytes @ 0xE0001000) -- CPU_ReadMem(4 bytes @ 0xE000ED88) -- CPU_WriteMem(4 bytes @ 0xE000ED88) -- CPU_ReadMem(4 bytes @ 0xE000ED88) -- CPU_WriteMem(4 bytes @ 0xE000ED88)CoreSight components:ROMTbl 0 @ E00FF000 -- CPU_ReadMem(16 bytes @ 0xE00FF000) -- CPU_ReadMem(16 bytes @ 0xE000EFF0) -- CPU_ReadMem(16 bytes @ 0xE000EFE0)ROMTbl 0 [0]: FFF0F000, CID: B105E00D, PID: 000BB000 SCS -- CPU_ReadMem(16 bytes @ 0xE0001FF0)
 -- CPU_ReadMem(16 bytes @ 0xE0001FE0)ROMTbl 0 [1]: FFF02000, CID: B105E00D, PID: 003BB002 DWT -- CPU_ReadMem(16 bytes @ 0xE0002FF0) -- CPU_ReadMem(16 bytes @ 0xE0002FE0)ROMTbl 0 [2]: FFF03000, CID: B105E00D, PID: 002BB003 FPB -- CPU_ReadMem(16 bytes @ 0xE0000FF0) -- CPU_ReadMem(16 bytes @ 0xE0000FE0)ROMTbl 0 [3]: FFF01000, CID: B105E00D, PID: 003BB001 ITM -- CPU_ReadMem(16 bytes @ 0xE00FF010) -- CPU_ReadMem(16 bytes @ 0xE0040FF0) -- CPU_ReadMem(16 bytes @ 0xE0040FE0)
ROMTbl 0 [4]: FFF41000, CID: B105900D, PID: 000BB9A1 TPIU  returns 0x00 (0041ms, 82933ms total)
T15B0 1893:631 JLINK_WriteMem(0xE0001020, 0x0004 Bytes, ...) - Data: 00 00 00 00 -- CPU is running -- CPU_WriteMem(4 bytes @ 0xE0001020)  returns 0x04 (0002ms, 82935ms total)
T15B0 1893:633 JLINK_WriteMem(0xE0001024, 0x0004 Bytes, ...) - Data: 00 00 00 00 -- CPU is running -- CPU_WriteMem(4 bytes @ 0xE0001024)  returns 0x04 (0001ms, 82936ms total)
T15B0 1893:634 JLINK_WriteMem(0xE0001028, 0x0004 Bytes, ...) - Data: 00 00 00 00 -- CPU is running -- CPU_WriteMem(4 bytes @ 0xE0001028)  returns 0x04 (0001ms, 82937ms total)
T15B0 1893:635 JLINK_WriteMem(0xE0001030, 0x0004 Bytes, ...) - Data: 00 00 00 00 -- CPU is running -- CPU_WriteMem(4 bytes @ 0xE0001030)  returns 0x04 (0001ms, 82938ms total)
T15B0 1893:637 JLINK_WriteMem(0xE0001034, 0x0004 Bytes, ...) - Data: 00 00 00 00 -- CPU is running -- CPU_WriteMem(4 bytes @ 0xE0001034)  returns 0x04 (0001ms, 82939ms total)
T15B0 1893:638 JLINK_WriteMem(0xE0001038, 0x0004 Bytes, ...) - Data: 00 00 00 00 -- CPU is running -- CPU_WriteMem(4 bytes @ 0xE0001038)  returns 0x04 (0001ms, 82940ms total)
T15B0 1893:639 JLINK_WriteMem(0xE0001040, 0x0004 Bytes, ...) - Data: 00 00 00 00 -- CPU is running -- CPU_WriteMem(4 bytes @ 0xE0001040)  returns 0x04 (0001ms, 82941ms total)
T15B0 1893:640 JLINK_WriteMem(0xE0001044, 0x0004 Bytes, ...) - Data: 00 00 00 00 -- CPU is running -- CPU_WriteMem(4 bytes @ 0xE0001044)  returns 0x04 (0001ms, 82942ms total)
T15B0 1893:641 JLINK_WriteMem(0xE0001048, 0x0004 Bytes, ...) - Data: 00 00 00 00 -- CPU is running -- CPU_WriteMem(4 bytes @ 0xE0001048)  returns 0x04 (0001ms, 82943ms total)
T15B0 1893:642 JLINK_WriteMem(0xE0001050, 0x0004 Bytes, ...) - Data: 00 00 00 00 -- CPU is running -- CPU_WriteMem(4 bytes @ 0xE0001050)  returns 0x04 (0001ms, 82944ms total)
T15B0 1893:643 JLINK_WriteMem(0xE0001054, 0x0004 Bytes, ...) - Data: 00 00 00 00 -- CPU is running -- CPU_WriteMem(4 bytes @ 0xE0001054)  returns 0x04 (0001ms, 82945ms total)
T15B0 1893:644 JLINK_WriteMem(0xE0001058, 0x0004 Bytes, ...) - Data: 00 00 00 00 -- CPU is running -- CPU_WriteMem(4 bytes @ 0xE0001058)  returns 0x04 (0001ms, 82946ms total)
T15B0 1893:645 JLINK_Halt()  returns 0x00 (0004ms, 82950ms total)
T15B0 1893:649 JLINK_WriteMem(0x400E0A04, 0x0004 Bytes, ...) - Data: 0B 01 00 5A -- CPU_WriteMem(4 bytes @ 0x400E0A04)  returns 0x04 (0001ms, 82951ms total)
T15B0 1893:650 JLINK_ReadMem (0x400E0A08, 0x0004 Bytes, ...) -- CPU_ReadMem(4 bytes @ 0x400E0A08) - Data: 01 00 00 00  returns 0x00 (0001ms, 82952ms total)
T15B0 1893:651 JLINK_WriteMem(0x400E0A04, 0x0004 Bytes, ...) - Data: 0C 02 00 5A -- CPU_WriteMem(4 bytes @ 0x400E0A04)  returns 0x04 (0001ms, 82953ms total)
T15B0 1893:652 JLINK_ReadMem (0x400E0A08, 0x0004 Bytes, ...) -- CPU_ReadMem(4 bytes @ 0x400E0A08) - Data: 01 00 00 00  returns 0x00 (0001ms, 82954ms total)
T15B0 1893:653 JLINK_Reset() -- CPU_ReadMem(16 bytes @ 0x20000000) -- CPU_WriteMem(16 bytes @ 0x20000000) -- CPU_ReadMem(4 bytes @ 0xE000EDFC) -- CPU_WriteMem(4 bytes @ 0xE000EDFC) -- CPU_ReadMem(4 bytes @ 0xE0001000) -- CPU_WriteMem(4 bytes @ 0xE000EDFC) -- CPU_WriteMem(16 bytes @ 0x20000000) -- CPU_WriteMem(4 bytes @ 0xE0002000) -- CPU_ReadMem(4 bytes @ 0xE000EDFC) -- CPU_ReadMem(4 bytes @ 0xE0001000) (0029ms, 82983ms total)
T15B0 1893:683 JLINK_JTAG_GetDeviceID(DeviceIndex = 0)  returns 0x4BA00477 (0000ms, 82983ms total)
T15B0 1893:683 JLINK_ReadMemU32(0x400E0740, 0x0001 Items, ...) -- CPU_ReadMem(4 bytes @ 0x400E0740) - Data: E0 0E A7 29  returns 0x01 (0001ms, 82984ms total)
T15B0 1893:684 JLINK_ReadMemU32(0x400E0744, 0x0001 Items, ...) -- CPU_ReadMem(4 bytes @ 0x400E0744) - Data: 00 00 00 00  returns 0x01 (0001ms, 82985ms total)
T15B0 1893:687 JLINK_BeginDownload(Flags = 0x00) (0000ms, 82985ms total)
T15B0 1893:687 JLINK_WriteMem(0x00400000, 0x4000 Bytes, ...) - Data: 58 3D 00 20 61 15 40 00 5D 15 40 00 5D 15 40 00 ...  returns 0x4000 (0001ms, 82986ms total)
T15B0 1893:688 JLINK_WriteMem(0x00404000, 0x1C06C Bytes, ...) - Data: 84 09 40 F0 0C 83 0C 9B 09 9A C2 EB 03 08 B8 F1 ...  returns 0x1C06C (0000ms, 82986ms total)
T15B0 1893:688 JLINK_WriteMem(0x0042006C, 0x0008 Bytes, ...) - Data: D0 78 FE 7F 01 00 00 00  returns 0x08 (0000ms, 82986ms total)
T15B0 1893:688 JLINK_WriteMem(0x00420074, 0x0894 Bytes, ...) - Data: 01 00 00 00 F0 00 00 00 40 01 00 00 00 00 20 00 ...  returns 0x894 (0000ms, 82986ms total)
T09E4 1893:693 JLINK_IsHalted()  returns TRUE (0000ms, 82986ms total)
T09E4 1893:693 JLINK_GetMOEs(...) -- CPU_ReadMem(4 bytes @ 0xE000ED30) -- CPU_WriteMem(4 bytes @ 0xE000ED30)  returns 0x01 (0002ms, 82988ms total)
T09E4 1893:695 JLINK_ReadReg(R15 (PC)) -- -------------------------------------- -- Start of determining dirty areas in flash cache -- End of determining dirty areas -- Start of preparing flash programming -- Calculating RAM usage -- RAM usage = 5956 Bytes -- Preserving registers -- Preparing memory -- Determining CPU clock frequency -- CPU clock frequency: 4024 kHz -- CPU frequency = 4024 kHz -- Preparing target -- Downloading RAMCode -- Using alternate TurboMode RAMCode -- Checking target RAM
 -- Preparing RAMCode -- End of preparing flash programmingCPU is running at low speed (4024 kHz). -- CPU is running at 4024 kHz. -- Start of comparing flash -- Read back was estimated as fastest method -- Comparing range 0x400000 - 0x403FFF (32 Sectors, 16 KB), using multi-block CRC calculation -- CPU is running -- CPU_ReadMem(512 bytes @ 0x00400000) -- CPU is running -- CPU_ReadMem(512 bytes @ 0x00400200) -- CPU is running -- CPU_ReadMem(512 bytes @ 0x00400400) -- CPU is running
 -- CPU_ReadMem(512 bytes @ 0x00400600) -- CPU is running -- CPU_ReadMem(512 bytes @ 0x00400800) -- CPU is running -- CPU_ReadMem(512 bytes @ 0x00400A00) -- CPU is running -- CPU_ReadMem(512 bytes @ 0x00400C00) -- CPU is running -- CPU_ReadMem(512 bytes @ 0x00400E00) -- CPU is running -- CPU_ReadMem(512 bytes @ 0x00401000) -- CPU is running -- CPU_ReadMem(512 bytes @ 0x00401200) -- CPU is running -- CPU_ReadMem(512 bytes @ 0x00401400) -- CPU is running -- CPU_ReadMem(512 bytes @ 0x00401600)
 -- CPU is running -- CPU_ReadMem(512 bytes @ 0x00401800) -- CPU is running -- CPU_ReadMem(512 bytes @ 0x00401A00) -- CPU is running -- CPU_ReadMem(512 bytes @ 0x00401C00) -- CPU is running -- CPU_ReadMem(512 bytes @ 0x00401E00) -- CPU is running -- CPU_ReadMem(512 bytes @ 0x00402000) -- CPU is running -- CPU_ReadMem(512 bytes @ 0x00402200) -- CPU is running -- CPU_ReadMem(512 bytes @ 0x00402400) -- CPU is running -- CPU_ReadMem(512 bytes @ 0x00402600) -- CPU is running
 -- CPU_ReadMem(512 bytes @ 0x00402800) -- CPU is running -- CPU_ReadMem(512 bytes @ 0x00402A00) -- CPU is running -- CPU_ReadMem(512 bytes @ 0x00402C00) -- CPU is running -- CPU_ReadMem(512 bytes @ 0x00402E00) -- CPU is running -- CPU_ReadMem(512 bytes @ 0x00403000) -- CPU is running -- CPU_ReadMem(512 bytes @ 0x00403200) -- CPU is running -- CPU_ReadMem(512 bytes @ 0x00403400) -- CPU is running -- CPU_ReadMem(512 bytes @ 0x00403600) -- CPU is running -- CPU_ReadMem(512 bytes @ 0x00403800)
 -- CPU is running -- CPU_ReadMem(512 bytes @ 0x00403A00) -- CPU is running -- CPU_ReadMem(512 bytes @ 0x00403C00) -- CPU is running -- CPU_ReadMem(512 bytes @ 0x00403E00) -- CRC does not match for sectors 0-31 -- Comparing range 0x404000 - 0x413FFF (16 Sectors, 64 KB), using multi-block CRC calculation -- CPU is running -- CPU_ReadMem(4096 bytes @ 0x00404000) -- CPU is running -- CPU_ReadMem(4096 bytes @ 0x00405000) -- CPU is running -- CPU_ReadMem(4096 bytes @ 0x00406000) -- CPU is running
 -- CPU_ReadMem(4096 bytes @ 0x00407000) -- CPU is running -- CPU_ReadMem(4096 bytes @ 0x00408000) -- CPU is running -- CPU_ReadMem(4096 bytes @ 0x00409000) -- CPU is running -- CPU_ReadMem(4096 bytes @ 0x0040A000) -- CPU is running -- CPU_ReadMem(4096 bytes @ 0x0040B000) -- CPU is running -- CPU_ReadMem(4096 bytes @ 0x0040C000) -- CPU is running -- CPU_ReadMem(4096 bytes @ 0x0040D000) -- CPU is running -- CPU_ReadMem(4096 bytes @ 0x0040E000) -- CPU is running -- CPU_ReadMem(4096 bytes @ 0x0040F000)
 -- CPU is running -- CPU_ReadMem(4096 bytes @ 0x00410000) -- CPU is running -- CPU_ReadMem(4096 bytes @ 0x00411000) -- CPU is running -- CPU_ReadMem(4096 bytes @ 0x00412000) -- CPU is running -- CPU_ReadMem(4096 bytes @ 0x00413000) -- CRC does not match for sectors 0-15 -- Comparing range 0x414000 - 0x420FFF (13 Sectors, 52 KB), using multi-block CRC calculation -- CPU is running -- CPU_ReadMem(4096 bytes @ 0x00414000) -- CPU is running -- CPU_ReadMem(4096 bytes @ 0x00415000) -- CPU is running
 -- CPU_ReadMem(4096 bytes @ 0x00416000) -- CPU is running -- CPU_ReadMem(4096 bytes @ 0x00417000) -- CPU is running -- CPU_ReadMem(4096 bytes @ 0x00418000) -- CPU is running -- CPU_ReadMem(4096 bytes @ 0x00419000) -- CPU is running -- CPU_ReadMem(4096 bytes @ 0x0041A000) -- CPU is running -- CPU_ReadMem(4096 bytes @ 0x0041B000) -- CPU is running -- CPU_ReadMem(4096 bytes @ 0x0041C000) -- CPU is running -- CPU_ReadMem(4096 bytes @ 0x0041D000) -- CPU is running -- CPU_ReadMem(4096 bytes @ 0x0041E000)
 -- CPU is running -- CPU_ReadMem(4096 bytes @ 0x0041F000) -- CPU is running -- CPU_ReadMem(4096 bytes @ 0x00420000) -- CRC does not match for sectors 0-12 -- End of comparing flash -- Start of erasing sectors -- End of erasing sectors -- Start of flash programming -- Programming range 0x00400000 - 0x00403FFF (032 Sectors, 16 KB) -- Programming range 0x00404000 - 0x00407FFF (004 Sectors, 16 KB) -- Programming range 0x00408000 - 0x0040BFFF (004 Sectors, 16 KB)
 -- Programming range 0x0040C000 - 0x0040FFFF (004 Sectors, 16 KB) -- Programming range 0x00410000 - 0x00413FFF (004 Sectors, 16 KB) -- Programming range 0x00414000 - 0x00417FFF (004 Sectors, 16 KB) -- Programming range 0x00418000 - 0x0041BFFF (004 Sectors, 16 KB) -- Programming range 0x0041C000 - 0x0041FFFF (004 Sectors, 16 KB) -- Programming range 0x00420000 - 0x00420FFF (001 Sector, 4 KB) -- End of flash programming -- Flash programming performed for 2 ranges (135168 bytes)
 -- 0x400000 - 0x403FFF (032 Sectors, 16 KB) -- 0x404000 - 0x420FFF (029 Sectors, 116 KB) -- Start of verifying flash -- Checksum calculation was estimated as fastest method -- Checksum calculation was estimated as fastest method -- End of verifying flash -- Start of restoring -- Restore RAMCode -- Restore content of target memory -- Restore target -- Restore memory -- Restore content of registers -- End of restoring
 -- Total time needed: 2.362s (Prepare: 0.097s, Compare: 0.873s, Erase: 0.000s, Program: 1.297s, Verify: 0.086s, Restore: 0.006s)  returns 0xFFFFFFFE (2365ms, 85353ms total)
T0788 1896:114 JLINK_Halt()  returns 0x00 (0001ms, 85354ms total)
T0788 1896:115 JLINK_ReadReg(R15 (PC))  returns 0xFFFFFFFE (0001ms, 85355ms total)
T0788 1896:116 JLINK_ReadReg(R13 (SP))  returns 0xFFFFFFFC (0000ms, 85355ms total)
T0788 1896:142 JLINK_ReadReg(R0)  returns 0x400E1400 (0000ms, 85355ms total)
T0788 1896:142 JLINK_ReadReg(R1)  returns 0x40C00000 (0000ms, 85355ms total)
T0788 1896:142 JLINK_ReadReg(R2)  returns 0xA5000005 (0000ms, 85355ms total)
T0788 1896:142 JLINK_ReadReg(R3)  returns 0x20000000 (0000ms, 85355ms total)
T0788 1896:142 JLINK_ReadReg(R4)  returns 0x004012A9 (0000ms, 85355ms total)
T0788 1896:142 JLINK_ReadReg(R5)  returns 0x00000002 (0000ms, 85355ms total)
T0788 1896:142 JLINK_ReadReg(R6)  returns 0x00400E0D (0000ms, 85355ms total)
T0788 1896:142 JLINK_ReadReg(R7)  returns 0x00401085 (0000ms, 85355ms total)
T0788 1896:142 JLINK_ReadReg(R8)  returns 0x00982200 (0000ms, 85355ms total)
T0788 1896:142 JLINK_ReadReg(R9)  returns 0x21F05C8D (0000ms, 85355ms total)
T0788 1896:142 JLINK_ReadReg(R10)  returns 0x4003C000 (0000ms, 85355ms total)
T0788 1896:142 JLINK_ReadReg(R11)  returns 0xA871157C (0000ms, 85355ms total)
T0788 1896:142 JLINK_ReadReg(R12)  returns 0x353520A1 (0000ms, 85355ms total)
T0788 1896:142 JLINK_ReadReg(R13 (SP))  returns 0xFFFFFFFC (0000ms, 85355ms total)
T0788 1896:142 JLINK_ReadReg(R14)  returns 0xFFFFFFFF (0000ms, 85355ms total)
T0788 1896:142 JLINK_ReadReg(R15 (PC))  returns 0xFFFFFFFE (0000ms, 85355ms total)
T0788 1896:142 JLINK_ReadReg(XPSR)  returns 0x01000000 (0000ms, 85355ms total)
T0788 1896:142 JLINK_ReadReg(MSP)  returns 0xFFFFFFFC (0000ms, 85355ms total)
T0788 1896:142 JLINK_ReadReg(PSP)  returns 0x61200060 (0000ms, 85355ms total)
T0788 1896:142 JLINK_ReadReg(PRIMASK)  returns 0x00000000 (0000ms, 85355ms total)
T0788 1896:142 JLINK_ReadReg(BASEPRI)  returns 0x00000000 (0000ms, 85355ms total)
T0788 1896:142 JLINK_ReadReg(FAULTMASK)  returns 0x00000000 (0000ms, 85355ms total)
T0788 1896:142 JLINK_ReadReg(CONTROL)  returns 0x00000000 (0000ms, 85355ms total)
T0788 1896:163 JLINK_EndDownload()  returns 0x00 (0000ms, 85355ms total)
T0788 1896:163 JLINK_Reset() -- CPU_ReadMem(16 bytes @ 0x20000000) -- CPU_WriteMem(16 bytes @ 0x20000000) -- CPU_ReadMem(4 bytes @ 0xE000EDFC) -- CPU_WriteMem(4 bytes @ 0xE000EDFC) -- CPU_ReadMem(4 bytes @ 0xE0001000) -- CPU_WriteMem(4 bytes @ 0xE000EDFC) -- CPU_WriteMem(16 bytes @ 0x20000000) -- CPU_WriteMem(4 bytes @ 0xE0002000) -- CPU_ReadMem(4 bytes @ 0xE000EDFC) -- CPU_ReadMem(4 bytes @ 0xE0001000) (0030ms, 85385ms total)
T09E4 1896:193 JLINK_IsHalted()  returns TRUE (0000ms, 85385ms total)
T09E4 1896:193 JLINK_GetMOEs(...) -- CPU_ReadMem(4 bytes @ 0xE000ED30) -- CPU_WriteMem(4 bytes @ 0xE000ED30)  returns 0x01 (0002ms, 85387ms total)
T09E4 1896:195 JLINK_ReadReg(R15 (PC))  returns 0x00401560 (0000ms, 85387ms total)
T0788 1896:203 JLINK_ReadReg(R15 (PC))  returns 0x00401560 (0000ms, 85387ms total)
T0788 1896:203 JLINK_ReadReg(R13 (SP))  returns 0x20003D58 (0000ms, 85387ms total)
T0788 1896:211 JLINK_ReadMemHW(0x00401560, 0x0004 Bytes, ...) -- CPU_ReadMem(4 bytes @ 0x00401560) - Data: 08 B5 20 4B  returns 0x00 (0001ms, 85388ms total)
T0788 1896:242 JLINK_ReadMemHW(0x00401C10, 0x0001 Bytes, ...) -- CPU_ReadMem(1 bytes @ 0x00401C10) - Data: 80  returns 0x00 (0001ms, 85389ms total)
T0788 1896:283 JLINK_ReadReg(R15 (PC))  returns 0x00401560 (0000ms, 85389ms total)
T0788 1896:283 JLINK_GetNumBPUnits(Type = 0xFFFFFF02)  returns 0x06 (0000ms, 85389ms total)
T0788 1896:283 JLINK_SetBPEx(Addr = 0x00401C10, Type = 0xFFFFFF02)  returns 0x00000001 (0000ms, 85389ms total)
T0788 1896:283 JLINK_GetBPInfo(BPHandle = 1)  returns 0x00 (0000ms, 85389ms total)
T0788 1896:283 JLINK_Go() -- CPU_ReadMem(4 bytes @ 0xE0001000) -- CPU_WriteMem(4 bytes @ 0xE0002008) -- CPU_WriteMem(4 bytes @ 0xE000200C) -- CPU_WriteMem(4 bytes @ 0xE0002010) -- CPU_WriteMem(4 bytes @ 0xE0002014) -- CPU_WriteMem(4 bytes @ 0xE0002018) -- CPU_WriteMem(4 bytes @ 0xE000201C) -- CPU_WriteMem(4 bytes @ 0xE0001004) (0009ms, 85398ms total)
T09E4 1896:292 JLINK_IsHalted()  returns FALSE (0001ms, 85399ms total)
T09E4 1896:313 JLINK_IsHalted()  returns TRUE (0003ms, 85401ms total)
T09E4 1896:316 JLINK_GetMOEs(...) -- CPU_ReadMem(4 bytes @ 0xE000ED30) -- CPU_WriteMem(4 bytes @ 0xE000ED30)  returns 0x01 (0002ms, 85400ms total)
T09E4 1896:318 JLINK_ReadReg(R15 (PC))  returns 0x00401C10 (0000ms, 85400ms total)
T09E4 1896:318 JLINK_GetBPInfo(BPHandle = 1)  returns 0x00 (0000ms, 85400ms total)
T09E4 1896:318 JLINK_ClrBPEx(BPHandle = 0x00000001)  returns 0x00 (0000ms, 85400ms total)
T0788 1896:322 JLINK_ReadReg(R15 (PC))  returns 0x00401C10 (0000ms, 85400ms total)
T0788 1896:322 JLINK_ReadReg(R13 (SP))  returns 0x20003D50 (0000ms, 85400ms total)
T0788 1896:322 JLINK_ReadMemHW(0x00401C10, 0x0004 Bytes, ...) -- CPU_ReadMem(4 bytes @ 0x00401C10) - Data: 80 B5 82 B0  returns 0x00 (0001ms, 85401ms total)
T0788 1896:335 JLINK_ReadReg(R15 (PC))  returns 0x00401C10 (0000ms, 85401ms total)
T0788 1896:335 JLINK_Go() -- CPU_ReadMem(4 bytes @ 0xE0001000) -- CPU_WriteMem(4 bytes @ 0xE0002008) (0003ms, 85404ms total)
T09E4 1896:338 JLINK_IsHalted()  returns FALSE (0001ms, 85405ms total)
T09E4 1896:379 JLINK_IsHalted()  returns FALSE (0001ms, 85405ms total)
T09E4 1896:540 JLINK_IsHalted()  returns FALSE (0001ms, 85405ms total)
T09E4 1897:181 JLINK_IsHalted()  returns FALSE (0002ms, 85406ms total)
T09E4 1897:823 JLINK_IsHalted()  returns FALSE (0001ms, 85405ms total)
T09E4 1898:464 JLINK_IsHalted()  returns FALSE (0002ms, 85406ms total)
T09E4 1899:106 JLINK_IsHalted()  returns FALSE (0001ms, 85405ms total)
T09E4 1899:747 JLINK_IsHalted()  returns FALSE (0002ms, 85406ms total)
T09E4 1900:389 JLINK_IsHalted()  returns FALSE (0001ms, 85405ms total)
T09E4 1901:030 JLINK_IsHalted()  returns FALSE (0002ms, 85406ms total)
T09E4 1901:672 JLINK_IsHalted()  returns FALSE (0001ms, 85405ms total)
T09E4 1902:314 JLINK_IsHalted()  returns FALSE (0002ms, 85406ms total)
T09E4 1902:956 JLINK_IsHalted()  returns FALSE (0001ms, 85405ms total)
T09E4 1903:597 JLINK_IsHalted()  returns FALSE (0002ms, 85406ms total)
T09E4 1904:239 JLINK_IsHalted()  returns FALSE (0001ms, 85405ms total)
T09E4 1904:880 JLINK_IsHalted()  returns FALSE (0002ms, 85406ms total)
T09E4 1905:522 JLINK_IsHalted()  returns FALSE (0001ms, 85405ms total)
T09E4 1906:163 JLINK_IsHalted()  returns FALSE (0002ms, 85406ms total)
T09E4 1906:805 JLINK_IsHalted()  returns FALSE (0001ms, 85405ms total)
T09E4 1907:446 JLINK_IsHalted()  returns FALSE (0002ms, 85406ms total)
T09E4 1908:088 JLINK_IsHalted()  returns FALSE (0001ms, 85405ms total)
T09E4 1908:729 JLINK_IsHalted()  returns FALSE (0002ms, 85406ms total)
T09E4 1909:371 JLINK_IsHalted()  returns FALSE (0001ms, 85405ms total)
T09E4 1910:012 JLINK_IsHalted()  returns FALSE (0002ms, 85406ms total)
T09E4 1910:654 JLINK_IsHalted()  returns FALSE (0001ms, 85405ms total)
T09E4 1911:295 JLINK_IsHalted()  returns FALSE (0002ms, 85406ms total)
T09E4 1911:937 JLINK_IsHalted()  returns FALSE (0001ms, 85405ms total)
T09E4 1912:578 JLINK_IsHalted()  returns FALSE (0002ms, 85406ms total)
T09E4 1913:220 JLINK_IsHalted()  returns FALSE (0001ms, 85405ms total)
T09E4 1913:861 JLINK_IsHalted()  returns FALSE (0002ms, 85406ms total)
T09E4 1914:503 JLINK_IsHalted()  returns FALSE (0001ms, 85405ms total)
T09E4 1915:144 JLINK_IsHalted()  returns FALSE (0002ms, 85406ms total)
T09E4 1915:786 JLINK_IsHalted()  returns FALSE (0001ms, 85405ms total)
T09E4 1916:427 JLINK_IsHalted()  returns FALSE (0002ms, 85406ms total)
T09E4 1917:069 JLINK_IsHalted()  returns FALSE (0001ms, 85405ms total)
T09E4 1917:710 JLINK_IsHalted()  returns FALSE (0002ms, 85406ms total)
T09E4 1918:352 JLINK_IsHalted()  returns FALSE (0001ms, 85405ms total)
T09E4 1918:993 JLINK_IsHalted()  returns FALSE (0002ms, 85406ms total)
T09E4 1919:635 JLINK_IsHalted()  returns FALSE (0001ms, 85405ms total)
T09E4 1920:277 JLINK_IsHalted()  returns FALSE (0002ms, 85406ms total)
T09E4 1920:919 JLINK_IsHalted()  returns FALSE (0001ms, 85405ms total)
T09E4 1921:560 JLINK_IsHalted()  returns FALSE (0002ms, 85406ms total)
T09E4 1922:202 JLINK_IsHalted()  returns FALSE (0001ms, 85405ms total)
T09E4 1922:843 JLINK_IsHalted()  returns FALSE (0002ms, 85406ms total)
T09E4 1923:485 JLINK_IsHalted()  returns FALSE (0001ms, 85405ms total)
T09E4 1924:126 JLINK_IsHalted()  returns FALSE (0002ms, 85406ms total)
T09E4 1924:768 JLINK_IsHalted()  returns FALSE (0001ms, 85405ms total)
T09E4 1925:409 JLINK_IsHalted()  returns FALSE (0002ms, 85406ms total)
T09E4 1926:051 JLINK_IsHalted()  returns FALSE (0001ms, 85405ms total)
T09E4 1926:692 JLINK_IsHalted()  returns FALSE (0002ms, 85406ms total)
T09E4 1927:334 JLINK_IsHalted()  returns FALSE (0001ms, 85405ms total)
T09E4 1927:975 JLINK_IsHalted()  returns FALSE (0002ms, 85406ms total)
T09E4 1928:617 JLINK_IsHalted()  returns FALSE (0001ms, 85405ms total)
T09E4 1929:258 JLINK_IsHalted()  returns FALSE (0002ms, 85406ms total)
T09E4 1929:900 JLINK_IsHalted()  returns FALSE (0001ms, 85405ms total)
T09E4 1930:541 JLINK_IsHalted()  returns FALSE (0002ms, 85406ms total)
T09E4 1931:183 JLINK_IsHalted()  returns FALSE (0001ms, 85405ms total)
T09E4 1931:824 JLINK_IsHalted()  returns FALSE (0002ms, 85406ms total)
T09E4 1932:466 JLINK_IsHalted()  returns FALSE (0001ms, 85405ms total)
T09E4 1933:107 JLINK_IsHalted()  returns FALSE (0002ms, 85406ms total)
T09E4 1933:749 JLINK_IsHalted()  returns FALSE (0001ms, 85405ms total)
T09E4 1934:390 JLINK_IsHalted()  returns FALSE (0002ms, 85406ms total)
T09E4 1935:032 JLINK_IsHalted()  returns FALSE (0001ms, 85405ms total)
T09E4 1935:673 JLINK_IsHalted()  returns FALSE (0002ms, 85406ms total)
T09E4 1936:315 JLINK_IsHalted()  returns FALSE (0001ms, 85405ms total)
T09E4 1936:956 JLINK_IsHalted()  returns FALSE (0002ms, 85406ms total)
T09E4 1937:599 JLINK_IsHalted()  returns FALSE (0001ms, 85405ms total)
T09E4 1938:240 JLINK_IsHalted()  returns FALSE (0002ms, 85406ms total)
T09E4 1938:882 JLINK_IsHalted()  returns FALSE (0001ms, 85405ms total)
T09E4 1939:523 JLINK_IsHalted()  returns FALSE (0002ms, 85406ms total)
T09E4 1940:165 JLINK_IsHalted()  returns FALSE (0001ms, 85405ms total)
T09E4 1940:806 JLINK_IsHalted()  returns FALSE (0002ms, 85406ms total)
T09E4 1941:448 JLINK_IsHalted()  returns FALSE (0001ms, 85405ms total)
T09E4 1942:089 JLINK_IsHalted()  returns FALSE (0002ms, 85406ms total)
T09E4 1942:731 JLINK_IsHalted()  returns FALSE (0001ms, 85405ms total)
T09E4 1943:372 JLINK_IsHalted()  returns FALSE (0002ms, 85406ms total)
T09E4 1944:014 JLINK_IsHalted()  returns FALSE (0001ms, 85405ms total)
T09E4 1944:655 JLINK_IsHalted()  returns FALSE (0002ms, 85406ms total)
T09E4 1945:297 JLINK_IsHalted()  returns FALSE (0001ms, 85405ms total)
T09E4 1945:938 JLINK_IsHalted()  returns FALSE (0002ms, 85406ms total)
T09E4 1946:580 JLINK_IsHalted()  returns FALSE (0001ms, 85405ms total)
T09E4 1947:221 JLINK_IsHalted()  returns FALSE (0002ms, 85406ms total)
T09E4 1947:863 JLINK_IsHalted()  returns FALSE (0001ms, 85405ms total)
T09E4 1948:504 JLINK_IsHalted()  returns FALSE (0002ms, 85406ms total)
T09E4 1949:146 JLINK_IsHalted()  returns FALSE (0001ms, 85405ms total)
T09E4 1949:787 JLINK_IsHalted()  returns FALSE (0002ms, 85406ms total)
T09E4 1950:429 JLINK_IsHalted()  returns FALSE (0001ms, 85405ms total)
T09E4 1951:070 JLINK_IsHalted()  returns FALSE (0002ms, 85406ms total)
T09E4 1951:712 JLINK_IsHalted()  returns FALSE (0001ms, 85405ms total)
T09E4 1952:353 JLINK_IsHalted()  returns FALSE (0002ms, 85406ms total)
T09E4 1952:995 JLINK_IsHalted()  returns ERROR (0001ms, 85405ms total)
T09E4 1952:996 JLINK_ExecCommand("ProjectFile = T:\pasta2\entregas\15-DAC\LCD-Desenhos\jlink.config", ...)  returns 0x00 (0000ms, 85404ms total)
T09E4 1953:004 JLINK_ExecCommand("Device = AT91SAM4SD32C", ...)Device "ATSAM4SD32C" selected.  returns 0x00 (0000ms, 85404ms total)
T09E4 1953:004 JLINK_TIF_Select(JLINKARM_TIF_JTAG)  returns 0x00 (0000ms, 85404ms total)
T09E4 1953:004 JLINK_GetIdData(...) ScanLen=4 NumDevices=1 aId[0]=0x4BA00477 aIrRead[0]=0 aScanLen[0]=0 aScanRead[0]=0 (0000ms, 85404ms total)
T09E4 1953:004 JLINK_ConfigJTAG(IRPre = 0, DRPre = 0) (0000ms, 85404ms total)
T09E4 1953:004 JLINK_SetSpeed(4000) (0000ms, 85404ms total)
T09E4 1953:005 JLINK_ResetPullsRESET(OFF) (0000ms, 85405ms total)
T09E4 1953:005 JLINK_Connect()  returns 0xFFFFFEFD (0001ms, 85406ms total)
T09E4 1954:287 JLINK_ExecCommand("ProjectFile = T:\pasta2\entregas\15-DAC\LCD-Desenhos\jlink.config", ...)  returns 0x00 (0000ms, 85406ms total)
T09E4 1954:295 JLINK_ExecCommand("Device = AT91SAM4SD32C", ...)Device "ATSAM4SD32C" selected.  returns 0x00 (0000ms, 85406ms total)
T09E4 1954:295 JLINK_TIF_Select(JLINKARM_TIF_JTAG)  returns 0x00 (0000ms, 85406ms total)
T09E4 1954:295 JLINK_GetIdData(...) (0002ms, 85408ms total)
T09E4 1954:297 JLINK_ConfigJTAG(IRPre = 0, DRPre = 0) (0000ms, 85408ms total)
T09E4 1954:297 JLINK_SetSpeed(4000) (0001ms, 85409ms total)
T09E4 1954:298 JLINK_ResetPullsRESET(OFF) (0000ms, 85409ms total)
T09E4 1954:298 JLINK_Connect()  returns 0xFFFFFEFD (0002ms, 85411ms total)
T09E4 1956:861 JLINK_ExecCommand("ProjectFile = T:\pasta2\entregas\15-DAC\LCD-Desenhos\jlink.config", ...)  returns 0x00 (0000ms, 85411ms total)
T09E4 1956:868 JLINK_ExecCommand("Device = AT91SAM4SD32C", ...)Device "ATSAM4SD32C" selected.  returns 0x00 (0001ms, 85412ms total)
T09E4 1956:869 JLINK_TIF_Select(JLINKARM_TIF_JTAG)  returns 0x00 (0000ms, 85412ms total)
T09E4 1956:869 JLINK_GetIdData(...) (0002ms, 85414ms total)
T09E4 1956:871 JLINK_ConfigJTAG(IRPre = 0, DRPre = 0) (0000ms, 85414ms total)
T09E4 1956:871 JLINK_SetSpeed(4000) (0001ms, 85415ms total)
T09E4 1956:872 JLINK_ResetPullsRESET(OFF) (0000ms, 85415ms total)
T09E4 1956:872 JLINK_Connect()  returns 0xFFFFFEFD (0002ms, 85417ms total)
T09E4 1961:994 JLINK_ExecCommand("ProjectFile = T:\pasta2\entregas\15-DAC\LCD-Desenhos\jlink.config", ...)  returns 0x00 (0000ms, 85417ms total)
T09E4 1962:002 JLINK_ExecCommand("Device = AT91SAM4SD32C", ...)Device "ATSAM4SD32C" selected.  returns 0x00 (0000ms, 85417ms total)
T09E4 1962:002 JLINK_TIF_Select(JLINKARM_TIF_JTAG)  returns 0x00 (0000ms, 85417ms total)
T09E4 1962:002 JLINK_GetIdData(...) (0002ms, 85419ms total)
T09E4 1962:004 JLINK_ConfigJTAG(IRPre = 0, DRPre = 0) (0000ms, 85419ms total)
T09E4 1962:004 JLINK_SetSpeed(4000) (0001ms, 85420ms total)
T09E4 1962:005 JLINK_ResetPullsRESET(OFF) (0000ms, 85420ms total)
T09E4 1962:005 JLINK_Connect()  returns 0xFFFFFEFD (0002ms, 85422ms total)
T09E4 1972:248 JLINK_ExecCommand("ProjectFile = T:\pasta2\entregas\15-DAC\LCD-Desenhos\jlink.config", ...)  returns 0x00 (0000ms, 85422ms total)
T09E4 1972:256 JLINK_ExecCommand("Device = AT91SAM4SD32C", ...)Device "ATSAM4SD32C" selected.  returns 0x00 (0001ms, 85423ms total)
T09E4 1972:257 JLINK_TIF_Select(JLINKARM_TIF_JTAG)  returns 0x00 (0000ms, 85423ms total)
T09E4 1972:257 JLINK_GetIdData(...) (0002ms, 85425ms total)
T09E4 1972:259 JLINK_ConfigJTAG(IRPre = 0, DRPre = 0) (0000ms, 85425ms total)
T09E4 1972:259 JLINK_SetSpeed(4000) (0001ms, 85426ms total)
T09E4 1972:260 JLINK_ResetPullsRESET(OFF) (0000ms, 85426ms total)
T09E4 1972:260 JLINK_Connect()  returns 0xFFFFFEFD (0002ms, 85428ms total)
T09E4 1992:742 JLINK_ExecCommand("ProjectFile = T:\pasta2\entregas\15-DAC\LCD-Desenhos\jlink.config", ...)  returns 0x00 (0000ms, 85428ms total)
T09E4 1992:749 JLINK_ExecCommand("Device = AT91SAM4SD32C", ...)Device "ATSAM4SD32C" selected.  returns 0x00 (0001ms, 85429ms total)
T09E4 1992:750 JLINK_TIF_Select(JLINKARM_TIF_JTAG)  returns 0x00 (0000ms, 85429ms total)
T09E4 1992:750 JLINK_GetIdData(...) (0002ms, 85431ms total)
T09E4 1992:752 JLINK_ConfigJTAG(IRPre = 0, DRPre = 0) (0000ms, 85431ms total)
T09E4 1992:752 JLINK_SetSpeed(4000) (0001ms, 85432ms total)
T09E4 1992:753 JLINK_ResetPullsRESET(OFF) (0000ms, 85432ms total)
T09E4 1992:753 JLINK_Connect()  returns 0xFFFFFEFD (0002ms, 85434ms total)
T09E4 2033:715 JLINK_ExecCommand("ProjectFile = T:\pasta2\entregas\15-DAC\LCD-Desenhos\jlink.config", ...)  returns 0x00 (0000ms, 85434ms total)
T09E4 2033:723 JLINK_ExecCommand("Device = AT91SAM4SD32C", ...)Device "ATSAM4SD32C" selected.  returns 0x00 (0000ms, 85434ms total)
T09E4 2033:723 JLINK_TIF_Select(JLINKARM_TIF_JTAG)  returns 0x00 (0000ms, 85434ms total)
T09E4 2033:723 JLINK_GetIdData(...) (0002ms, 85436ms total)
T09E4 2033:725 JLINK_ConfigJTAG(IRPre = 0, DRPre = 0) (0000ms, 85436ms total)
T09E4 2033:725 JLINK_SetSpeed(4000) (0001ms, 85437ms total)
T09E4 2033:726 JLINK_ResetPullsRESET(OFF) (0000ms, 85437ms total)
T09E4 2033:726 JLINK_Connect()  returns 0xFFFFFEFD (0002ms, 85439ms total)
